2017/10/07 12:02:36 [error] [exception.CHttpException.404] CHttpException: Unable to resolve the request "pegawai". in /var/www/yii/framework/web/CWebApplication.php:286
Stack trace:
#0 /var/www/yii/framework/web/CWebApplication.php(141): CWebApplication->runController('pegawai')
#1 /var/www/yii/framework/base/CApplication.php(185): CWebApplication->processRequest()
#2 /var/www/yii/testdrive/index.php(13): CApplication->run()
#3 {main}
REQUEST_URI=/yii/testdrive/index.php?r=pegawai
---
2017/10/07 12:04:05 [error] [system.db.CDbCommand] CDbCommand::execute() failed: SQLSTATE[22007]: Invalid datetime format: 7 ERROR:  invalid input syntax for type timestamp: ""
LINE 1: ...hp", "jam_jaga") VALUES ('bambang', 'haha', 92032323232, '')
                                                                    ^. The SQL statement executed was: INSERT INTO "petugas" ("nama_petugas", "alamat_petugas", "no_hp", "jam_jaga") VALUES (:yp0, :yp1, :yp2, :yp3).
in /var/www/yii/testdrive/protected/controllers/PetugasController.php (73)
in /var/www/yii/testdrive/index.php (13)
2017/10/07 12:04:05 [error] [exception.CDbException] CDbException: CDbCommand failed to execute the SQL statement: SQLSTATE[22007]: Invalid datetime format: 7 ERROR:  invalid input syntax for type timestamp: ""
LINE 1: ...hp", "jam_jaga") VALUES ('bambang', 'haha', 92032323232, '')
                                                                    ^. The SQL statement executed was: INSERT INTO "petugas" ("nama_petugas", "alamat_petugas", "no_hp", "jam_jaga") VALUES (:yp0, :yp1, :yp2, :yp3) in /var/www/yii/framework/db/CDbCommand.php:358
Stack trace:
#0 /var/www/yii/framework/db/ar/CActiveRecord.php(1083): CDbCommand->execute()
#1 /var/www/yii/framework/db/ar/CActiveRecord.php(811): CActiveRecord->insert(NULL)
#2 /var/www/yii/testdrive/protected/controllers/PetugasController.php(73): CActiveRecord->save()
#3 /var/www/yii/framework/web/actions/CInlineAction.php(49): PetugasController->actionCreate()
#4 /var/www/yii/framework/web/CController.php(308): CInlineAction->runWithParams(Array)
#5 /var/www/yii/framework/web/filters/CFilterChain.php(134): CController->runAction(Object(CInlineAction))
#6 /var/www/yii/framework/web/filters/CFilter.php(40): CFilterChain->run()
#7 /var/www/yii/framework/web/CController.php(1148): CFilter->filter(Object(CFilterChain))
#8 /var/www/yii/framework/web/filters/CInlineFilter.php(58): CController->filterAccessControl(Object(CFilterChain))
#9 /var/www/yii/framework/web/filters/CFilterChain.php(131): CInlineFilter->filter(Object(CFilterChain))
#10 /var/www/yii/framework/web/CController.php(291): CFilterChain->run()
#11 /var/www/yii/framework/web/CController.php(265): CController->runActionWithFilters(Object(CInlineAction), Array)
#12 /var/www/yii/framework/web/CWebApplication.php(282): CController->run('create')
#13 /var/www/yii/framework/web/CWebApplication.php(141): CWebApplication->runController('petugas/create')
#14 /var/www/yii/framework/base/CApplication.php(185): CWebApplication->processRequest()
#15 /var/www/yii/testdrive/index.php(13): CApplication->run()
#16 {main}
REQUEST_URI=/yii/testdrive/index.php?r=petugas/create
HTTP_REFERER=http://localhost/yii/testdrive/index.php?r=petugas/create
---
2017/10/07 12:04:32 [error] [system.db.CDbCommand] CDbCommand::execute() failed: SQLSTATE[22003]: Numeric value out of range: 7 ERROR:  integer out of range. The SQL statement executed was: INSERT INTO "petugas" ("nama_petugas", "alamat_petugas", "no_hp", "jam_jaga") VALUES (:yp0, :yp1, :yp2, :yp3).
in /var/www/yii/testdrive/protected/controllers/PetugasController.php (73)
in /var/www/yii/testdrive/index.php (13)
2017/10/07 12:04:32 [error] [exception.CDbException] CDbException: CDbCommand failed to execute the SQL statement: SQLSTATE[22003]: Numeric value out of range: 7 ERROR:  integer out of range. The SQL statement executed was: INSERT INTO "petugas" ("nama_petugas", "alamat_petugas", "no_hp", "jam_jaga") VALUES (:yp0, :yp1, :yp2, :yp3) in /var/www/yii/framework/db/CDbCommand.php:358
Stack trace:
#0 /var/www/yii/framework/db/ar/CActiveRecord.php(1083): CDbCommand->execute()
#1 /var/www/yii/framework/db/ar/CActiveRecord.php(811): CActiveRecord->insert(NULL)
#2 /var/www/yii/testdrive/protected/controllers/PetugasController.php(73): CActiveRecord->save()
#3 /var/www/yii/framework/web/actions/CInlineAction.php(49): PetugasController->actionCreate()
#4 /var/www/yii/framework/web/CController.php(308): CInlineAction->runWithParams(Array)
#5 /var/www/yii/framework/web/filters/CFilterChain.php(134): CController->runAction(Object(CInlineAction))
#6 /var/www/yii/framework/web/filters/CFilter.php(40): CFilterChain->run()
#7 /var/www/yii/framework/web/CController.php(1148): CFilter->filter(Object(CFilterChain))
#8 /var/www/yii/framework/web/filters/CInlineFilter.php(58): CController->filterAccessControl(Object(CFilterChain))
#9 /var/www/yii/framework/web/filters/CFilterChain.php(131): CInlineFilter->filter(Object(CFilterChain))
#10 /var/www/yii/framework/web/CController.php(291): CFilterChain->run()
#11 /var/www/yii/framework/web/CController.php(265): CController->runActionWithFilters(Object(CInlineAction), Array)
#12 /var/www/yii/framework/web/CWebApplication.php(282): CController->run('create')
#13 /var/www/yii/framework/web/CWebApplication.php(141): CWebApplication->runController('petugas/create')
#14 /var/www/yii/framework/base/CApplication.php(185): CWebApplication->processRequest()
#15 /var/www/yii/testdrive/index.php(13): CApplication->run()
#16 {main}
REQUEST_URI=/yii/testdrive/index.php?r=petugas/create
HTTP_REFERER=http://localhost/yii/testdrive/index.php?r=petugas/create
---
2017/10/07 12:05:17 [error] [system.db.CDbCommand] CDbCommand::execute() failed: SQLSTATE[22003]: Numeric value out of range: 7 ERROR:  integer out of range. The SQL statement executed was: INSERT INTO "petugas" ("nama_petugas", "alamat_petugas", "no_hp", "jam_jaga") VALUES (:yp0, :yp1, :yp2, :yp3).
in /var/www/yii/testdrive/protected/controllers/PetugasController.php (73)
in /var/www/yii/testdrive/index.php (13)
2017/10/07 12:05:17 [error] [exception.CDbException] CDbException: CDbCommand failed to execute the SQL statement: SQLSTATE[22003]: Numeric value out of range: 7 ERROR:  integer out of range. The SQL statement executed was: INSERT INTO "petugas" ("nama_petugas", "alamat_petugas", "no_hp", "jam_jaga") VALUES (:yp0, :yp1, :yp2, :yp3) in /var/www/yii/framework/db/CDbCommand.php:358
Stack trace:
#0 /var/www/yii/framework/db/ar/CActiveRecord.php(1083): CDbCommand->execute()
#1 /var/www/yii/framework/db/ar/CActiveRecord.php(811): CActiveRecord->insert(NULL)
#2 /var/www/yii/testdrive/protected/controllers/PetugasController.php(73): CActiveRecord->save()
#3 /var/www/yii/framework/web/actions/CInlineAction.php(49): PetugasController->actionCreate()
#4 /var/www/yii/framework/web/CController.php(308): CInlineAction->runWithParams(Array)
#5 /var/www/yii/framework/web/filters/CFilterChain.php(134): CController->runAction(Object(CInlineAction))
#6 /var/www/yii/framework/web/filters/CFilter.php(40): CFilterChain->run()
#7 /var/www/yii/framework/web/CController.php(1148): CFilter->filter(Object(CFilterChain))
#8 /var/www/yii/framework/web/filters/CInlineFilter.php(58): CController->filterAccessControl(Object(CFilterChain))
#9 /var/www/yii/framework/web/filters/CFilterChain.php(131): CInlineFilter->filter(Object(CFilterChain))
#10 /var/www/yii/framework/web/CController.php(291): CFilterChain->run()
#11 /var/www/yii/framework/web/CController.php(265): CController->runActionWithFilters(Object(CInlineAction), Array)
#12 /var/www/yii/framework/web/CWebApplication.php(282): CController->run('create')
#13 /var/www/yii/framework/web/CWebApplication.php(141): CWebApplication->runController('petugas/create')
#14 /var/www/yii/framework/base/CApplication.php(185): CWebApplication->processRequest()
#15 /var/www/yii/testdrive/index.php(13): CApplication->run()
#16 {main}
REQUEST_URI=/yii/testdrive/index.php?r=petugas/create
HTTP_REFERER=http://localhost/yii/testdrive/index.php?r=petugas/create
---
2017/10/07 12:05:30 [error] [system.db.CDbCommand] CDbCommand::execute() failed: SQLSTATE[22003]: Numeric value out of range: 7 ERROR:  integer out of range. The SQL statement executed was: INSERT INTO "petugas" ("nama_petugas", "alamat_petugas", "no_hp", "jam_jaga") VALUES (:yp0, :yp1, :yp2, :yp3).
in /var/www/yii/testdrive/protected/controllers/PetugasController.php (73)
in /var/www/yii/testdrive/index.php (13)
2017/10/07 12:05:30 [error] [exception.CDbException] CDbException: CDbCommand failed to execute the SQL statement: SQLSTATE[22003]: Numeric value out of range: 7 ERROR:  integer out of range. The SQL statement executed was: INSERT INTO "petugas" ("nama_petugas", "alamat_petugas", "no_hp", "jam_jaga") VALUES (:yp0, :yp1, :yp2, :yp3) in /var/www/yii/framework/db/CDbCommand.php:358
Stack trace:
#0 /var/www/yii/framework/db/ar/CActiveRecord.php(1083): CDbCommand->execute()
#1 /var/www/yii/framework/db/ar/CActiveRecord.php(811): CActiveRecord->insert(NULL)
#2 /var/www/yii/testdrive/protected/controllers/PetugasController.php(73): CActiveRecord->save()
#3 /var/www/yii/framework/web/actions/CInlineAction.php(49): PetugasController->actionCreate()
#4 /var/www/yii/framework/web/CController.php(308): CInlineAction->runWithParams(Array)
#5 /var/www/yii/framework/web/filters/CFilterChain.php(134): CController->runAction(Object(CInlineAction))
#6 /var/www/yii/framework/web/filters/CFilter.php(40): CFilterChain->run()
#7 /var/www/yii/framework/web/CController.php(1148): CFilter->filter(Object(CFilterChain))
#8 /var/www/yii/framework/web/filters/CInlineFilter.php(58): CController->filterAccessControl(Object(CFilterChain))
#9 /var/www/yii/framework/web/filters/CFilterChain.php(131): CInlineFilter->filter(Object(CFilterChain))
#10 /var/www/yii/framework/web/CController.php(291): CFilterChain->run()
#11 /var/www/yii/framework/web/CController.php(265): CController->runActionWithFilters(Object(CInlineAction), Array)
#12 /var/www/yii/framework/web/CWebApplication.php(282): CController->run('create')
#13 /var/www/yii/framework/web/CWebApplication.php(141): CWebApplication->runController('petugas/create')
#14 /var/www/yii/framework/base/CApplication.php(185): CWebApplication->processRequest()
#15 /var/www/yii/testdrive/index.php(13): CApplication->run()
#16 {main}
REQUEST_URI=/yii/testdrive/index.php?r=petugas/create
HTTP_REFERER=http://localhost/yii/testdrive/index.php?r=petugas/create
---
2017/10/07 12:05:54 [error] [system.db.CDbCommand] CDbCommand::execute() failed: SQLSTATE[22003]: Numeric value out of range: 7 ERROR:  integer out of range. The SQL statement executed was: INSERT INTO "petugas" ("nama_petugas", "alamat_petugas", "no_hp", "jam_jaga") VALUES (:yp0, :yp1, :yp2, :yp3).
in /var/www/yii/testdrive/protected/controllers/PetugasController.php (73)
in /var/www/yii/testdrive/index.php (13)
2017/10/07 12:05:54 [error] [exception.CDbException] CDbException: CDbCommand failed to execute the SQL statement: SQLSTATE[22003]: Numeric value out of range: 7 ERROR:  integer out of range. The SQL statement executed was: INSERT INTO "petugas" ("nama_petugas", "alamat_petugas", "no_hp", "jam_jaga") VALUES (:yp0, :yp1, :yp2, :yp3) in /var/www/yii/framework/db/CDbCommand.php:358
Stack trace:
#0 /var/www/yii/framework/db/ar/CActiveRecord.php(1083): CDbCommand->execute()
#1 /var/www/yii/framework/db/ar/CActiveRecord.php(811): CActiveRecord->insert(NULL)
#2 /var/www/yii/testdrive/protected/controllers/PetugasController.php(73): CActiveRecord->save()
#3 /var/www/yii/framework/web/actions/CInlineAction.php(49): PetugasController->actionCreate()
#4 /var/www/yii/framework/web/CController.php(308): CInlineAction->runWithParams(Array)
#5 /var/www/yii/framework/web/filters/CFilterChain.php(134): CController->runAction(Object(CInlineAction))
#6 /var/www/yii/framework/web/filters/CFilter.php(40): CFilterChain->run()
#7 /var/www/yii/framework/web/CController.php(1148): CFilter->filter(Object(CFilterChain))
#8 /var/www/yii/framework/web/filters/CInlineFilter.php(58): CController->filterAccessControl(Object(CFilterChain))
#9 /var/www/yii/framework/web/filters/CFilterChain.php(131): CInlineFilter->filter(Object(CFilterChain))
#10 /var/www/yii/framework/web/CController.php(291): CFilterChain->run()
#11 /var/www/yii/framework/web/CController.php(265): CController->runActionWithFilters(Object(CInlineAction), Array)
#12 /var/www/yii/framework/web/CWebApplication.php(282): CController->run('create')
#13 /var/www/yii/framework/web/CWebApplication.php(141): CWebApplication->runController('petugas/create')
#14 /var/www/yii/framework/base/CApplication.php(185): CWebApplication->processRequest()
#15 /var/www/yii/testdrive/index.php(13): CApplication->run()
#16 {main}
REQUEST_URI=/yii/testdrive/index.php?r=petugas/create
HTTP_REFERER=http://localhost/yii/testdrive/index.php?r=petugas/create
---
2017/10/07 14:25:52 [error] [exception.ParseError] ParseError: syntax error, unexpected '(', expecting identifier (T_STRING) or variable (T_VARIABLE) or '{' or '$' in /var/www/yii1-dev/testdrive/protected/controllers/TesController.php:10
Stack trace:
#0 /var/www/yii1-dev/framework/web/CWebApplication.php(276): CWebApplication->createController('')
#1 /var/www/yii1-dev/framework/web/CWebApplication.php(141): CWebApplication->runController('tes')
#2 /var/www/yii1-dev/framework/base/CApplication.php(185): CWebApplication->processRequest()
#3 /var/www/yii1-dev/testdrive/index.php(13): CApplication->run()
#4 {main}
REQUEST_URI=/yii1-dev/testdrive/index.php?r=tes
---
2017/10/07 14:27:13 [error] [exception.ParseError] ParseError: syntax error, unexpected '(', expecting identifier (T_STRING) or variable (T_VARIABLE) or '{' or '$' in /var/www/yii1-dev/testdrive/protected/controllers/TesController.php:10
Stack trace:
#0 /var/www/yii1-dev/framework/web/CWebApplication.php(276): CWebApplication->createController('')
#1 /var/www/yii1-dev/framework/web/CWebApplication.php(141): CWebApplication->runController('tes')
#2 /var/www/yii1-dev/framework/base/CApplication.php(185): CWebApplication->processRequest()
#3 /var/www/yii1-dev/testdrive/index.php(13): CApplication->run()
#4 {main}
REQUEST_URI=/yii1-dev/testdrive/index.php?r=tes
---
2017/10/07 14:27:16 [error] [exception.ParseError] ParseError: syntax error, unexpected '(', expecting identifier (T_STRING) or variable (T_VARIABLE) or '{' or '$' in /var/www/yii1-dev/testdrive/protected/controllers/TesController.php:10
Stack trace:
#0 /var/www/yii1-dev/framework/web/CWebApplication.php(276): CWebApplication->createController('')
#1 /var/www/yii1-dev/framework/web/CWebApplication.php(141): CWebApplication->runController('tes')
#2 /var/www/yii1-dev/framework/base/CApplication.php(185): CWebApplication->processRequest()
#3 /var/www/yii1-dev/testdrive/index.php(13): CApplication->run()
#4 {main}
REQUEST_URI=/yii1-dev/testdrive/index.php?r=tes
---
2017/10/07 14:27:44 [error] [exception.CException] CException: TesController cannot find the requested view "tesview". in /var/www/yii1-dev/framework/web/CController.php:881
Stack trace:
#0 /var/www/yii1-dev/framework/web/CController.php(785): CController->renderPartial('tesview', NULL, true)
#1 /var/www/yii1-dev/testdrive/protected/controllers/TesController.php(10): CController->render('tesview')
#2 /var/www/yii1-dev/framework/web/actions/CInlineAction.php(49): TesController->actionIndex()
#3 /var/www/yii1-dev/framework/web/CController.php(308): CInlineAction->runWithParams(Array)
#4 /var/www/yii1-dev/framework/web/CController.php(286): CController->runAction(Object(CInlineAction))
#5 /var/www/yii1-dev/framework/web/CController.php(265): CController->runActionWithFilters(Object(CInlineAction), Array)
#6 /var/www/yii1-dev/framework/web/CWebApplication.php(282): CController->run('')
#7 /var/www/yii1-dev/framework/web/CWebApplication.php(141): CWebApplication->runController('tes')
#8 /var/www/yii1-dev/framework/base/CApplication.php(185): CWebApplication->processRequest()
#9 /var/www/yii1-dev/testdrive/index.php(13): CApplication->run()
#10 {main}
REQUEST_URI=/yii1-dev/testdrive/index.php?r=tes
---
2017/10/07 14:28:33 [error] [exception.CException] CException: TesController cannot find the requested view "tesview". in /var/www/yii1-dev/framework/web/CController.php:881
Stack trace:
#0 /var/www/yii1-dev/framework/web/CController.php(785): CController->renderPartial('tesview', NULL, true)
#1 /var/www/yii1-dev/testdrive/protected/controllers/TesController.php(10): CController->render('tesview')
#2 /var/www/yii1-dev/framework/web/actions/CInlineAction.php(49): TesController->actionIndex()
#3 /var/www/yii1-dev/framework/web/CController.php(308): CInlineAction->runWithParams(Array)
#4 /var/www/yii1-dev/framework/web/CController.php(286): CController->runAction(Object(CInlineAction))
#5 /var/www/yii1-dev/framework/web/CController.php(265): CController->runActionWithFilters(Object(CInlineAction), Array)
#6 /var/www/yii1-dev/framework/web/CWebApplication.php(282): CController->run('')
#7 /var/www/yii1-dev/framework/web/CWebApplication.php(141): CWebApplication->runController('tes')
#8 /var/www/yii1-dev/framework/base/CApplication.php(185): CWebApplication->processRequest()
#9 /var/www/yii1-dev/testdrive/index.php(13): CApplication->run()
#10 {main}
REQUEST_URI=/yii1-dev/testdrive/index.php?r=tes
---
2017/10/07 14:30:53 [error] [exception.CException] CException: TesController cannot find the requested view "tesview". in /var/www/yii1-dev/framework/web/CController.php:881
Stack trace:
#0 /var/www/yii1-dev/framework/web/CController.php(785): CController->renderPartial('tesview', NULL, true)
#1 /var/www/yii1-dev/testdrive/protected/controllers/TesController.php(10): CController->render('tesview')
#2 /var/www/yii1-dev/framework/web/actions/CInlineAction.php(49): TesController->actionIndex()
#3 /var/www/yii1-dev/framework/web/CController.php(308): CInlineAction->runWithParams(Array)
#4 /var/www/yii1-dev/framework/web/CController.php(286): CController->runAction(Object(CInlineAction))
#5 /var/www/yii1-dev/framework/web/CController.php(265): CController->runActionWithFilters(Object(CInlineAction), Array)
#6 /var/www/yii1-dev/framework/web/CWebApplication.php(282): CController->run('')
#7 /var/www/yii1-dev/framework/web/CWebApplication.php(141): CWebApplication->runController('tes')
#8 /var/www/yii1-dev/framework/base/CApplication.php(185): CWebApplication->processRequest()
#9 /var/www/yii1-dev/testdrive/index.php(13): CApplication->run()
#10 {main}
REQUEST_URI=/yii1-dev/testdrive/index.php?r=tes
---
2017/10/07 14:39:10 [error] [php] Undefined variable: testing (/var/www/yii1-dev/testdrive/protected/views/tes/index.php:1)
Stack trace:
#0 /var/www/yii1-dev/framework/web/CController.php(872): TesController->renderFile()
#1 /var/www/yii1-dev/framework/web/CController.php(785): TesController->renderPartial()
#2 /var/www/yii1-dev/testdrive/protected/controllers/TesController.php(12): TesController->render()
#3 /var/www/yii1-dev/framework/web/actions/CInlineAction.php(49): TesController->actionIndex()
#4 /var/www/yii1-dev/framework/web/CController.php(308): CInlineAction->runWithParams()
#5 /var/www/yii1-dev/framework/web/CController.php(286): TesController->runAction()
#6 /var/www/yii1-dev/framework/web/CController.php(265): TesController->runActionWithFilters()
#7 /var/www/yii1-dev/framework/web/CWebApplication.php(282): TesController->run()
#8 /var/www/yii1-dev/framework/web/CWebApplication.php(141): CWebApplication->runController()
#9 /var/www/yii1-dev/framework/base/CApplication.php(185): CWebApplication->processRequest()
#10 /var/www/yii1-dev/testdrive/index.php(13): CWebApplication->run()
REQUEST_URI=/yii1-dev/testdrive/index.php?r=tes
in /var/www/yii1-dev/testdrive/protected/views/tes/index.php (1)
in /var/www/yii1-dev/testdrive/protected/controllers/TesController.php (12)
in /var/www/yii1-dev/testdrive/index.php (13)
2017/10/08 11:32:26 [error] [php] Undefined variable: testing (/var/www/yii1-dev/testdrive/protected/views/tes/index.php:1)
Stack trace:
#0 /var/www/yii1-dev/framework/web/CController.php(872): TesController->renderFile()
#1 /var/www/yii1-dev/framework/web/CController.php(785): TesController->renderPartial()
#2 /var/www/yii1-dev/testdrive/protected/controllers/TesController.php(14): TesController->render()
#3 /var/www/yii1-dev/framework/web/actions/CInlineAction.php(49): TesController->actionIndex()
#4 /var/www/yii1-dev/framework/web/CController.php(308): CInlineAction->runWithParams()
#5 /var/www/yii1-dev/framework/web/CController.php(286): TesController->runAction()
#6 /var/www/yii1-dev/framework/web/CController.php(265): TesController->runActionWithFilters()
#7 /var/www/yii1-dev/framework/web/CWebApplication.php(282): TesController->run()
#8 /var/www/yii1-dev/framework/web/CWebApplication.php(141): CWebApplication->runController()
#9 /var/www/yii1-dev/framework/base/CApplication.php(185): CWebApplication->processRequest()
#10 /var/www/yii1-dev/testdrive/index.php(13): CWebApplication->run()
REQUEST_URI=/yii1-dev/testdrive/index.php?r=tes
in /var/www/yii1-dev/testdrive/protected/views/tes/index.php (1)
in /var/www/yii1-dev/testdrive/protected/controllers/TesController.php (14)
in /var/www/yii1-dev/testdrive/index.php (13)
2017/10/08 11:33:38 [error] [exception.CException] CException: Property "Tes.id" is not defined. in /var/www/yii1-dev/framework/base/CComponent.php:130
Stack trace:
#0 /var/www/yii1-dev/framework/db/ar/CActiveRecord.php(145): CComponent->__get('id')
#1 /var/www/yii1-dev/testdrive/protected/views/tes/index.php(11): CActiveRecord->__get('id')
#2 /var/www/yii1-dev/framework/web/CBaseController.php(126): require('/var/www/yii1-d...')
#3 /var/www/yii1-dev/framework/web/CBaseController.php(95): CBaseController->renderInternal('/var/www/yii1-d...', Array, true)
#4 /var/www/yii1-dev/framework/web/CController.php(872): CBaseController->renderFile('/var/www/yii1-d...', Array, true)
#5 /var/www/yii1-dev/framework/web/CController.php(785): CController->renderPartial('index', Array, true)
#6 /var/www/yii1-dev/testdrive/protected/controllers/TesController.php(14): CController->render('index', Array)
#7 /var/www/yii1-dev/framework/web/actions/CInlineAction.php(49): TesController->actionIndex()
#8 /var/www/yii1-dev/framework/web/CController.php(308): CInlineAction->runWithParams(Array)
#9 /var/www/yii1-dev/framework/web/CController.php(286): CController->runAction(Object(CInlineAction))
#10 /var/www/yii1-dev/framework/web/CController.php(265): CController->runActionWithFilters(Object(CInlineAction), Array)
#11 /var/www/yii1-dev/framework/web/CWebApplication.php(282): CController->run('')
#12 /var/www/yii1-dev/framework/web/CWebApplication.php(141): CWebApplication->runController('tes')
#13 /var/www/yii1-dev/framework/base/CApplication.php(185): CWebApplication->processRequest()
#14 /var/www/yii1-dev/testdrive/index.php(13): CApplication->run()
#15 {main}
REQUEST_URI=/yii1-dev/testdrive/index.php?r=tes
---
2017/10/08 11:35:31 [error] [php] Undefined variable: tes (/var/www/yii1-dev/testdrive/protected/views/tes/index.php:9)
Stack trace:
#0 /var/www/yii1-dev/framework/web/CController.php(872): TesController->renderFile()
#1 /var/www/yii1-dev/framework/web/CController.php(785): TesController->renderPartial()
#2 /var/www/yii1-dev/testdrive/protected/controllers/TesController.php(14): TesController->render()
#3 /var/www/yii1-dev/framework/web/actions/CInlineAction.php(49): TesController->actionIndex()
#4 /var/www/yii1-dev/framework/web/CController.php(308): CInlineAction->runWithParams()
#5 /var/www/yii1-dev/framework/web/CController.php(286): TesController->runAction()
#6 /var/www/yii1-dev/framework/web/CController.php(265): TesController->runActionWithFilters()
#7 /var/www/yii1-dev/framework/web/CWebApplication.php(282): TesController->run()
#8 /var/www/yii1-dev/framework/web/CWebApplication.php(141): CWebApplication->runController()
#9 /var/www/yii1-dev/framework/base/CApplication.php(185): CWebApplication->processRequest()
#10 /var/www/yii1-dev/testdrive/index.php(13): CWebApplication->run()
REQUEST_URI=/yii1-dev/testdrive/index.php?r=tes
in /var/www/yii1-dev/testdrive/protected/views/tes/index.php (9)
in /var/www/yii1-dev/testdrive/protected/controllers/TesController.php (14)
in /var/www/yii1-dev/testdrive/index.php (13)
2017/10/08 11:37:28 [error] [exception.Error] Error: Call to a member function result() on array in /var/www/yii1-dev/testdrive/protected/views/tes/index.php:9
Stack trace:
#0 /var/www/yii1-dev/framework/web/CBaseController.php(126): require()
#1 /var/www/yii1-dev/framework/web/CBaseController.php(95): CBaseController->renderInternal('/var/www/yii1-d...', Array, true)
#2 /var/www/yii1-dev/framework/web/CController.php(872): CBaseController->renderFile('/var/www/yii1-d...', Array, true)
#3 /var/www/yii1-dev/framework/web/CController.php(785): CController->renderPartial('index', Array, true)
#4 /var/www/yii1-dev/testdrive/protected/controllers/TesController.php(14): CController->render('index', Array)
#5 /var/www/yii1-dev/framework/web/actions/CInlineAction.php(49): TesController->actionIndex()
#6 /var/www/yii1-dev/framework/web/CController.php(308): CInlineAction->runWithParams(Array)
#7 /var/www/yii1-dev/framework/web/CController.php(286): CController->runAction(Object(CInlineAction))
#8 /var/www/yii1-dev/framework/web/CController.php(265): CController->runActionWithFilters(Object(CInlineAction), Array)
#9 /var/www/yii1-dev/framework/web/CWebApplication.php(282): CController->run('')
#10 /var/www/yii1-dev/framework/web/CWebApplication.php(141): CWebApplication->runController('tes')
#11 /var/www/yii1-dev/framework/base/CApplication.php(185): CWebApplication->processRequest()
#12 /var/www/yii1-dev/testdrive/index.php(13): CApplication->run()
#13 {main}
REQUEST_URI=/yii1-dev/testdrive/index.php?r=tes
---
2017/10/08 11:39:33 [error] [exception.CException] CException: Property "Tes.alamat" is not defined. in /var/www/yii1-dev/framework/base/CComponent.php:130
Stack trace:
#0 /var/www/yii1-dev/framework/db/ar/CActiveRecord.php(145): CComponent->__get('alamat')
#1 /var/www/yii1-dev/testdrive/protected/views/tes/index.php(13): CActiveRecord->__get('alamat')
#2 /var/www/yii1-dev/framework/web/CBaseController.php(126): require('/var/www/yii1-d...')
#3 /var/www/yii1-dev/framework/web/CBaseController.php(95): CBaseController->renderInternal('/var/www/yii1-d...', Array, true)
#4 /var/www/yii1-dev/framework/web/CController.php(872): CBaseController->renderFile('/var/www/yii1-d...', Array, true)
#5 /var/www/yii1-dev/framework/web/CController.php(785): CController->renderPartial('index', Array, true)
#6 /var/www/yii1-dev/testdrive/protected/controllers/TesController.php(14): CController->render('index', Array)
#7 /var/www/yii1-dev/framework/web/actions/CInlineAction.php(49): TesController->actionIndex()
#8 /var/www/yii1-dev/framework/web/CController.php(308): CInlineAction->runWithParams(Array)
#9 /var/www/yii1-dev/framework/web/CController.php(286): CController->runAction(Object(CInlineAction))
#10 /var/www/yii1-dev/framework/web/CController.php(265): CController->runActionWithFilters(Object(CInlineAction), Array)
#11 /var/www/yii1-dev/framework/web/CWebApplication.php(282): CController->run('')
#12 /var/www/yii1-dev/framework/web/CWebApplication.php(141): CWebApplication->runController('tes')
#13 /var/www/yii1-dev/framework/base/CApplication.php(185): CWebApplication->processRequest()
#14 /var/www/yii1-dev/testdrive/index.php(13): CApplication->run()
#15 {main}
REQUEST_URI=/yii1-dev/testdrive/index.php?r=tes
---
2017/10/08 11:51:57 [error] [exception.CException] CException: Property "CArrayDataProvider.id_petugas" is not defined. in /var/www/yii1-dev/framework/base/CComponent.php:173
Stack trace:
#0 /var/www/yii1-dev/framework/web/CArrayDataProvider.php(80): CComponent->__set('id_petugas', 'id_petugas')
#1 /var/www/yii1-dev/testdrive/protected/views/tes/index.php(31): CArrayDataProvider->__construct(Array, Array)
#2 /var/www/yii1-dev/framework/web/CBaseController.php(126): require('/var/www/yii1-d...')
#3 /var/www/yii1-dev/framework/web/CBaseController.php(95): CBaseController->renderInternal('/var/www/yii1-d...', Array, true)
#4 /var/www/yii1-dev/framework/web/CController.php(872): CBaseController->renderFile('/var/www/yii1-d...', Array, true)
#5 /var/www/yii1-dev/framework/web/CController.php(785): CController->renderPartial('index', Array, true)
#6 /var/www/yii1-dev/testdrive/protected/controllers/TesController.php(14): CController->render('index', Array)
#7 /var/www/yii1-dev/framework/web/actions/CInlineAction.php(49): TesController->actionIndex()
#8 /var/www/yii1-dev/framework/web/CController.php(308): CInlineAction->runWithParams(Array)
#9 /var/www/yii1-dev/framework/web/CController.php(286): CController->runAction(Object(CInlineAction))
#10 /var/www/yii1-dev/framework/web/CController.php(265): CController->runActionWithFilters(Object(CInlineAction), Array)
#11 /var/www/yii1-dev/framework/web/CWebApplication.php(282): CController->run('')
#12 /var/www/yii1-dev/framework/web/CWebApplication.php(141): CWebApplication->runController('tes')
#13 /var/www/yii1-dev/framework/base/CApplication.php(185): CWebApplication->processRequest()
#14 /var/www/yii1-dev/testdrive/index.php(13): CApplication->run()
#15 {main}
REQUEST_URI=/yii1-dev/testdrive/index.php?r=tes
---
2017/10/08 11:57:05 [error] [exception.CException] CException: Property "CArrayDataProvider.id_petugas" is not defined. in /var/www/yii1-dev/framework/base/CComponent.php:173
Stack trace:
#0 /var/www/yii1-dev/framework/web/CArrayDataProvider.php(80): CComponent->__set('id_petugas', 'id_petugas')
#1 /var/www/yii1-dev/testdrive/protected/views/tes/index.php(30): CArrayDataProvider->__construct(Array, Array)
#2 /var/www/yii1-dev/framework/web/CBaseController.php(126): require('/var/www/yii1-d...')
#3 /var/www/yii1-dev/framework/web/CBaseController.php(95): CBaseController->renderInternal('/var/www/yii1-d...', Array, true)
#4 /var/www/yii1-dev/framework/web/CController.php(872): CBaseController->renderFile('/var/www/yii1-d...', Array, true)
#5 /var/www/yii1-dev/framework/web/CController.php(785): CController->renderPartial('index', Array, true)
#6 /var/www/yii1-dev/testdrive/protected/controllers/TesController.php(14): CController->render('index', Array)
#7 /var/www/yii1-dev/framework/web/actions/CInlineAction.php(49): TesController->actionIndex()
#8 /var/www/yii1-dev/framework/web/CController.php(308): CInlineAction->runWithParams(Array)
#9 /var/www/yii1-dev/framework/web/CController.php(286): CController->runAction(Object(CInlineAction))
#10 /var/www/yii1-dev/framework/web/CController.php(265): CController->runActionWithFilters(Object(CInlineAction), Array)
#11 /var/www/yii1-dev/framework/web/CWebApplication.php(282): CController->run('')
#12 /var/www/yii1-dev/framework/web/CWebApplication.php(141): CWebApplication->runController('tes')
#13 /var/www/yii1-dev/framework/base/CApplication.php(185): CWebApplication->processRequest()
#14 /var/www/yii1-dev/testdrive/index.php(13): CApplication->run()
#15 {main}
REQUEST_URI=/yii1-dev/testdrive/index.php?r=tes
---
2017/10/08 11:57:47 [error] [php] Undefined index: id (/var/www/yii1-dev/framework/base/CComponent.php(614) : eval()'d code:1)
Stack trace:
#0 /var/www/yii1-dev/framework/zii/widgets/grid/CGridColumn.php(231): CDataColumn->getDataCellContent()
#1 /var/www/yii1-dev/framework/zii/widgets/grid/CGridColumn.php(154): CDataColumn->renderDataCellContent()
#2 /var/www/yii1-dev/framework/zii/widgets/grid/CGridView.php(639): CDataColumn->renderDataCell()
#3 /var/www/yii1-dev/framework/zii/widgets/grid/CGridView.php(623): CGridView->renderDataCell()
#4 /var/www/yii1-dev/framework/zii/widgets/grid/CGridView.php(579): CGridView->renderTableRow()
#5 /var/www/yii1-dev/framework/zii/widgets/grid/CGridView.php(489): CGridView->renderTableBody()
#6 /var/www/yii1-dev/framework/zii/widgets/CBaseListView.php(181): CGridView->renderItems()
#7 unknown(0): CGridView->renderSection()
#8 /var/www/yii1-dev/framework/zii/widgets/CBaseListView.php(164): preg_replace_callback()
#9 /var/www/yii1-dev/framework/zii/widgets/CBaseListView.php(149): CGridView->renderContent()
#10 /var/www/yii1-dev/framework/web/CBaseController.php(182): CGridView->run()
#11 /var/www/yii1-dev/testdrive/protected/views/tes/index.php(40): TesController->widget()
#12 /var/www/yii1-dev/framework/web/CBaseController.php(126): require()
#13 /var/www/yii1-dev/framework/web/CBaseController.php(95): TesController->renderInternal()
#14 /var/www/yii1-dev/framework/web/CController.php(872): TesController->renderFile()
#15 /var/www/yii1-dev/framework/web/CController.php(785): TesController->renderPartial()
#16 /var/www/yii1-dev/testdrive/protected/controllers/TesController.php(14): TesController->render()
#17 /var/www/yii1-dev/framework/web/actions/CInlineAction.php(49): TesController->actionIndex()
#18 /var/www/yii1-dev/framework/web/CController.php(308): CInlineAction->runWithParams()
#19 /var/www/yii1-dev/framework/web/CController.php(286): TesController->runAction()
#20 /var/www/yii1-dev/framework/web/CController.php(265): TesController->runActionWithFilters()
#21 /var/www/yii1-dev/framework/web/CWebApplication.php(282): TesController->run()
#22 /var/www/yii1-dev/framework/web/CWebApplication.php(141): CWebApplication->runController()
#23 /var/www/yii1-dev/framework/base/CApplication.php(185): CWebApplication->processRequest()
#24 /var/www/yii1-dev/testdrive/index.php(13): CWebApplication->run()
REQUEST_URI=/yii1-dev/testdrive/index.php?r=tes
in /var/www/yii1-dev/testdrive/protected/views/tes/index.php (40)
in /var/www/yii1-dev/testdrive/protected/controllers/TesController.php (14)
in /var/www/yii1-dev/testdrive/index.php (13)
2017/10/08 11:58:06 [error] [php] Undefined index: id (/var/www/yii1-dev/framework/web/CArrayDataProvider.php:111)
Stack trace:
#0 /var/www/yii1-dev/framework/zii/widgets/CBaseListView.php(150): CGridView->renderKeys()
#1 /var/www/yii1-dev/framework/web/CBaseController.php(182): CGridView->run()
#2 /var/www/yii1-dev/testdrive/protected/views/tes/index.php(40): TesController->widget()
#3 /var/www/yii1-dev/framework/web/CBaseController.php(126): require()
#4 /var/www/yii1-dev/framework/web/CBaseController.php(95): TesController->renderInternal()
#5 /var/www/yii1-dev/framework/web/CController.php(872): TesController->renderFile()
#6 /var/www/yii1-dev/framework/web/CController.php(785): TesController->renderPartial()
#7 /var/www/yii1-dev/testdrive/protected/controllers/TesController.php(14): TesController->render()
#8 /var/www/yii1-dev/framework/web/actions/CInlineAction.php(49): TesController->actionIndex()
#9 /var/www/yii1-dev/framework/web/CController.php(308): CInlineAction->runWithParams()
#10 /var/www/yii1-dev/framework/web/CController.php(286): TesController->runAction()
#11 /var/www/yii1-dev/framework/web/CController.php(265): TesController->runActionWithFilters()
#12 /var/www/yii1-dev/framework/web/CWebApplication.php(282): TesController->run()
#13 /var/www/yii1-dev/framework/web/CWebApplication.php(141): CWebApplication->runController()
#14 /var/www/yii1-dev/framework/base/CApplication.php(185): CWebApplication->processRequest()
#15 /var/www/yii1-dev/testdrive/index.php(13): CWebApplication->run()
REQUEST_URI=/yii1-dev/testdrive/index.php?r=tes
in /var/www/yii1-dev/testdrive/protected/views/tes/index.php (40)
in /var/www/yii1-dev/testdrive/protected/controllers/TesController.php (14)
in /var/www/yii1-dev/testdrive/index.php (13)
2017/10/08 11:58:33 [error] [exception.CException] CException: Property "CArrayDataProvider.id_petugas" is not defined. in /var/www/yii1-dev/framework/base/CComponent.php:173
Stack trace:
#0 /var/www/yii1-dev/framework/web/CArrayDataProvider.php(80): CComponent->__set('id_petugas', 'id_petugas')
#1 /var/www/yii1-dev/testdrive/protected/views/tes/index.php(30): CArrayDataProvider->__construct(Array, Array)
#2 /var/www/yii1-dev/framework/web/CBaseController.php(126): require('/var/www/yii1-d...')
#3 /var/www/yii1-dev/framework/web/CBaseController.php(95): CBaseController->renderInternal('/var/www/yii1-d...', Array, true)
#4 /var/www/yii1-dev/framework/web/CController.php(872): CBaseController->renderFile('/var/www/yii1-d...', Array, true)
#5 /var/www/yii1-dev/framework/web/CController.php(785): CController->renderPartial('index', Array, true)
#6 /var/www/yii1-dev/testdrive/protected/controllers/TesController.php(14): CController->render('index', Array)
#7 /var/www/yii1-dev/framework/web/actions/CInlineAction.php(49): TesController->actionIndex()
#8 /var/www/yii1-dev/framework/web/CController.php(308): CInlineAction->runWithParams(Array)
#9 /var/www/yii1-dev/framework/web/CController.php(286): CController->runAction(Object(CInlineAction))
#10 /var/www/yii1-dev/framework/web/CController.php(265): CController->runActionWithFilters(Object(CInlineAction), Array)
#11 /var/www/yii1-dev/framework/web/CWebApplication.php(282): CController->run('')
#12 /var/www/yii1-dev/framework/web/CWebApplication.php(141): CWebApplication->runController('tes')
#13 /var/www/yii1-dev/framework/base/CApplication.php(185): CWebApplication->processRequest()
#14 /var/www/yii1-dev/testdrive/index.php(13): CApplication->run()
#15 {main}
REQUEST_URI=/yii1-dev/testdrive/index.php?r=tes
---
2017/10/08 11:58:53 [error] [exception.CException] CException: Property "CArrayDataProvider.id_petugas" is not defined. in /var/www/yii1-dev/framework/base/CComponent.php:173
Stack trace:
#0 /var/www/yii1-dev/framework/web/CArrayDataProvider.php(80): CComponent->__set('id_petugas', 'id_petugas')
#1 /var/www/yii1-dev/testdrive/protected/views/tes/index.php(30): CArrayDataProvider->__construct(Array, Array)
#2 /var/www/yii1-dev/framework/web/CBaseController.php(126): require('/var/www/yii1-d...')
#3 /var/www/yii1-dev/framework/web/CBaseController.php(95): CBaseController->renderInternal('/var/www/yii1-d...', Array, true)
#4 /var/www/yii1-dev/framework/web/CController.php(872): CBaseController->renderFile('/var/www/yii1-d...', Array, true)
#5 /var/www/yii1-dev/framework/web/CController.php(785): CController->renderPartial('index', Array, true)
#6 /var/www/yii1-dev/testdrive/protected/controllers/TesController.php(14): CController->render('index', Array)
#7 /var/www/yii1-dev/framework/web/actions/CInlineAction.php(49): TesController->actionIndex()
#8 /var/www/yii1-dev/framework/web/CController.php(308): CInlineAction->runWithParams(Array)
#9 /var/www/yii1-dev/framework/web/CController.php(286): CController->runAction(Object(CInlineAction))
#10 /var/www/yii1-dev/framework/web/CController.php(265): CController->runActionWithFilters(Object(CInlineAction), Array)
#11 /var/www/yii1-dev/framework/web/CWebApplication.php(282): CController->run('')
#12 /var/www/yii1-dev/framework/web/CWebApplication.php(141): CWebApplication->runController('tes')
#13 /var/www/yii1-dev/framework/base/CApplication.php(185): CWebApplication->processRequest()
#14 /var/www/yii1-dev/testdrive/index.php(13): CApplication->run()
#15 {main}
REQUEST_URI=/yii1-dev/testdrive/index.php?r=tes
---
2017/10/08 11:59:23 [error] [php] Undefined index: id (/var/www/yii1-dev/framework/base/CComponent.php(614) : eval()'d code:1)
Stack trace:
#0 /var/www/yii1-dev/framework/zii/widgets/grid/CGridColumn.php(231): CDataColumn->getDataCellContent()
#1 /var/www/yii1-dev/framework/zii/widgets/grid/CGridColumn.php(154): CDataColumn->renderDataCellContent()
#2 /var/www/yii1-dev/framework/zii/widgets/grid/CGridView.php(639): CDataColumn->renderDataCell()
#3 /var/www/yii1-dev/framework/zii/widgets/grid/CGridView.php(623): CGridView->renderDataCell()
#4 /var/www/yii1-dev/framework/zii/widgets/grid/CGridView.php(579): CGridView->renderTableRow()
#5 /var/www/yii1-dev/framework/zii/widgets/grid/CGridView.php(489): CGridView->renderTableBody()
#6 /var/www/yii1-dev/framework/zii/widgets/CBaseListView.php(181): CGridView->renderItems()
#7 unknown(0): CGridView->renderSection()
#8 /var/www/yii1-dev/framework/zii/widgets/CBaseListView.php(164): preg_replace_callback()
#9 /var/www/yii1-dev/framework/zii/widgets/CBaseListView.php(149): CGridView->renderContent()
#10 /var/www/yii1-dev/framework/web/CBaseController.php(182): CGridView->run()
#11 /var/www/yii1-dev/testdrive/protected/views/tes/index.php(40): TesController->widget()
#12 /var/www/yii1-dev/framework/web/CBaseController.php(126): require()
#13 /var/www/yii1-dev/framework/web/CBaseController.php(95): TesController->renderInternal()
#14 /var/www/yii1-dev/framework/web/CController.php(872): TesController->renderFile()
#15 /var/www/yii1-dev/framework/web/CController.php(785): TesController->renderPartial()
#16 /var/www/yii1-dev/testdrive/protected/controllers/TesController.php(14): TesController->render()
#17 /var/www/yii1-dev/framework/web/actions/CInlineAction.php(49): TesController->actionIndex()
#18 /var/www/yii1-dev/framework/web/CController.php(308): CInlineAction->runWithParams()
#19 /var/www/yii1-dev/framework/web/CController.php(286): TesController->runAction()
#20 /var/www/yii1-dev/framework/web/CController.php(265): TesController->runActionWithFilters()
#21 /var/www/yii1-dev/framework/web/CWebApplication.php(282): TesController->run()
#22 /var/www/yii1-dev/framework/web/CWebApplication.php(141): CWebApplication->runController()
#23 /var/www/yii1-dev/framework/base/CApplication.php(185): CWebApplication->processRequest()
#24 /var/www/yii1-dev/testdrive/index.php(13): CWebApplication->run()
REQUEST_URI=/yii1-dev/testdrive/index.php?r=tes
in /var/www/yii1-dev/testdrive/protected/views/tes/index.php (40)
in /var/www/yii1-dev/testdrive/protected/controllers/TesController.php (14)
in /var/www/yii1-dev/testdrive/index.php (13)
2017/10/08 11:59:47 [error] [php] Undefined index: id (/var/www/yii1-dev/framework/base/CComponent.php(614) : eval()'d code:1)
Stack trace:
#0 /var/www/yii1-dev/framework/zii/widgets/grid/CGridColumn.php(231): CDataColumn->getDataCellContent()
#1 /var/www/yii1-dev/framework/zii/widgets/grid/CGridColumn.php(154): CDataColumn->renderDataCellContent()
#2 /var/www/yii1-dev/framework/zii/widgets/grid/CGridView.php(639): CDataColumn->renderDataCell()
#3 /var/www/yii1-dev/framework/zii/widgets/grid/CGridView.php(623): CGridView->renderDataCell()
#4 /var/www/yii1-dev/framework/zii/widgets/grid/CGridView.php(579): CGridView->renderTableRow()
#5 /var/www/yii1-dev/framework/zii/widgets/grid/CGridView.php(489): CGridView->renderTableBody()
#6 /var/www/yii1-dev/framework/zii/widgets/CBaseListView.php(181): CGridView->renderItems()
#7 unknown(0): CGridView->renderSection()
#8 /var/www/yii1-dev/framework/zii/widgets/CBaseListView.php(164): preg_replace_callback()
#9 /var/www/yii1-dev/framework/zii/widgets/CBaseListView.php(149): CGridView->renderContent()
#10 /var/www/yii1-dev/framework/web/CBaseController.php(182): CGridView->run()
#11 /var/www/yii1-dev/testdrive/protected/views/tes/index.php(40): TesController->widget()
#12 /var/www/yii1-dev/framework/web/CBaseController.php(126): require()
#13 /var/www/yii1-dev/framework/web/CBaseController.php(95): TesController->renderInternal()
#14 /var/www/yii1-dev/framework/web/CController.php(872): TesController->renderFile()
#15 /var/www/yii1-dev/framework/web/CController.php(785): TesController->renderPartial()
#16 /var/www/yii1-dev/testdrive/protected/controllers/TesController.php(14): TesController->render()
#17 /var/www/yii1-dev/framework/web/actions/CInlineAction.php(49): TesController->actionIndex()
#18 /var/www/yii1-dev/framework/web/CController.php(308): CInlineAction->runWithParams()
#19 /var/www/yii1-dev/framework/web/CController.php(286): TesController->runAction()
#20 /var/www/yii1-dev/framework/web/CController.php(265): TesController->runActionWithFilters()
#21 /var/www/yii1-dev/framework/web/CWebApplication.php(282): TesController->run()
#22 /var/www/yii1-dev/framework/web/CWebApplication.php(141): CWebApplication->runController()
#23 /var/www/yii1-dev/framework/base/CApplication.php(185): CWebApplication->processRequest()
#24 /var/www/yii1-dev/testdrive/index.php(13): CWebApplication->run()
REQUEST_URI=/yii1-dev/testdrive/index.php?r=tes
in /var/www/yii1-dev/testdrive/protected/views/tes/index.php (40)
in /var/www/yii1-dev/testdrive/protected/controllers/TesController.php (14)
in /var/www/yii1-dev/testdrive/index.php (13)
2017/10/08 12:00:04 [error] [php] Undefined index: id (/var/www/yii1-dev/framework/base/CComponent.php(614) : eval()'d code:1)
Stack trace:
#0 /var/www/yii1-dev/framework/zii/widgets/grid/CGridColumn.php(231): CDataColumn->getDataCellContent()
#1 /var/www/yii1-dev/framework/zii/widgets/grid/CGridColumn.php(154): CDataColumn->renderDataCellContent()
#2 /var/www/yii1-dev/framework/zii/widgets/grid/CGridView.php(639): CDataColumn->renderDataCell()
#3 /var/www/yii1-dev/framework/zii/widgets/grid/CGridView.php(623): CGridView->renderDataCell()
#4 /var/www/yii1-dev/framework/zii/widgets/grid/CGridView.php(579): CGridView->renderTableRow()
#5 /var/www/yii1-dev/framework/zii/widgets/grid/CGridView.php(489): CGridView->renderTableBody()
#6 /var/www/yii1-dev/framework/zii/widgets/CBaseListView.php(181): CGridView->renderItems()
#7 unknown(0): CGridView->renderSection()
#8 /var/www/yii1-dev/framework/zii/widgets/CBaseListView.php(164): preg_replace_callback()
#9 /var/www/yii1-dev/framework/zii/widgets/CBaseListView.php(149): CGridView->renderContent()
#10 /var/www/yii1-dev/framework/web/CBaseController.php(182): CGridView->run()
#11 /var/www/yii1-dev/testdrive/protected/views/tes/index.php(40): TesController->widget()
#12 /var/www/yii1-dev/framework/web/CBaseController.php(126): require()
#13 /var/www/yii1-dev/framework/web/CBaseController.php(95): TesController->renderInternal()
#14 /var/www/yii1-dev/framework/web/CController.php(872): TesController->renderFile()
#15 /var/www/yii1-dev/framework/web/CController.php(785): TesController->renderPartial()
#16 /var/www/yii1-dev/testdrive/protected/controllers/TesController.php(14): TesController->render()
#17 /var/www/yii1-dev/framework/web/actions/CInlineAction.php(49): TesController->actionIndex()
#18 /var/www/yii1-dev/framework/web/CController.php(308): CInlineAction->runWithParams()
#19 /var/www/yii1-dev/framework/web/CController.php(286): TesController->runAction()
#20 /var/www/yii1-dev/framework/web/CController.php(265): TesController->runActionWithFilters()
#21 /var/www/yii1-dev/framework/web/CWebApplication.php(282): TesController->run()
#22 /var/www/yii1-dev/framework/web/CWebApplication.php(141): CWebApplication->runController()
#23 /var/www/yii1-dev/framework/base/CApplication.php(185): CWebApplication->processRequest()
#24 /var/www/yii1-dev/testdrive/index.php(13): CWebApplication->run()
REQUEST_URI=/yii1-dev/testdrive/index.php?r=tes
in /var/www/yii1-dev/testdrive/protected/views/tes/index.php (40)
in /var/www/yii1-dev/testdrive/protected/controllers/TesController.php (14)
in /var/www/yii1-dev/testdrive/index.php (13)
2017/10/08 12:00:34 [error] [exception.CException] CException: Property "CArrayDataProvider.idx" is not defined. in /var/www/yii1-dev/framework/base/CComponent.php:173
Stack trace:
#0 /var/www/yii1-dev/framework/web/CArrayDataProvider.php(80): CComponent->__set('idx', 'idx')
#1 /var/www/yii1-dev/testdrive/protected/views/tes/index.php(30): CArrayDataProvider->__construct(Array, Array)
#2 /var/www/yii1-dev/framework/web/CBaseController.php(126): require('/var/www/yii1-d...')
#3 /var/www/yii1-dev/framework/web/CBaseController.php(95): CBaseController->renderInternal('/var/www/yii1-d...', Array, true)
#4 /var/www/yii1-dev/framework/web/CController.php(872): CBaseController->renderFile('/var/www/yii1-d...', Array, true)
#5 /var/www/yii1-dev/framework/web/CController.php(785): CController->renderPartial('index', Array, true)
#6 /var/www/yii1-dev/testdrive/protected/controllers/TesController.php(14): CController->render('index', Array)
#7 /var/www/yii1-dev/framework/web/actions/CInlineAction.php(49): TesController->actionIndex()
#8 /var/www/yii1-dev/framework/web/CController.php(308): CInlineAction->runWithParams(Array)
#9 /var/www/yii1-dev/framework/web/CController.php(286): CController->runAction(Object(CInlineAction))
#10 /var/www/yii1-dev/framework/web/CController.php(265): CController->runActionWithFilters(Object(CInlineAction), Array)
#11 /var/www/yii1-dev/framework/web/CWebApplication.php(282): CController->run('')
#12 /var/www/yii1-dev/framework/web/CWebApplication.php(141): CWebApplication->runController('tes')
#13 /var/www/yii1-dev/framework/base/CApplication.php(185): CWebApplication->processRequest()
#14 /var/www/yii1-dev/testdrive/index.php(13): CApplication->run()
#15 {main}
REQUEST_URI=/yii1-dev/testdrive/index.php?r=tes
---
2017/10/08 12:00:50 [error] [php] Undefined index: namax (/var/www/yii1-dev/framework/base/CComponent.php(614) : eval()'d code:1)
Stack trace:
#0 /var/www/yii1-dev/framework/zii/widgets/grid/CGridColumn.php(231): CDataColumn->getDataCellContent()
#1 /var/www/yii1-dev/framework/zii/widgets/grid/CGridColumn.php(154): CDataColumn->renderDataCellContent()
#2 /var/www/yii1-dev/framework/zii/widgets/grid/CGridView.php(639): CDataColumn->renderDataCell()
#3 /var/www/yii1-dev/framework/zii/widgets/grid/CGridView.php(623): CGridView->renderDataCell()
#4 /var/www/yii1-dev/framework/zii/widgets/grid/CGridView.php(579): CGridView->renderTableRow()
#5 /var/www/yii1-dev/framework/zii/widgets/grid/CGridView.php(489): CGridView->renderTableBody()
#6 /var/www/yii1-dev/framework/zii/widgets/CBaseListView.php(181): CGridView->renderItems()
#7 unknown(0): CGridView->renderSection()
#8 /var/www/yii1-dev/framework/zii/widgets/CBaseListView.php(164): preg_replace_callback()
#9 /var/www/yii1-dev/framework/zii/widgets/CBaseListView.php(149): CGridView->renderContent()
#10 /var/www/yii1-dev/framework/web/CBaseController.php(182): CGridView->run()
#11 /var/www/yii1-dev/testdrive/protected/views/tes/index.php(40): TesController->widget()
#12 /var/www/yii1-dev/framework/web/CBaseController.php(126): require()
#13 /var/www/yii1-dev/framework/web/CBaseController.php(95): TesController->renderInternal()
#14 /var/www/yii1-dev/framework/web/CController.php(872): TesController->renderFile()
#15 /var/www/yii1-dev/framework/web/CController.php(785): TesController->renderPartial()
#16 /var/www/yii1-dev/testdrive/protected/controllers/TesController.php(14): TesController->render()
#17 /var/www/yii1-dev/framework/web/actions/CInlineAction.php(49): TesController->actionIndex()
#18 /var/www/yii1-dev/framework/web/CController.php(308): CInlineAction->runWithParams()
#19 /var/www/yii1-dev/framework/web/CController.php(286): TesController->runAction()
#20 /var/www/yii1-dev/framework/web/CController.php(265): TesController->runActionWithFilters()
#21 /var/www/yii1-dev/framework/web/CWebApplication.php(282): TesController->run()
#22 /var/www/yii1-dev/framework/web/CWebApplication.php(141): CWebApplication->runController()
#23 /var/www/yii1-dev/framework/base/CApplication.php(185): CWebApplication->processRequest()
#24 /var/www/yii1-dev/testdrive/index.php(13): CWebApplication->run()
REQUEST_URI=/yii1-dev/testdrive/index.php?r=tes
in /var/www/yii1-dev/testdrive/protected/views/tes/index.php (40)
in /var/www/yii1-dev/testdrive/protected/controllers/TesController.php (14)
in /var/www/yii1-dev/testdrive/index.php (13)
2017/10/08 12:01:01 [error] [php] Undefined index: id (/var/www/yii1-dev/framework/web/CArrayDataProvider.php:111)
Stack trace:
#0 /var/www/yii1-dev/framework/zii/widgets/CBaseListView.php(150): CGridView->renderKeys()
#1 /var/www/yii1-dev/framework/web/CBaseController.php(182): CGridView->run()
#2 /var/www/yii1-dev/testdrive/protected/views/tes/index.php(40): TesController->widget()
#3 /var/www/yii1-dev/framework/web/CBaseController.php(126): require()
#4 /var/www/yii1-dev/framework/web/CBaseController.php(95): TesController->renderInternal()
#5 /var/www/yii1-dev/framework/web/CController.php(872): TesController->renderFile()
#6 /var/www/yii1-dev/framework/web/CController.php(785): TesController->renderPartial()
#7 /var/www/yii1-dev/testdrive/protected/controllers/TesController.php(14): TesController->render()
#8 /var/www/yii1-dev/framework/web/actions/CInlineAction.php(49): TesController->actionIndex()
#9 /var/www/yii1-dev/framework/web/CController.php(308): CInlineAction->runWithParams()
#10 /var/www/yii1-dev/framework/web/CController.php(286): TesController->runAction()
#11 /var/www/yii1-dev/framework/web/CController.php(265): TesController->runActionWithFilters()
#12 /var/www/yii1-dev/framework/web/CWebApplication.php(282): TesController->run()
#13 /var/www/yii1-dev/framework/web/CWebApplication.php(141): CWebApplication->runController()
#14 /var/www/yii1-dev/framework/base/CApplication.php(185): CWebApplication->processRequest()
#15 /var/www/yii1-dev/testdrive/index.php(13): CWebApplication->run()
REQUEST_URI=/yii1-dev/testdrive/index.php?r=tes
in /var/www/yii1-dev/testdrive/protected/views/tes/index.php (40)
in /var/www/yii1-dev/testdrive/protected/controllers/TesController.php (14)
in /var/www/yii1-dev/testdrive/index.php (13)
2017/10/08 12:01:22 [error] [php] Undefined index: id (/var/www/yii1-dev/framework/web/CArrayDataProvider.php:111)
Stack trace:
#0 /var/www/yii1-dev/framework/zii/widgets/CBaseListView.php(150): CGridView->renderKeys()
#1 /var/www/yii1-dev/framework/web/CBaseController.php(182): CGridView->run()
#2 /var/www/yii1-dev/testdrive/protected/views/tes/index.php(40): TesController->widget()
#3 /var/www/yii1-dev/framework/web/CBaseController.php(126): require()
#4 /var/www/yii1-dev/framework/web/CBaseController.php(95): TesController->renderInternal()
#5 /var/www/yii1-dev/framework/web/CController.php(872): TesController->renderFile()
#6 /var/www/yii1-dev/framework/web/CController.php(785): TesController->renderPartial()
#7 /var/www/yii1-dev/testdrive/protected/controllers/TesController.php(14): TesController->render()
#8 /var/www/yii1-dev/framework/web/actions/CInlineAction.php(49): TesController->actionIndex()
#9 /var/www/yii1-dev/framework/web/CController.php(308): CInlineAction->runWithParams()
#10 /var/www/yii1-dev/framework/web/CController.php(286): TesController->runAction()
#11 /var/www/yii1-dev/framework/web/CController.php(265): TesController->runActionWithFilters()
#12 /var/www/yii1-dev/framework/web/CWebApplication.php(282): TesController->run()
#13 /var/www/yii1-dev/framework/web/CWebApplication.php(141): CWebApplication->runController()
#14 /var/www/yii1-dev/framework/base/CApplication.php(185): CWebApplication->processRequest()
#15 /var/www/yii1-dev/testdrive/index.php(13): CWebApplication->run()
REQUEST_URI=/yii1-dev/testdrive/index.php?r=tes
in /var/www/yii1-dev/testdrive/protected/views/tes/index.php (40)
in /var/www/yii1-dev/testdrive/protected/controllers/TesController.php (14)
in /var/www/yii1-dev/testdrive/index.php (13)
2017/10/08 12:01:25 [error] [php] Undefined index: id (/var/www/yii1-dev/framework/web/CArrayDataProvider.php:111)
Stack trace:
#0 /var/www/yii1-dev/framework/zii/widgets/CBaseListView.php(150): CGridView->renderKeys()
#1 /var/www/yii1-dev/framework/web/CBaseController.php(182): CGridView->run()
#2 /var/www/yii1-dev/testdrive/protected/views/tes/index.php(40): TesController->widget()
#3 /var/www/yii1-dev/framework/web/CBaseController.php(126): require()
#4 /var/www/yii1-dev/framework/web/CBaseController.php(95): TesController->renderInternal()
#5 /var/www/yii1-dev/framework/web/CController.php(872): TesController->renderFile()
#6 /var/www/yii1-dev/framework/web/CController.php(785): TesController->renderPartial()
#7 /var/www/yii1-dev/testdrive/protected/controllers/TesController.php(14): TesController->render()
#8 /var/www/yii1-dev/framework/web/actions/CInlineAction.php(49): TesController->actionIndex()
#9 /var/www/yii1-dev/framework/web/CController.php(308): CInlineAction->runWithParams()
#10 /var/www/yii1-dev/framework/web/CController.php(286): TesController->runAction()
#11 /var/www/yii1-dev/framework/web/CController.php(265): TesController->runActionWithFilters()
#12 /var/www/yii1-dev/framework/web/CWebApplication.php(282): TesController->run()
#13 /var/www/yii1-dev/framework/web/CWebApplication.php(141): CWebApplication->runController()
#14 /var/www/yii1-dev/framework/base/CApplication.php(185): CWebApplication->processRequest()
#15 /var/www/yii1-dev/testdrive/index.php(13): CWebApplication->run()
REQUEST_URI=/yii1-dev/testdrive/index.php?r=tes
in /var/www/yii1-dev/testdrive/protected/views/tes/index.php (40)
in /var/www/yii1-dev/testdrive/protected/controllers/TesController.php (14)
in /var/www/yii1-dev/testdrive/index.php (13)
2017/10/08 12:01:35 [error] [exception.CException] CException: Property "CArrayDataProvider.idx" is not defined. in /var/www/yii1-dev/framework/base/CComponent.php:173
Stack trace:
#0 /var/www/yii1-dev/framework/web/CArrayDataProvider.php(80): CComponent->__set('idx', 'idx')
#1 /var/www/yii1-dev/testdrive/protected/views/tes/index.php(30): CArrayDataProvider->__construct(Array, Array)
#2 /var/www/yii1-dev/framework/web/CBaseController.php(126): require('/var/www/yii1-d...')
#3 /var/www/yii1-dev/framework/web/CBaseController.php(95): CBaseController->renderInternal('/var/www/yii1-d...', Array, true)
#4 /var/www/yii1-dev/framework/web/CController.php(872): CBaseController->renderFile('/var/www/yii1-d...', Array, true)
#5 /var/www/yii1-dev/framework/web/CController.php(785): CController->renderPartial('index', Array, true)
#6 /var/www/yii1-dev/testdrive/protected/controllers/TesController.php(14): CController->render('index', Array)
#7 /var/www/yii1-dev/framework/web/actions/CInlineAction.php(49): TesController->actionIndex()
#8 /var/www/yii1-dev/framework/web/CController.php(308): CInlineAction->runWithParams(Array)
#9 /var/www/yii1-dev/framework/web/CController.php(286): CController->runAction(Object(CInlineAction))
#10 /var/www/yii1-dev/framework/web/CController.php(265): CController->runActionWithFilters(Object(CInlineAction), Array)
#11 /var/www/yii1-dev/framework/web/CWebApplication.php(282): CController->run('')
#12 /var/www/yii1-dev/framework/web/CWebApplication.php(141): CWebApplication->runController('tes')
#13 /var/www/yii1-dev/framework/base/CApplication.php(185): CWebApplication->processRequest()
#14 /var/www/yii1-dev/testdrive/index.php(13): CApplication->run()
#15 {main}
REQUEST_URI=/yii1-dev/testdrive/index.php?r=tes
---
2017/10/08 12:01:52 [error] [php] Undefined index: id (/var/www/yii1-dev/framework/web/CArrayDataProvider.php:111)
Stack trace:
#0 /var/www/yii1-dev/framework/zii/widgets/CBaseListView.php(150): CGridView->renderKeys()
#1 /var/www/yii1-dev/framework/web/CBaseController.php(182): CGridView->run()
#2 /var/www/yii1-dev/testdrive/protected/views/tes/index.php(40): TesController->widget()
#3 /var/www/yii1-dev/framework/web/CBaseController.php(126): require()
#4 /var/www/yii1-dev/framework/web/CBaseController.php(95): TesController->renderInternal()
#5 /var/www/yii1-dev/framework/web/CController.php(872): TesController->renderFile()
#6 /var/www/yii1-dev/framework/web/CController.php(785): TesController->renderPartial()
#7 /var/www/yii1-dev/testdrive/protected/controllers/TesController.php(14): TesController->render()
#8 /var/www/yii1-dev/framework/web/actions/CInlineAction.php(49): TesController->actionIndex()
#9 /var/www/yii1-dev/framework/web/CController.php(308): CInlineAction->runWithParams()
#10 /var/www/yii1-dev/framework/web/CController.php(286): TesController->runAction()
#11 /var/www/yii1-dev/framework/web/CController.php(265): TesController->runActionWithFilters()
#12 /var/www/yii1-dev/framework/web/CWebApplication.php(282): TesController->run()
#13 /var/www/yii1-dev/framework/web/CWebApplication.php(141): CWebApplication->runController()
#14 /var/www/yii1-dev/framework/base/CApplication.php(185): CWebApplication->processRequest()
#15 /var/www/yii1-dev/testdrive/index.php(13): CWebApplication->run()
REQUEST_URI=/yii1-dev/testdrive/index.php?r=tes
in /var/www/yii1-dev/testdrive/protected/views/tes/index.php (40)
in /var/www/yii1-dev/testdrive/protected/controllers/TesController.php (14)
in /var/www/yii1-dev/testdrive/index.php (13)
2017/10/08 12:01:54 [error] [php] Undefined index: id (/var/www/yii1-dev/framework/web/CArrayDataProvider.php:111)
Stack trace:
#0 /var/www/yii1-dev/framework/zii/widgets/CBaseListView.php(150): CGridView->renderKeys()
#1 /var/www/yii1-dev/framework/web/CBaseController.php(182): CGridView->run()
#2 /var/www/yii1-dev/testdrive/protected/views/tes/index.php(40): TesController->widget()
#3 /var/www/yii1-dev/framework/web/CBaseController.php(126): require()
#4 /var/www/yii1-dev/framework/web/CBaseController.php(95): TesController->renderInternal()
#5 /var/www/yii1-dev/framework/web/CController.php(872): TesController->renderFile()
#6 /var/www/yii1-dev/framework/web/CController.php(785): TesController->renderPartial()
#7 /var/www/yii1-dev/testdrive/protected/controllers/TesController.php(14): TesController->render()
#8 /var/www/yii1-dev/framework/web/actions/CInlineAction.php(49): TesController->actionIndex()
#9 /var/www/yii1-dev/framework/web/CController.php(308): CInlineAction->runWithParams()
#10 /var/www/yii1-dev/framework/web/CController.php(286): TesController->runAction()
#11 /var/www/yii1-dev/framework/web/CController.php(265): TesController->runActionWithFilters()
#12 /var/www/yii1-dev/framework/web/CWebApplication.php(282): TesController->run()
#13 /var/www/yii1-dev/framework/web/CWebApplication.php(141): CWebApplication->runController()
#14 /var/www/yii1-dev/framework/base/CApplication.php(185): CWebApplication->processRequest()
#15 /var/www/yii1-dev/testdrive/index.php(13): CWebApplication->run()
REQUEST_URI=/yii1-dev/testdrive/index.php?r=tes
in /var/www/yii1-dev/testdrive/protected/views/tes/index.php (40)
in /var/www/yii1-dev/testdrive/protected/controllers/TesController.php (14)
in /var/www/yii1-dev/testdrive/index.php (13)
2017/10/08 12:02:00 [error] [php] Undefined index: id (/var/www/yii1-dev/framework/web/CArrayDataProvider.php:111)
Stack trace:
#0 /var/www/yii1-dev/framework/zii/widgets/CBaseListView.php(150): CGridView->renderKeys()
#1 /var/www/yii1-dev/framework/web/CBaseController.php(182): CGridView->run()
#2 /var/www/yii1-dev/testdrive/protected/views/tes/index.php(40): TesController->widget()
#3 /var/www/yii1-dev/framework/web/CBaseController.php(126): require()
#4 /var/www/yii1-dev/framework/web/CBaseController.php(95): TesController->renderInternal()
#5 /var/www/yii1-dev/framework/web/CController.php(872): TesController->renderFile()
#6 /var/www/yii1-dev/framework/web/CController.php(785): TesController->renderPartial()
#7 /var/www/yii1-dev/testdrive/protected/controllers/TesController.php(14): TesController->render()
#8 /var/www/yii1-dev/framework/web/actions/CInlineAction.php(49): TesController->actionIndex()
#9 /var/www/yii1-dev/framework/web/CController.php(308): CInlineAction->runWithParams()
#10 /var/www/yii1-dev/framework/web/CController.php(286): TesController->runAction()
#11 /var/www/yii1-dev/framework/web/CController.php(265): TesController->runActionWithFilters()
#12 /var/www/yii1-dev/framework/web/CWebApplication.php(282): TesController->run()
#13 /var/www/yii1-dev/framework/web/CWebApplication.php(141): CWebApplication->runController()
#14 /var/www/yii1-dev/framework/base/CApplication.php(185): CWebApplication->processRequest()
#15 /var/www/yii1-dev/testdrive/index.php(13): CWebApplication->run()
REQUEST_URI=/yii1-dev/testdrive/index.php?r=tes
in /var/www/yii1-dev/testdrive/protected/views/tes/index.php (40)
in /var/www/yii1-dev/testdrive/protected/controllers/TesController.php (14)
in /var/www/yii1-dev/testdrive/index.php (13)
2017/10/08 12:02:35 [error] [php] Undefined index: id (/var/www/yii1-dev/framework/web/CArrayDataProvider.php:111)
Stack trace:
#0 /var/www/yii1-dev/framework/zii/widgets/CBaseListView.php(150): CGridView->renderKeys()
#1 /var/www/yii1-dev/framework/web/CBaseController.php(182): CGridView->run()
#2 /var/www/yii1-dev/testdrive/protected/views/tes/index.php(40): TesController->widget()
#3 /var/www/yii1-dev/framework/web/CBaseController.php(126): require()
#4 /var/www/yii1-dev/framework/web/CBaseController.php(95): TesController->renderInternal()
#5 /var/www/yii1-dev/framework/web/CController.php(872): TesController->renderFile()
#6 /var/www/yii1-dev/framework/web/CController.php(785): TesController->renderPartial()
#7 /var/www/yii1-dev/testdrive/protected/controllers/TesController.php(14): TesController->render()
#8 /var/www/yii1-dev/framework/web/actions/CInlineAction.php(49): TesController->actionIndex()
#9 /var/www/yii1-dev/framework/web/CController.php(308): CInlineAction->runWithParams()
#10 /var/www/yii1-dev/framework/web/CController.php(286): TesController->runAction()
#11 /var/www/yii1-dev/framework/web/CController.php(265): TesController->runActionWithFilters()
#12 /var/www/yii1-dev/framework/web/CWebApplication.php(282): TesController->run()
#13 /var/www/yii1-dev/framework/web/CWebApplication.php(141): CWebApplication->runController()
#14 /var/www/yii1-dev/framework/base/CApplication.php(185): CWebApplication->processRequest()
#15 /var/www/yii1-dev/testdrive/index.php(13): CWebApplication->run()
REQUEST_URI=/yii1-dev/testdrive/index.php?r=tes
in /var/www/yii1-dev/testdrive/protected/views/tes/index.php (40)
in /var/www/yii1-dev/testdrive/protected/controllers/TesController.php (14)
in /var/www/yii1-dev/testdrive/index.php (13)
2017/10/08 12:02:55 [error] [php] Undefined index: id (/var/www/yii1-dev/framework/web/CArrayDataProvider.php:111)
Stack trace:
#0 /var/www/yii1-dev/framework/zii/widgets/CBaseListView.php(150): CGridView->renderKeys()
#1 /var/www/yii1-dev/framework/web/CBaseController.php(182): CGridView->run()
#2 /var/www/yii1-dev/testdrive/protected/views/tes/index.php(40): TesController->widget()
#3 /var/www/yii1-dev/framework/web/CBaseController.php(126): require()
#4 /var/www/yii1-dev/framework/web/CBaseController.php(95): TesController->renderInternal()
#5 /var/www/yii1-dev/framework/web/CController.php(872): TesController->renderFile()
#6 /var/www/yii1-dev/framework/web/CController.php(785): TesController->renderPartial()
#7 /var/www/yii1-dev/testdrive/protected/controllers/TesController.php(14): TesController->render()
#8 /var/www/yii1-dev/framework/web/actions/CInlineAction.php(49): TesController->actionIndex()
#9 /var/www/yii1-dev/framework/web/CController.php(308): CInlineAction->runWithParams()
#10 /var/www/yii1-dev/framework/web/CController.php(286): TesController->runAction()
#11 /var/www/yii1-dev/framework/web/CController.php(265): TesController->runActionWithFilters()
#12 /var/www/yii1-dev/framework/web/CWebApplication.php(282): TesController->run()
#13 /var/www/yii1-dev/framework/web/CWebApplication.php(141): CWebApplication->runController()
#14 /var/www/yii1-dev/framework/base/CApplication.php(185): CWebApplication->processRequest()
#15 /var/www/yii1-dev/testdrive/index.php(13): CWebApplication->run()
REQUEST_URI=/yii1-dev/testdrive/index.php?r=tes
in /var/www/yii1-dev/testdrive/protected/views/tes/index.php (40)
in /var/www/yii1-dev/testdrive/protected/controllers/TesController.php (14)
in /var/www/yii1-dev/testdrive/index.php (13)
2017/10/08 12:02:57 [error] [php] Undefined index: id (/var/www/yii1-dev/framework/web/CArrayDataProvider.php:111)
Stack trace:
#0 /var/www/yii1-dev/framework/zii/widgets/CBaseListView.php(150): CGridView->renderKeys()
#1 /var/www/yii1-dev/framework/web/CBaseController.php(182): CGridView->run()
#2 /var/www/yii1-dev/testdrive/protected/views/tes/index.php(40): TesController->widget()
#3 /var/www/yii1-dev/framework/web/CBaseController.php(126): require()
#4 /var/www/yii1-dev/framework/web/CBaseController.php(95): TesController->renderInternal()
#5 /var/www/yii1-dev/framework/web/CController.php(872): TesController->renderFile()
#6 /var/www/yii1-dev/framework/web/CController.php(785): TesController->renderPartial()
#7 /var/www/yii1-dev/testdrive/protected/controllers/TesController.php(14): TesController->render()
#8 /var/www/yii1-dev/framework/web/actions/CInlineAction.php(49): TesController->actionIndex()
#9 /var/www/yii1-dev/framework/web/CController.php(308): CInlineAction->runWithParams()
#10 /var/www/yii1-dev/framework/web/CController.php(286): TesController->runAction()
#11 /var/www/yii1-dev/framework/web/CController.php(265): TesController->runActionWithFilters()
#12 /var/www/yii1-dev/framework/web/CWebApplication.php(282): TesController->run()
#13 /var/www/yii1-dev/framework/web/CWebApplication.php(141): CWebApplication->runController()
#14 /var/www/yii1-dev/framework/base/CApplication.php(185): CWebApplication->processRequest()
#15 /var/www/yii1-dev/testdrive/index.php(13): CWebApplication->run()
REQUEST_URI=/yii1-dev/testdrive/index.php?r=tes
in /var/www/yii1-dev/testdrive/protected/views/tes/index.php (40)
in /var/www/yii1-dev/testdrive/protected/controllers/TesController.php (14)
in /var/www/yii1-dev/testdrive/index.php (13)
2017/10/08 12:03:03 [error] [php] Undefined index: id (/var/www/yii1-dev/framework/web/CArrayDataProvider.php:111)
Stack trace:
#0 /var/www/yii1-dev/framework/zii/widgets/CBaseListView.php(150): CGridView->renderKeys()
#1 /var/www/yii1-dev/framework/web/CBaseController.php(182): CGridView->run()
#2 /var/www/yii1-dev/testdrive/protected/views/tes/index.php(40): TesController->widget()
#3 /var/www/yii1-dev/framework/web/CBaseController.php(126): require()
#4 /var/www/yii1-dev/framework/web/CBaseController.php(95): TesController->renderInternal()
#5 /var/www/yii1-dev/framework/web/CController.php(872): TesController->renderFile()
#6 /var/www/yii1-dev/framework/web/CController.php(785): TesController->renderPartial()
#7 /var/www/yii1-dev/testdrive/protected/controllers/TesController.php(14): TesController->render()
#8 /var/www/yii1-dev/framework/web/actions/CInlineAction.php(49): TesController->actionIndex()
#9 /var/www/yii1-dev/framework/web/CController.php(308): CInlineAction->runWithParams()
#10 /var/www/yii1-dev/framework/web/CController.php(286): TesController->runAction()
#11 /var/www/yii1-dev/framework/web/CController.php(265): TesController->runActionWithFilters()
#12 /var/www/yii1-dev/framework/web/CWebApplication.php(282): TesController->run()
#13 /var/www/yii1-dev/framework/web/CWebApplication.php(141): CWebApplication->runController()
#14 /var/www/yii1-dev/framework/base/CApplication.php(185): CWebApplication->processRequest()
#15 /var/www/yii1-dev/testdrive/index.php(13): CWebApplication->run()
REQUEST_URI=/yii1-dev/testdrive/index.php?r=tes
in /var/www/yii1-dev/testdrive/protected/views/tes/index.php (40)
in /var/www/yii1-dev/testdrive/protected/controllers/TesController.php (14)
in /var/www/yii1-dev/testdrive/index.php (13)
2017/10/08 12:03:06 [error] [php] Undefined index: id (/var/www/yii1-dev/framework/web/CArrayDataProvider.php:111)
Stack trace:
#0 /var/www/yii1-dev/framework/zii/widgets/CBaseListView.php(150): CGridView->renderKeys()
#1 /var/www/yii1-dev/framework/web/CBaseController.php(182): CGridView->run()
#2 /var/www/yii1-dev/testdrive/protected/views/tes/index.php(40): TesController->widget()
#3 /var/www/yii1-dev/framework/web/CBaseController.php(126): require()
#4 /var/www/yii1-dev/framework/web/CBaseController.php(95): TesController->renderInternal()
#5 /var/www/yii1-dev/framework/web/CController.php(872): TesController->renderFile()
#6 /var/www/yii1-dev/framework/web/CController.php(785): TesController->renderPartial()
#7 /var/www/yii1-dev/testdrive/protected/controllers/TesController.php(14): TesController->render()
#8 /var/www/yii1-dev/framework/web/actions/CInlineAction.php(49): TesController->actionIndex()
#9 /var/www/yii1-dev/framework/web/CController.php(308): CInlineAction->runWithParams()
#10 /var/www/yii1-dev/framework/web/CController.php(286): TesController->runAction()
#11 /var/www/yii1-dev/framework/web/CController.php(265): TesController->runActionWithFilters()
#12 /var/www/yii1-dev/framework/web/CWebApplication.php(282): TesController->run()
#13 /var/www/yii1-dev/framework/web/CWebApplication.php(141): CWebApplication->runController()
#14 /var/www/yii1-dev/framework/base/CApplication.php(185): CWebApplication->processRequest()
#15 /var/www/yii1-dev/testdrive/index.php(13): CWebApplication->run()
REQUEST_URI=/yii1-dev/testdrive/index.php?r=tes
in /var/www/yii1-dev/testdrive/protected/views/tes/index.php (40)
in /var/www/yii1-dev/testdrive/protected/controllers/TesController.php (14)
in /var/www/yii1-dev/testdrive/index.php (13)
2017/10/08 12:03:27 [error] [exception.CException] CException: Property "CArrayDataProvider.idx" is not defined. in /var/www/yii1-dev/framework/base/CComponent.php:173
Stack trace:
#0 /var/www/yii1-dev/framework/web/CArrayDataProvider.php(80): CComponent->__set('idx', 'idx')
#1 /var/www/yii1-dev/testdrive/protected/views/tes/index.php(30): CArrayDataProvider->__construct(Array, Array)
#2 /var/www/yii1-dev/framework/web/CBaseController.php(126): require('/var/www/yii1-d...')
#3 /var/www/yii1-dev/framework/web/CBaseController.php(95): CBaseController->renderInternal('/var/www/yii1-d...', Array, true)
#4 /var/www/yii1-dev/framework/web/CController.php(872): CBaseController->renderFile('/var/www/yii1-d...', Array, true)
#5 /var/www/yii1-dev/framework/web/CController.php(785): CController->renderPartial('index', Array, true)
#6 /var/www/yii1-dev/testdrive/protected/controllers/TesController.php(14): CController->render('index', Array)
#7 /var/www/yii1-dev/framework/web/actions/CInlineAction.php(49): TesController->actionIndex()
#8 /var/www/yii1-dev/framework/web/CController.php(308): CInlineAction->runWithParams(Array)
#9 /var/www/yii1-dev/framework/web/CController.php(286): CController->runAction(Object(CInlineAction))
#10 /var/www/yii1-dev/framework/web/CController.php(265): CController->runActionWithFilters(Object(CInlineAction), Array)
#11 /var/www/yii1-dev/framework/web/CWebApplication.php(282): CController->run('')
#12 /var/www/yii1-dev/framework/web/CWebApplication.php(141): CWebApplication->runController('tes')
#13 /var/www/yii1-dev/framework/base/CApplication.php(185): CWebApplication->processRequest()
#14 /var/www/yii1-dev/testdrive/index.php(13): CApplication->run()
#15 {main}
REQUEST_URI=/yii1-dev/testdrive/index.php?r=tes
---
2017/10/08 12:03:42 [error] [exception.CException] CException: Property "CArrayDataProvider.idx" is not defined. in /var/www/yii1-dev/framework/base/CComponent.php:173
Stack trace:
#0 /var/www/yii1-dev/framework/web/CArrayDataProvider.php(80): CComponent->__set('idx', 'id')
#1 /var/www/yii1-dev/testdrive/protected/views/tes/index.php(30): CArrayDataProvider->__construct(Array, Array)
#2 /var/www/yii1-dev/framework/web/CBaseController.php(126): require('/var/www/yii1-d...')
#3 /var/www/yii1-dev/framework/web/CBaseController.php(95): CBaseController->renderInternal('/var/www/yii1-d...', Array, true)
#4 /var/www/yii1-dev/framework/web/CController.php(872): CBaseController->renderFile('/var/www/yii1-d...', Array, true)
#5 /var/www/yii1-dev/framework/web/CController.php(785): CController->renderPartial('index', Array, true)
#6 /var/www/yii1-dev/testdrive/protected/controllers/TesController.php(14): CController->render('index', Array)
#7 /var/www/yii1-dev/framework/web/actions/CInlineAction.php(49): TesController->actionIndex()
#8 /var/www/yii1-dev/framework/web/CController.php(308): CInlineAction->runWithParams(Array)
#9 /var/www/yii1-dev/framework/web/CController.php(286): CController->runAction(Object(CInlineAction))
#10 /var/www/yii1-dev/framework/web/CController.php(265): CController->runActionWithFilters(Object(CInlineAction), Array)
#11 /var/www/yii1-dev/framework/web/CWebApplication.php(282): CController->run('')
#12 /var/www/yii1-dev/framework/web/CWebApplication.php(141): CWebApplication->runController('tes')
#13 /var/www/yii1-dev/framework/base/CApplication.php(185): CWebApplication->processRequest()
#14 /var/www/yii1-dev/testdrive/index.php(13): CApplication->run()
#15 {main}
REQUEST_URI=/yii1-dev/testdrive/index.php?r=tes
---
2017/10/08 12:06:28 [error] [php] Undefined index: id (/var/www/yii1-dev/framework/base/CComponent.php(614) : eval()'d code:1)
Stack trace:
#0 /var/www/yii1-dev/framework/zii/widgets/grid/CGridColumn.php(231): CDataColumn->getDataCellContent()
#1 /var/www/yii1-dev/framework/zii/widgets/grid/CGridColumn.php(154): CDataColumn->renderDataCellContent()
#2 /var/www/yii1-dev/framework/zii/widgets/grid/CGridView.php(639): CDataColumn->renderDataCell()
#3 /var/www/yii1-dev/framework/zii/widgets/grid/CGridView.php(623): CGridView->renderDataCell()
#4 /var/www/yii1-dev/framework/zii/widgets/grid/CGridView.php(579): CGridView->renderTableRow()
#5 /var/www/yii1-dev/framework/zii/widgets/grid/CGridView.php(489): CGridView->renderTableBody()
#6 /var/www/yii1-dev/framework/zii/widgets/CBaseListView.php(181): CGridView->renderItems()
#7 unknown(0): CGridView->renderSection()
#8 /var/www/yii1-dev/framework/zii/widgets/CBaseListView.php(164): preg_replace_callback()
#9 /var/www/yii1-dev/framework/zii/widgets/CBaseListView.php(149): CGridView->renderContent()
#10 /var/www/yii1-dev/framework/web/CBaseController.php(182): CGridView->run()
#11 /var/www/yii1-dev/testdrive/protected/views/tes/index.php(40): TesController->widget()
#12 /var/www/yii1-dev/framework/web/CBaseController.php(126): require()
#13 /var/www/yii1-dev/framework/web/CBaseController.php(95): TesController->renderInternal()
#14 /var/www/yii1-dev/framework/web/CController.php(872): TesController->renderFile()
#15 /var/www/yii1-dev/framework/web/CController.php(785): TesController->renderPartial()
#16 /var/www/yii1-dev/testdrive/protected/controllers/TesController.php(14): TesController->render()
#17 /var/www/yii1-dev/framework/web/actions/CInlineAction.php(49): TesController->actionIndex()
#18 /var/www/yii1-dev/framework/web/CController.php(308): CInlineAction->runWithParams()
#19 /var/www/yii1-dev/framework/web/CController.php(286): TesController->runAction()
#20 /var/www/yii1-dev/framework/web/CController.php(265): TesController->runActionWithFilters()
#21 /var/www/yii1-dev/framework/web/CWebApplication.php(282): TesController->run()
#22 /var/www/yii1-dev/framework/web/CWebApplication.php(141): CWebApplication->runController()
#23 /var/www/yii1-dev/framework/base/CApplication.php(185): CWebApplication->processRequest()
#24 /var/www/yii1-dev/testdrive/index.php(13): CWebApplication->run()
REQUEST_URI=/yii1-dev/testdrive/index.php?r=tes
in /var/www/yii1-dev/testdrive/protected/views/tes/index.php (40)
in /var/www/yii1-dev/testdrive/protected/controllers/TesController.php (14)
in /var/www/yii1-dev/testdrive/index.php (13)
2017/10/08 12:06:38 [error] [php] Undefined index: id (/var/www/yii1-dev/framework/web/CArrayDataProvider.php:111)
Stack trace:
#0 /var/www/yii1-dev/framework/zii/widgets/CBaseListView.php(150): CGridView->renderKeys()
#1 /var/www/yii1-dev/framework/web/CBaseController.php(182): CGridView->run()
#2 /var/www/yii1-dev/testdrive/protected/views/tes/index.php(40): TesController->widget()
#3 /var/www/yii1-dev/framework/web/CBaseController.php(126): require()
#4 /var/www/yii1-dev/framework/web/CBaseController.php(95): TesController->renderInternal()
#5 /var/www/yii1-dev/framework/web/CController.php(872): TesController->renderFile()
#6 /var/www/yii1-dev/framework/web/CController.php(785): TesController->renderPartial()
#7 /var/www/yii1-dev/testdrive/protected/controllers/TesController.php(14): TesController->render()
#8 /var/www/yii1-dev/framework/web/actions/CInlineAction.php(49): TesController->actionIndex()
#9 /var/www/yii1-dev/framework/web/CController.php(308): CInlineAction->runWithParams()
#10 /var/www/yii1-dev/framework/web/CController.php(286): TesController->runAction()
#11 /var/www/yii1-dev/framework/web/CController.php(265): TesController->runActionWithFilters()
#12 /var/www/yii1-dev/framework/web/CWebApplication.php(282): TesController->run()
#13 /var/www/yii1-dev/framework/web/CWebApplication.php(141): CWebApplication->runController()
#14 /var/www/yii1-dev/framework/base/CApplication.php(185): CWebApplication->processRequest()
#15 /var/www/yii1-dev/testdrive/index.php(13): CWebApplication->run()
REQUEST_URI=/yii1-dev/testdrive/index.php?r=tes
in /var/www/yii1-dev/testdrive/protected/views/tes/index.php (40)
in /var/www/yii1-dev/testdrive/protected/controllers/TesController.php (14)
in /var/www/yii1-dev/testdrive/index.php (13)
2017/10/08 12:09:31 [error] [php] Undefined index: id (/var/www/yii1-dev/framework/web/CArrayDataProvider.php:111)
Stack trace:
#0 /var/www/yii1-dev/framework/zii/widgets/CBaseListView.php(150): CGridView->renderKeys()
#1 /var/www/yii1-dev/framework/web/CBaseController.php(182): CGridView->run()
#2 /var/www/yii1-dev/testdrive/protected/views/tes/index.php(40): TesController->widget()
#3 /var/www/yii1-dev/framework/web/CBaseController.php(126): require()
#4 /var/www/yii1-dev/framework/web/CBaseController.php(95): TesController->renderInternal()
#5 /var/www/yii1-dev/framework/web/CController.php(872): TesController->renderFile()
#6 /var/www/yii1-dev/framework/web/CController.php(785): TesController->renderPartial()
#7 /var/www/yii1-dev/testdrive/protected/controllers/TesController.php(14): TesController->render()
#8 /var/www/yii1-dev/framework/web/actions/CInlineAction.php(49): TesController->actionIndex()
#9 /var/www/yii1-dev/framework/web/CController.php(308): CInlineAction->runWithParams()
#10 /var/www/yii1-dev/framework/web/CController.php(286): TesController->runAction()
#11 /var/www/yii1-dev/framework/web/CController.php(265): TesController->runActionWithFilters()
#12 /var/www/yii1-dev/framework/web/CWebApplication.php(282): TesController->run()
#13 /var/www/yii1-dev/framework/web/CWebApplication.php(141): CWebApplication->runController()
#14 /var/www/yii1-dev/framework/base/CApplication.php(185): CWebApplication->processRequest()
#15 /var/www/yii1-dev/testdrive/index.php(13): CWebApplication->run()
REQUEST_URI=/yii1-dev/testdrive/index.php?r=tes
in /var/www/yii1-dev/testdrive/protected/views/tes/index.php (40)
in /var/www/yii1-dev/testdrive/protected/controllers/TesController.php (14)
in /var/www/yii1-dev/testdrive/index.php (13)
2017/10/08 12:09:36 [error] [php] Undefined index: id (/var/www/yii1-dev/framework/web/CArrayDataProvider.php:111)
Stack trace:
#0 /var/www/yii1-dev/framework/zii/widgets/CBaseListView.php(150): CGridView->renderKeys()
#1 /var/www/yii1-dev/framework/web/CBaseController.php(182): CGridView->run()
#2 /var/www/yii1-dev/testdrive/protected/views/tes/index.php(40): TesController->widget()
#3 /var/www/yii1-dev/framework/web/CBaseController.php(126): require()
#4 /var/www/yii1-dev/framework/web/CBaseController.php(95): TesController->renderInternal()
#5 /var/www/yii1-dev/framework/web/CController.php(872): TesController->renderFile()
#6 /var/www/yii1-dev/framework/web/CController.php(785): TesController->renderPartial()
#7 /var/www/yii1-dev/testdrive/protected/controllers/TesController.php(14): TesController->render()
#8 /var/www/yii1-dev/framework/web/actions/CInlineAction.php(49): TesController->actionIndex()
#9 /var/www/yii1-dev/framework/web/CController.php(308): CInlineAction->runWithParams()
#10 /var/www/yii1-dev/framework/web/CController.php(286): TesController->runAction()
#11 /var/www/yii1-dev/framework/web/CController.php(265): TesController->runActionWithFilters()
#12 /var/www/yii1-dev/framework/web/CWebApplication.php(282): TesController->run()
#13 /var/www/yii1-dev/framework/web/CWebApplication.php(141): CWebApplication->runController()
#14 /var/www/yii1-dev/framework/base/CApplication.php(185): CWebApplication->processRequest()
#15 /var/www/yii1-dev/testdrive/index.php(13): CWebApplication->run()
REQUEST_URI=/yii1-dev/testdrive/index.php?r=tes
in /var/www/yii1-dev/testdrive/protected/views/tes/index.php (40)
in /var/www/yii1-dev/testdrive/protected/controllers/TesController.php (14)
in /var/www/yii1-dev/testdrive/index.php (13)
2017/10/08 12:10:17 [error] [php] Undefined index: id (/var/www/yii1-dev/framework/web/CArrayDataProvider.php:111)
Stack trace:
#0 /var/www/yii1-dev/framework/zii/widgets/CBaseListView.php(150): CGridView->renderKeys()
#1 /var/www/yii1-dev/framework/web/CBaseController.php(182): CGridView->run()
#2 /var/www/yii1-dev/testdrive/protected/views/tes/index.php(40): TesController->widget()
#3 /var/www/yii1-dev/framework/web/CBaseController.php(126): require()
#4 /var/www/yii1-dev/framework/web/CBaseController.php(95): TesController->renderInternal()
#5 /var/www/yii1-dev/framework/web/CController.php(872): TesController->renderFile()
#6 /var/www/yii1-dev/framework/web/CController.php(785): TesController->renderPartial()
#7 /var/www/yii1-dev/testdrive/protected/controllers/TesController.php(14): TesController->render()
#8 /var/www/yii1-dev/framework/web/actions/CInlineAction.php(49): TesController->actionIndex()
#9 /var/www/yii1-dev/framework/web/CController.php(308): CInlineAction->runWithParams()
#10 /var/www/yii1-dev/framework/web/CController.php(286): TesController->runAction()
#11 /var/www/yii1-dev/framework/web/CController.php(265): TesController->runActionWithFilters()
#12 /var/www/yii1-dev/framework/web/CWebApplication.php(282): TesController->run()
#13 /var/www/yii1-dev/framework/web/CWebApplication.php(141): CWebApplication->runController()
#14 /var/www/yii1-dev/framework/base/CApplication.php(185): CWebApplication->processRequest()
#15 /var/www/yii1-dev/testdrive/index.php(13): CWebApplication->run()
REQUEST_URI=/yii1-dev/testdrive/index.php?r=tes
in /var/www/yii1-dev/testdrive/protected/views/tes/index.php (40)
in /var/www/yii1-dev/testdrive/protected/controllers/TesController.php (14)
in /var/www/yii1-dev/testdrive/index.php (13)
2017/10/08 12:10:29 [error] [php] Undefined index: id (/var/www/yii1-dev/framework/web/CArrayDataProvider.php:111)
Stack trace:
#0 /var/www/yii1-dev/framework/zii/widgets/CBaseListView.php(150): CGridView->renderKeys()
#1 /var/www/yii1-dev/framework/web/CBaseController.php(182): CGridView->run()
#2 /var/www/yii1-dev/testdrive/protected/views/tes/index.php(40): TesController->widget()
#3 /var/www/yii1-dev/framework/web/CBaseController.php(126): require()
#4 /var/www/yii1-dev/framework/web/CBaseController.php(95): TesController->renderInternal()
#5 /var/www/yii1-dev/framework/web/CController.php(872): TesController->renderFile()
#6 /var/www/yii1-dev/framework/web/CController.php(785): TesController->renderPartial()
#7 /var/www/yii1-dev/testdrive/protected/controllers/TesController.php(14): TesController->render()
#8 /var/www/yii1-dev/framework/web/actions/CInlineAction.php(49): TesController->actionIndex()
#9 /var/www/yii1-dev/framework/web/CController.php(308): CInlineAction->runWithParams()
#10 /var/www/yii1-dev/framework/web/CController.php(286): TesController->runAction()
#11 /var/www/yii1-dev/framework/web/CController.php(265): TesController->runActionWithFilters()
#12 /var/www/yii1-dev/framework/web/CWebApplication.php(282): TesController->run()
#13 /var/www/yii1-dev/framework/web/CWebApplication.php(141): CWebApplication->runController()
#14 /var/www/yii1-dev/framework/base/CApplication.php(185): CWebApplication->processRequest()
#15 /var/www/yii1-dev/testdrive/index.php(13): CWebApplication->run()
REQUEST_URI=/yii1-dev/testdrive/index.php?r=tes
in /var/www/yii1-dev/testdrive/protected/views/tes/index.php (40)
in /var/www/yii1-dev/testdrive/protected/controllers/TesController.php (14)
in /var/www/yii1-dev/testdrive/index.php (13)
2017/10/08 12:16:41 [error] [exception.CException] CException: TesController cannot find the requested view "anActionView". in /var/www/yii1-dev/framework/web/CController.php:881
Stack trace:
#0 /var/www/yii1-dev/framework/web/CController.php(785): CController->renderPartial('anActionView', Array, true)
#1 /var/www/yii1-dev/testdrive/protected/controllers/TesController.php(47): CController->render('anActionView', Array)
#2 /var/www/yii1-dev/framework/web/actions/CInlineAction.php(49): TesController->actionIndex()
#3 /var/www/yii1-dev/framework/web/CController.php(308): CInlineAction->runWithParams(Array)
#4 /var/www/yii1-dev/framework/web/CController.php(286): CController->runAction(Object(CInlineAction))
#5 /var/www/yii1-dev/framework/web/CController.php(265): CController->runActionWithFilters(Object(CInlineAction), Array)
#6 /var/www/yii1-dev/framework/web/CWebApplication.php(282): CController->run('')
#7 /var/www/yii1-dev/framework/web/CWebApplication.php(141): CWebApplication->runController('tes')
#8 /var/www/yii1-dev/framework/base/CApplication.php(185): CWebApplication->processRequest()
#9 /var/www/yii1-dev/testdrive/index.php(13): CApplication->run()
#10 {main}
REQUEST_URI=/yii1-dev/testdrive/index.php?r=tes
---
2017/10/08 12:17:36 [error] [php] Undefined variable: tesdata (/var/www/yii1-dev/testdrive/protected/views/tes/index.php:12)
Stack trace:
#0 /var/www/yii1-dev/framework/web/CController.php(872): TesController->renderFile()
#1 /var/www/yii1-dev/framework/web/CController.php(785): TesController->renderPartial()
#2 /var/www/yii1-dev/testdrive/protected/controllers/TesController.php(47): TesController->render()
#3 /var/www/yii1-dev/framework/web/actions/CInlineAction.php(49): TesController->actionIndex()
#4 /var/www/yii1-dev/framework/web/CController.php(308): CInlineAction->runWithParams()
#5 /var/www/yii1-dev/framework/web/CController.php(286): TesController->runAction()
#6 /var/www/yii1-dev/framework/web/CController.php(265): TesController->runActionWithFilters()
#7 /var/www/yii1-dev/framework/web/CWebApplication.php(282): TesController->run()
#8 /var/www/yii1-dev/framework/web/CWebApplication.php(141): CWebApplication->runController()
#9 /var/www/yii1-dev/framework/base/CApplication.php(185): CWebApplication->processRequest()
#10 /var/www/yii1-dev/testdrive/index.php(13): CWebApplication->run()
REQUEST_URI=/yii1-dev/testdrive/index.php?r=tes
in /var/www/yii1-dev/testdrive/protected/views/tes/index.php (12)
in /var/www/yii1-dev/testdrive/protected/controllers/TesController.php (47)
in /var/www/yii1-dev/testdrive/index.php (13)
2017/10/08 12:18:01 [error] [system.db.CDbCommand] CDbCommand::fetchAll() failed: SQLSTATE[42703]: Undefined column: 7 ERROR:  column "main_id" does not exist
LINE 1: SELECT * FROM public.petugas ORDER BY MAIN_ID LIMIT 10
                                              ^. The SQL statement executed was: SELECT * FROM public.petugas ORDER BY MAIN_ID LIMIT 10.
in /var/www/yii1-dev/testdrive/protected/views/tes/index.php (10)
in /var/www/yii1-dev/testdrive/protected/controllers/TesController.php (47)
in /var/www/yii1-dev/testdrive/index.php (13)
2017/10/08 12:18:01 [error] [exception.CDbException] CDbException: CDbCommand failed to execute the SQL statement: SQLSTATE[42703]: Undefined column: 7 ERROR:  column "main_id" does not exist
LINE 1: SELECT * FROM public.petugas ORDER BY MAIN_ID LIMIT 10
                                              ^. The SQL statement executed was: SELECT * FROM public.petugas ORDER BY MAIN_ID LIMIT 10 in /var/www/yii1-dev/framework/db/CDbCommand.php:543
Stack trace:
#0 /var/www/yii1-dev/framework/db/CDbCommand.php(396): CDbCommand->queryInternal('fetchAll', Array, Array)
#1 /var/www/yii1-dev/framework/web/CSqlDataProvider.php(108): CDbCommand->queryAll()
#2 /var/www/yii1-dev/framework/web/CDataProvider.php(168): CSqlDataProvider->fetchData()
#3 /var/www/yii1-dev/framework/zii/widgets/CBaseListView.php(125): CDataProvider->getData()
#4 /var/www/yii1-dev/framework/zii/widgets/grid/CGridView.php(339): CBaseListView->init()
#5 /var/www/yii1-dev/framework/web/CBaseController.php(147): CGridView->init()
#6 /var/www/yii1-dev/framework/web/CBaseController.php(181): CBaseController->createWidget('zii.widgets.gri...', Array)
#7 /var/www/yii1-dev/testdrive/protected/views/tes/index.php(10): CBaseController->widget('zii.widgets.gri...', Array)
#8 /var/www/yii1-dev/framework/web/CBaseController.php(126): require('/var/www/yii1-d...')
#9 /var/www/yii1-dev/framework/web/CBaseController.php(95): CBaseController->renderInternal('/var/www/yii1-d...', Array, true)
#10 /var/www/yii1-dev/framework/web/CController.php(872): CBaseController->renderFile('/var/www/yii1-d...', Array, true)
#11 /var/www/yii1-dev/framework/web/CController.php(785): CController->renderPartial('index', Array, true)
#12 /var/www/yii1-dev/testdrive/protected/controllers/TesController.php(47): CController->render('index', Array)
#13 /var/www/yii1-dev/framework/web/actions/CInlineAction.php(49): TesController->actionIndex()
#14 /var/www/yii1-dev/framework/web/CController.php(308): CInlineAction->runWithParams(Array)
#15 /var/www/yii1-dev/framework/web/CController.php(286): CController->runAction(Object(CInlineAction))
#16 /var/www/yii1-dev/framework/web/CController.php(265): CController->runActionWithFilters(Object(CInlineAction), Array)
#17 /var/www/yii1-dev/framework/web/CWebApplication.php(282): CController->run('')
#18 /var/www/yii1-dev/framework/web/CWebApplication.php(141): CWebApplication->runController('tes')
#19 /var/www/yii1-dev/framework/base/CApplication.php(185): CWebApplication->processRequest()
#20 /var/www/yii1-dev/testdrive/index.php(13): CApplication->run()
#21 {main}
REQUEST_URI=/yii1-dev/testdrive/index.php?r=tes
---
2017/10/08 12:19:01 [error] [php] Undefined index: MAIN_ID (/var/www/yii1-dev/framework/base/CComponent.php(614) : eval()'d code:1)
Stack trace:
#0 /var/www/yii1-dev/framework/zii/widgets/grid/CButtonColumn.php(321): CButtonColumn->renderButton()
#1 /var/www/yii1-dev/framework/zii/widgets/grid/CGridColumn.php(231): CButtonColumn->getDataCellContent()
#2 /var/www/yii1-dev/framework/zii/widgets/grid/CGridColumn.php(154): CButtonColumn->renderDataCellContent()
#3 /var/www/yii1-dev/framework/zii/widgets/grid/CGridView.php(639): CButtonColumn->renderDataCell()
#4 /var/www/yii1-dev/framework/zii/widgets/grid/CGridView.php(623): CGridView->renderDataCell()
#5 /var/www/yii1-dev/framework/zii/widgets/grid/CGridView.php(579): CGridView->renderTableRow()
#6 /var/www/yii1-dev/framework/zii/widgets/grid/CGridView.php(489): CGridView->renderTableBody()
#7 /var/www/yii1-dev/framework/zii/widgets/CBaseListView.php(181): CGridView->renderItems()
#8 unknown(0): CGridView->renderSection()
#9 /var/www/yii1-dev/framework/zii/widgets/CBaseListView.php(164): preg_replace_callback()
#10 /var/www/yii1-dev/framework/zii/widgets/CBaseListView.php(149): CGridView->renderContent()
#11 /var/www/yii1-dev/framework/web/CBaseController.php(182): CGridView->run()
#12 /var/www/yii1-dev/testdrive/protected/views/tes/index.php(10): TesController->widget()
#13 /var/www/yii1-dev/framework/web/CBaseController.php(126): require()
#14 /var/www/yii1-dev/framework/web/CBaseController.php(95): TesController->renderInternal()
#15 /var/www/yii1-dev/framework/web/CController.php(872): TesController->renderFile()
#16 /var/www/yii1-dev/framework/web/CController.php(785): TesController->renderPartial()
#17 /var/www/yii1-dev/testdrive/protected/controllers/TesController.php(47): TesController->render()
#18 /var/www/yii1-dev/framework/web/actions/CInlineAction.php(49): TesController->actionIndex()
#19 /var/www/yii1-dev/framework/web/CController.php(308): CInlineAction->runWithParams()
#20 /var/www/yii1-dev/framework/web/CController.php(286): TesController->runAction()
#21 /var/www/yii1-dev/framework/web/CController.php(265): TesController->runActionWithFilters()
#22 /var/www/yii1-dev/framework/web/CWebApplication.php(282): TesController->run()
#23 /var/www/yii1-dev/framework/web/CWebApplication.php(141): CWebApplication->runController()
#24 /var/www/yii1-dev/framework/base/CApplication.php(185): CWebApplication->processRequest()
#25 /var/www/yii1-dev/testdrive/index.php(13): CWebApplication->run()
REQUEST_URI=/yii1-dev/testdrive/index.php?r=tes
in /var/www/yii1-dev/testdrive/protected/views/tes/index.php (10)
in /var/www/yii1-dev/testdrive/protected/controllers/TesController.php (47)
in /var/www/yii1-dev/testdrive/index.php (13)
2017/10/08 12:19:27 [error] [php] Undefined index: ID_PETUGAS (/var/www/yii1-dev/framework/base/CComponent.php(614) : eval()'d code:1)
Stack trace:
#0 /var/www/yii1-dev/framework/zii/widgets/grid/CButtonColumn.php(321): CButtonColumn->renderButton()
#1 /var/www/yii1-dev/framework/zii/widgets/grid/CGridColumn.php(231): CButtonColumn->getDataCellContent()
#2 /var/www/yii1-dev/framework/zii/widgets/grid/CGridColumn.php(154): CButtonColumn->renderDataCellContent()
#3 /var/www/yii1-dev/framework/zii/widgets/grid/CGridView.php(639): CButtonColumn->renderDataCell()
#4 /var/www/yii1-dev/framework/zii/widgets/grid/CGridView.php(623): CGridView->renderDataCell()
#5 /var/www/yii1-dev/framework/zii/widgets/grid/CGridView.php(579): CGridView->renderTableRow()
#6 /var/www/yii1-dev/framework/zii/widgets/grid/CGridView.php(489): CGridView->renderTableBody()
#7 /var/www/yii1-dev/framework/zii/widgets/CBaseListView.php(181): CGridView->renderItems()
#8 unknown(0): CGridView->renderSection()
#9 /var/www/yii1-dev/framework/zii/widgets/CBaseListView.php(164): preg_replace_callback()
#10 /var/www/yii1-dev/framework/zii/widgets/CBaseListView.php(149): CGridView->renderContent()
#11 /var/www/yii1-dev/framework/web/CBaseController.php(182): CGridView->run()
#12 /var/www/yii1-dev/testdrive/protected/views/tes/index.php(10): TesController->widget()
#13 /var/www/yii1-dev/framework/web/CBaseController.php(126): require()
#14 /var/www/yii1-dev/framework/web/CBaseController.php(95): TesController->renderInternal()
#15 /var/www/yii1-dev/framework/web/CController.php(872): TesController->renderFile()
#16 /var/www/yii1-dev/framework/web/CController.php(785): TesController->renderPartial()
#17 /var/www/yii1-dev/testdrive/protected/controllers/TesController.php(47): TesController->render()
#18 /var/www/yii1-dev/framework/web/actions/CInlineAction.php(49): TesController->actionIndex()
#19 /var/www/yii1-dev/framework/web/CController.php(308): CInlineAction->runWithParams()
#20 /var/www/yii1-dev/framework/web/CController.php(286): TesController->runAction()
#21 /var/www/yii1-dev/framework/web/CController.php(265): TesController->runActionWithFilters()
#22 /var/www/yii1-dev/framework/web/CWebApplication.php(282): TesController->run()
#23 /var/www/yii1-dev/framework/web/CWebApplication.php(141): CWebApplication->runController()
#24 /var/www/yii1-dev/framework/base/CApplication.php(185): CWebApplication->processRequest()
#25 /var/www/yii1-dev/testdrive/index.php(13): CWebApplication->run()
REQUEST_URI=/yii1-dev/testdrive/index.php?r=tes
in /var/www/yii1-dev/testdrive/protected/views/tes/index.php (10)
in /var/www/yii1-dev/testdrive/protected/controllers/TesController.php (47)
in /var/www/yii1-dev/testdrive/index.php (13)
2017/10/08 12:20:02 [error] [system.db.CDbCommand] CDbCommand::fetchAll() failed: SQLSTATE[42703]: Undefined column: 7 ERROR:  column "main_id" does not exist
LINE 1: SELECT * FROM public.petugas ORDER BY MAIN_ID LIMIT 10
                                              ^. The SQL statement executed was: SELECT * FROM public.petugas ORDER BY MAIN_ID LIMIT 10.
in /var/www/yii1-dev/testdrive/protected/views/tes/index.php (8)
in /var/www/yii1-dev/testdrive/protected/controllers/TesController.php (47)
in /var/www/yii1-dev/testdrive/index.php (13)
2017/10/08 12:20:02 [error] [exception.CDbException] CDbException: CDbCommand failed to execute the SQL statement: SQLSTATE[42703]: Undefined column: 7 ERROR:  column "main_id" does not exist
LINE 1: SELECT * FROM public.petugas ORDER BY MAIN_ID LIMIT 10
                                              ^. The SQL statement executed was: SELECT * FROM public.petugas ORDER BY MAIN_ID LIMIT 10 in /var/www/yii1-dev/framework/db/CDbCommand.php:543
Stack trace:
#0 /var/www/yii1-dev/framework/db/CDbCommand.php(396): CDbCommand->queryInternal('fetchAll', Array, Array)
#1 /var/www/yii1-dev/framework/web/CSqlDataProvider.php(108): CDbCommand->queryAll()
#2 /var/www/yii1-dev/framework/web/CDataProvider.php(168): CSqlDataProvider->fetchData()
#3 /var/www/yii1-dev/framework/zii/widgets/CBaseListView.php(125): CDataProvider->getData()
#4 /var/www/yii1-dev/framework/zii/widgets/grid/CGridView.php(339): CBaseListView->init()
#5 /var/www/yii1-dev/framework/web/CBaseController.php(147): CGridView->init()
#6 /var/www/yii1-dev/framework/web/CBaseController.php(181): CBaseController->createWidget('zii.widgets.gri...', Array)
#7 /var/www/yii1-dev/testdrive/protected/views/tes/index.php(8): CBaseController->widget('zii.widgets.gri...', Array)
#8 /var/www/yii1-dev/framework/web/CBaseController.php(126): require('/var/www/yii1-d...')
#9 /var/www/yii1-dev/framework/web/CBaseController.php(95): CBaseController->renderInternal('/var/www/yii1-d...', Array, true)
#10 /var/www/yii1-dev/framework/web/CController.php(872): CBaseController->renderFile('/var/www/yii1-d...', Array, true)
#11 /var/www/yii1-dev/framework/web/CController.php(785): CController->renderPartial('index', Array, true)
#12 /var/www/yii1-dev/testdrive/protected/controllers/TesController.php(47): CController->render('index', Array)
#13 /var/www/yii1-dev/framework/web/actions/CInlineAction.php(49): TesController->actionIndex()
#14 /var/www/yii1-dev/framework/web/CController.php(308): CInlineAction->runWithParams(Array)
#15 /var/www/yii1-dev/framework/web/CController.php(286): CController->runAction(Object(CInlineAction))
#16 /var/www/yii1-dev/framework/web/CController.php(265): CController->runActionWithFilters(Object(CInlineAction), Array)
#17 /var/www/yii1-dev/framework/web/CWebApplication.php(282): CController->run('')
#18 /var/www/yii1-dev/framework/web/CWebApplication.php(141): CWebApplication->runController('tes')
#19 /var/www/yii1-dev/framework/base/CApplication.php(185): CWebApplication->processRequest()
#20 /var/www/yii1-dev/testdrive/index.php(13): CApplication->run()
#21 {main}
REQUEST_URI=/yii1-dev/testdrive/index.php?r=tes
---
2017/10/08 12:22:05 [error] [php] Undefined index: MAIN_ID (/var/www/yii1-dev/framework/base/CComponent.php(614) : eval()'d code:1)
Stack trace:
#0 /var/www/yii1-dev/framework/zii/widgets/grid/CButtonColumn.php(321): CButtonColumn->renderButton()
#1 /var/www/yii1-dev/framework/zii/widgets/grid/CGridColumn.php(231): CButtonColumn->getDataCellContent()
#2 /var/www/yii1-dev/framework/zii/widgets/grid/CGridColumn.php(154): CButtonColumn->renderDataCellContent()
#3 /var/www/yii1-dev/framework/zii/widgets/grid/CGridView.php(639): CButtonColumn->renderDataCell()
#4 /var/www/yii1-dev/framework/zii/widgets/grid/CGridView.php(623): CGridView->renderDataCell()
#5 /var/www/yii1-dev/framework/zii/widgets/grid/CGridView.php(579): CGridView->renderTableRow()
#6 /var/www/yii1-dev/framework/zii/widgets/grid/CGridView.php(489): CGridView->renderTableBody()
#7 /var/www/yii1-dev/framework/zii/widgets/CBaseListView.php(181): CGridView->renderItems()
#8 unknown(0): CGridView->renderSection()
#9 /var/www/yii1-dev/framework/zii/widgets/CBaseListView.php(164): preg_replace_callback()
#10 /var/www/yii1-dev/framework/zii/widgets/CBaseListView.php(149): CGridView->renderContent()
#11 /var/www/yii1-dev/framework/web/CBaseController.php(182): CGridView->run()
#12 /var/www/yii1-dev/testdrive/protected/views/tes/index.php(8): TesController->widget()
#13 /var/www/yii1-dev/framework/web/CBaseController.php(126): require()
#14 /var/www/yii1-dev/framework/web/CBaseController.php(95): TesController->renderInternal()
#15 /var/www/yii1-dev/framework/web/CController.php(872): TesController->renderFile()
#16 /var/www/yii1-dev/framework/web/CController.php(785): TesController->renderPartial()
#17 /var/www/yii1-dev/testdrive/protected/controllers/TesController.php(47): TesController->render()
#18 /var/www/yii1-dev/framework/web/actions/CInlineAction.php(49): TesController->actionIndex()
#19 /var/www/yii1-dev/framework/web/CController.php(308): CInlineAction->runWithParams()
#20 /var/www/yii1-dev/framework/web/CController.php(286): TesController->runAction()
#21 /var/www/yii1-dev/framework/web/CController.php(265): TesController->runActionWithFilters()
#22 /var/www/yii1-dev/framework/web/CWebApplication.php(282): TesController->run()
#23 /var/www/yii1-dev/framework/web/CWebApplication.php(141): CWebApplication->runController()
#24 /var/www/yii1-dev/framework/base/CApplication.php(185): CWebApplication->processRequest()
#25 /var/www/yii1-dev/testdrive/index.php(13): CWebApplication->run()
REQUEST_URI=/yii1-dev/testdrive/index.php?r=tes
in /var/www/yii1-dev/testdrive/protected/views/tes/index.php (8)
in /var/www/yii1-dev/testdrive/protected/controllers/TesController.php (47)
in /var/www/yii1-dev/testdrive/index.php (13)
2017/10/08 12:22:20 [error] [php] Undefined index: ID_PETUGAS (/var/www/yii1-dev/framework/base/CComponent.php(614) : eval()'d code:1)
Stack trace:
#0 /var/www/yii1-dev/framework/zii/widgets/grid/CButtonColumn.php(321): CButtonColumn->renderButton()
#1 /var/www/yii1-dev/framework/zii/widgets/grid/CGridColumn.php(231): CButtonColumn->getDataCellContent()
#2 /var/www/yii1-dev/framework/zii/widgets/grid/CGridColumn.php(154): CButtonColumn->renderDataCellContent()
#3 /var/www/yii1-dev/framework/zii/widgets/grid/CGridView.php(639): CButtonColumn->renderDataCell()
#4 /var/www/yii1-dev/framework/zii/widgets/grid/CGridView.php(623): CGridView->renderDataCell()
#5 /var/www/yii1-dev/framework/zii/widgets/grid/CGridView.php(579): CGridView->renderTableRow()
#6 /var/www/yii1-dev/framework/zii/widgets/grid/CGridView.php(489): CGridView->renderTableBody()
#7 /var/www/yii1-dev/framework/zii/widgets/CBaseListView.php(181): CGridView->renderItems()
#8 unknown(0): CGridView->renderSection()
#9 /var/www/yii1-dev/framework/zii/widgets/CBaseListView.php(164): preg_replace_callback()
#10 /var/www/yii1-dev/framework/zii/widgets/CBaseListView.php(149): CGridView->renderContent()
#11 /var/www/yii1-dev/framework/web/CBaseController.php(182): CGridView->run()
#12 /var/www/yii1-dev/testdrive/protected/views/tes/index.php(8): TesController->widget()
#13 /var/www/yii1-dev/framework/web/CBaseController.php(126): require()
#14 /var/www/yii1-dev/framework/web/CBaseController.php(95): TesController->renderInternal()
#15 /var/www/yii1-dev/framework/web/CController.php(872): TesController->renderFile()
#16 /var/www/yii1-dev/framework/web/CController.php(785): TesController->renderPartial()
#17 /var/www/yii1-dev/testdrive/protected/controllers/TesController.php(47): TesController->render()
#18 /var/www/yii1-dev/framework/web/actions/CInlineAction.php(49): TesController->actionIndex()
#19 /var/www/yii1-dev/framework/web/CController.php(308): CInlineAction->runWithParams()
#20 /var/www/yii1-dev/framework/web/CController.php(286): TesController->runAction()
#21 /var/www/yii1-dev/framework/web/CController.php(265): TesController->runActionWithFilters()
#22 /var/www/yii1-dev/framework/web/CWebApplication.php(282): TesController->run()
#23 /var/www/yii1-dev/framework/web/CWebApplication.php(141): CWebApplication->runController()
#24 /var/www/yii1-dev/framework/base/CApplication.php(185): CWebApplication->processRequest()
#25 /var/www/yii1-dev/testdrive/index.php(13): CWebApplication->run()
REQUEST_URI=/yii1-dev/testdrive/index.php?r=tes
in /var/www/yii1-dev/testdrive/protected/views/tes/index.php (8)
in /var/www/yii1-dev/testdrive/protected/controllers/TesController.php (47)
in /var/www/yii1-dev/testdrive/index.php (13)
2017/10/08 12:24:26 [error] [php] Undefined index: MAIN_ID (/var/www/yii1-dev/framework/base/CComponent.php(614) : eval()'d code:1)
Stack trace:
#0 /var/www/yii1-dev/framework/zii/widgets/grid/CButtonColumn.php(321): CButtonColumn->renderButton()
#1 /var/www/yii1-dev/framework/zii/widgets/grid/CGridColumn.php(231): CButtonColumn->getDataCellContent()
#2 /var/www/yii1-dev/framework/zii/widgets/grid/CGridColumn.php(154): CButtonColumn->renderDataCellContent()
#3 /var/www/yii1-dev/framework/zii/widgets/grid/CGridView.php(639): CButtonColumn->renderDataCell()
#4 /var/www/yii1-dev/framework/zii/widgets/grid/CGridView.php(623): CGridView->renderDataCell()
#5 /var/www/yii1-dev/framework/zii/widgets/grid/CGridView.php(579): CGridView->renderTableRow()
#6 /var/www/yii1-dev/framework/zii/widgets/grid/CGridView.php(489): CGridView->renderTableBody()
#7 /var/www/yii1-dev/framework/zii/widgets/CBaseListView.php(181): CGridView->renderItems()
#8 unknown(0): CGridView->renderSection()
#9 /var/www/yii1-dev/framework/zii/widgets/CBaseListView.php(164): preg_replace_callback()
#10 /var/www/yii1-dev/framework/zii/widgets/CBaseListView.php(149): CGridView->renderContent()
#11 /var/www/yii1-dev/framework/web/CBaseController.php(182): CGridView->run()
#12 /var/www/yii1-dev/testdrive/protected/views/tes/index.php(8): TesController->widget()
#13 /var/www/yii1-dev/framework/web/CBaseController.php(126): require()
#14 /var/www/yii1-dev/framework/web/CBaseController.php(95): TesController->renderInternal()
#15 /var/www/yii1-dev/framework/web/CController.php(872): TesController->renderFile()
#16 /var/www/yii1-dev/framework/web/CController.php(785): TesController->renderPartial()
#17 /var/www/yii1-dev/testdrive/protected/controllers/TesController.php(47): TesController->render()
#18 /var/www/yii1-dev/framework/web/actions/CInlineAction.php(49): TesController->actionIndex()
#19 /var/www/yii1-dev/framework/web/CController.php(308): CInlineAction->runWithParams()
#20 /var/www/yii1-dev/framework/web/CController.php(286): TesController->runAction()
#21 /var/www/yii1-dev/framework/web/CController.php(265): TesController->runActionWithFilters()
#22 /var/www/yii1-dev/framework/web/CWebApplication.php(282): TesController->run()
#23 /var/www/yii1-dev/framework/web/CWebApplication.php(141): CWebApplication->runController()
#24 /var/www/yii1-dev/framework/base/CApplication.php(185): CWebApplication->processRequest()
#25 /var/www/yii1-dev/testdrive/index.php(13): CWebApplication->run()
REQUEST_URI=/yii1-dev/testdrive/index.php?r=tes
in /var/www/yii1-dev/testdrive/protected/views/tes/index.php (8)
in /var/www/yii1-dev/testdrive/protected/controllers/TesController.php (47)
in /var/www/yii1-dev/testdrive/index.php (13)
2017/10/08 12:26:59 [error] [php] Undefined index: MAIN_ID (/var/www/yii1-dev/framework/base/CComponent.php(614) : eval()'d code:1)
Stack trace:
#0 /var/www/yii1-dev/framework/zii/widgets/grid/CButtonColumn.php(321): CButtonColumn->renderButton()
#1 /var/www/yii1-dev/framework/zii/widgets/grid/CGridColumn.php(231): CButtonColumn->getDataCellContent()
#2 /var/www/yii1-dev/framework/zii/widgets/grid/CGridColumn.php(154): CButtonColumn->renderDataCellContent()
#3 /var/www/yii1-dev/framework/zii/widgets/grid/CGridView.php(639): CButtonColumn->renderDataCell()
#4 /var/www/yii1-dev/framework/zii/widgets/grid/CGridView.php(623): CGridView->renderDataCell()
#5 /var/www/yii1-dev/framework/zii/widgets/grid/CGridView.php(579): CGridView->renderTableRow()
#6 /var/www/yii1-dev/framework/zii/widgets/grid/CGridView.php(489): CGridView->renderTableBody()
#7 /var/www/yii1-dev/framework/zii/widgets/CBaseListView.php(181): CGridView->renderItems()
#8 unknown(0): CGridView->renderSection()
#9 /var/www/yii1-dev/framework/zii/widgets/CBaseListView.php(164): preg_replace_callback()
#10 /var/www/yii1-dev/framework/zii/widgets/CBaseListView.php(149): CGridView->renderContent()
#11 /var/www/yii1-dev/framework/web/CBaseController.php(182): CGridView->run()
#12 /var/www/yii1-dev/testdrive/protected/views/tes/index.php(8): TesController->widget()
#13 /var/www/yii1-dev/framework/web/CBaseController.php(126): require()
#14 /var/www/yii1-dev/framework/web/CBaseController.php(95): TesController->renderInternal()
#15 /var/www/yii1-dev/framework/web/CController.php(872): TesController->renderFile()
#16 /var/www/yii1-dev/framework/web/CController.php(785): TesController->renderPartial()
#17 /var/www/yii1-dev/testdrive/protected/controllers/TesController.php(47): TesController->render()
#18 /var/www/yii1-dev/framework/web/actions/CInlineAction.php(49): TesController->actionIndex()
#19 /var/www/yii1-dev/framework/web/CController.php(308): CInlineAction->runWithParams()
#20 /var/www/yii1-dev/framework/web/CController.php(286): TesController->runAction()
#21 /var/www/yii1-dev/framework/web/CController.php(265): TesController->runActionWithFilters()
#22 /var/www/yii1-dev/framework/web/CWebApplication.php(282): TesController->run()
#23 /var/www/yii1-dev/framework/web/CWebApplication.php(141): CWebApplication->runController()
#24 /var/www/yii1-dev/framework/base/CApplication.php(185): CWebApplication->processRequest()
#25 /var/www/yii1-dev/testdrive/index.php(13): CWebApplication->run()
REQUEST_URI=/yii1-dev/testdrive/index.php?r=tes
in /var/www/yii1-dev/testdrive/protected/views/tes/index.php (8)
in /var/www/yii1-dev/testdrive/protected/controllers/TesController.php (47)
in /var/www/yii1-dev/testdrive/index.php (13)
2017/10/08 12:27:01 [error] [php] Undefined index: MAIN_ID (/var/www/yii1-dev/framework/base/CComponent.php(614) : eval()'d code:1)
Stack trace:
#0 /var/www/yii1-dev/framework/zii/widgets/grid/CButtonColumn.php(321): CButtonColumn->renderButton()
#1 /var/www/yii1-dev/framework/zii/widgets/grid/CGridColumn.php(231): CButtonColumn->getDataCellContent()
#2 /var/www/yii1-dev/framework/zii/widgets/grid/CGridColumn.php(154): CButtonColumn->renderDataCellContent()
#3 /var/www/yii1-dev/framework/zii/widgets/grid/CGridView.php(639): CButtonColumn->renderDataCell()
#4 /var/www/yii1-dev/framework/zii/widgets/grid/CGridView.php(623): CGridView->renderDataCell()
#5 /var/www/yii1-dev/framework/zii/widgets/grid/CGridView.php(579): CGridView->renderTableRow()
#6 /var/www/yii1-dev/framework/zii/widgets/grid/CGridView.php(489): CGridView->renderTableBody()
#7 /var/www/yii1-dev/framework/zii/widgets/CBaseListView.php(181): CGridView->renderItems()
#8 unknown(0): CGridView->renderSection()
#9 /var/www/yii1-dev/framework/zii/widgets/CBaseListView.php(164): preg_replace_callback()
#10 /var/www/yii1-dev/framework/zii/widgets/CBaseListView.php(149): CGridView->renderContent()
#11 /var/www/yii1-dev/framework/web/CBaseController.php(182): CGridView->run()
#12 /var/www/yii1-dev/testdrive/protected/views/tes/index.php(8): TesController->widget()
#13 /var/www/yii1-dev/framework/web/CBaseController.php(126): require()
#14 /var/www/yii1-dev/framework/web/CBaseController.php(95): TesController->renderInternal()
#15 /var/www/yii1-dev/framework/web/CController.php(872): TesController->renderFile()
#16 /var/www/yii1-dev/framework/web/CController.php(785): TesController->renderPartial()
#17 /var/www/yii1-dev/testdrive/protected/controllers/TesController.php(47): TesController->render()
#18 /var/www/yii1-dev/framework/web/actions/CInlineAction.php(49): TesController->actionIndex()
#19 /var/www/yii1-dev/framework/web/CController.php(308): CInlineAction->runWithParams()
#20 /var/www/yii1-dev/framework/web/CController.php(286): TesController->runAction()
#21 /var/www/yii1-dev/framework/web/CController.php(265): TesController->runActionWithFilters()
#22 /var/www/yii1-dev/framework/web/CWebApplication.php(282): TesController->run()
#23 /var/www/yii1-dev/framework/web/CWebApplication.php(141): CWebApplication->runController()
#24 /var/www/yii1-dev/framework/base/CApplication.php(185): CWebApplication->processRequest()
#25 /var/www/yii1-dev/testdrive/index.php(13): CWebApplication->run()
REQUEST_URI=/yii1-dev/testdrive/index.php?r=tes
in /var/www/yii1-dev/testdrive/protected/views/tes/index.php (8)
in /var/www/yii1-dev/testdrive/protected/controllers/TesController.php (47)
in /var/www/yii1-dev/testdrive/index.php (13)
2017/10/08 12:32:35 [error] [exception.CException] CException: Property "CButtonColumn.0" is not defined. in /var/www/yii1-dev/framework/base/CComponent.php:173
Stack trace:
#0 /var/www/yii1-dev/framework/YiiBase.php(220): CComponent->__set('0', 'testing')
#1 /var/www/yii1-dev/framework/zii/widgets/grid/CGridView.php(388): YiiBase::createComponent(Array, Object(CGridView))
#2 /var/www/yii1-dev/framework/zii/widgets/grid/CGridView.php(359): CGridView->initColumns()
#3 /var/www/yii1-dev/framework/web/CBaseController.php(147): CGridView->init()
#4 /var/www/yii1-dev/framework/web/CBaseController.php(181): CBaseController->createWidget('zii.widgets.gri...', Array)
#5 /var/www/yii1-dev/testdrive/protected/views/tes/index.php(8): CBaseController->widget('zii.widgets.gri...', Array)
#6 /var/www/yii1-dev/framework/web/CBaseController.php(126): require('/var/www/yii1-d...')
#7 /var/www/yii1-dev/framework/web/CBaseController.php(95): CBaseController->renderInternal('/var/www/yii1-d...', Array, true)
#8 /var/www/yii1-dev/framework/web/CController.php(872): CBaseController->renderFile('/var/www/yii1-d...', Array, true)
#9 /var/www/yii1-dev/framework/web/CController.php(785): CController->renderPartial('index', Array, true)
#10 /var/www/yii1-dev/testdrive/protected/controllers/TesController.php(47): CController->render('index', Array)
#11 /var/www/yii1-dev/framework/web/actions/CInlineAction.php(49): TesController->actionIndex()
#12 /var/www/yii1-dev/framework/web/CController.php(308): CInlineAction->runWithParams(Array)
#13 /var/www/yii1-dev/framework/web/CController.php(286): CController->runAction(Object(CInlineAction))
#14 /var/www/yii1-dev/framework/web/CController.php(265): CController->runActionWithFilters(Object(CInlineAction), Array)
#15 /var/www/yii1-dev/framework/web/CWebApplication.php(282): CController->run('')
#16 /var/www/yii1-dev/framework/web/CWebApplication.php(141): CWebApplication->runController('tes')
#17 /var/www/yii1-dev/framework/base/CApplication.php(185): CWebApplication->processRequest()
#18 /var/www/yii1-dev/testdrive/index.php(13): CApplication->run()
#19 {main}
REQUEST_URI=/yii1-dev/testdrive/index.php?r=tes
---
2017/10/08 12:33:21 [error] [system.db.CDbCommand] CDbCommand::fetchColumn() failed: SQLSTATE[42601]: Syntax error: 7 ERROR:  SELECT * with no tables specified is not valid
LINE 1: SELECT COUNT(*) FROM (SELECT *,id_petugas AS id) as count_al...
                                     ^. The SQL statement executed was: SELECT COUNT(*) FROM (SELECT *,id_petugas AS id) as count_alias.
in /var/www/yii1-dev/testdrive/protected/controllers/TesController.php (20)
in /var/www/yii1-dev/testdrive/index.php (13)
2017/10/08 12:33:21 [error] [exception.CDbException] CDbException: CDbCommand failed to execute the SQL statement: SQLSTATE[42601]: Syntax error: 7 ERROR:  SELECT * with no tables specified is not valid
LINE 1: SELECT COUNT(*) FROM (SELECT *,id_petugas AS id) as count_al...
                                     ^. The SQL statement executed was: SELECT COUNT(*) FROM (SELECT *,id_petugas AS id) as count_alias in /var/www/yii1-dev/framework/db/CDbCommand.php:543
Stack trace:
#0 /var/www/yii1-dev/framework/db/CDbCommand.php(433): CDbCommand->queryInternal('fetchColumn', 0, Array)
#1 /var/www/yii1-dev/testdrive/protected/controllers/TesController.php(20): CDbCommand->queryScalar()
#2 /var/www/yii1-dev/framework/web/actions/CInlineAction.php(49): TesController->actionIndex()
#3 /var/www/yii1-dev/framework/web/CController.php(308): CInlineAction->runWithParams(Array)
#4 /var/www/yii1-dev/framework/web/CController.php(286): CController->runAction(Object(CInlineAction))
#5 /var/www/yii1-dev/framework/web/CController.php(265): CController->runActionWithFilters(Object(CInlineAction), Array)
#6 /var/www/yii1-dev/framework/web/CWebApplication.php(282): CController->run('')
#7 /var/www/yii1-dev/framework/web/CWebApplication.php(141): CWebApplication->runController('tes')
#8 /var/www/yii1-dev/framework/base/CApplication.php(185): CWebApplication->processRequest()
#9 /var/www/yii1-dev/testdrive/index.php(13): CApplication->run()
#10 {main}
REQUEST_URI=/yii1-dev/testdrive/index.php?r=tes
---
2017/10/08 12:35:25 [error] [exception.CException] CException: Property "CButtonColumn.options" is not defined. in /var/www/yii1-dev/framework/base/CComponent.php:173
Stack trace:
#0 /var/www/yii1-dev/framework/YiiBase.php(220): CComponent->__set('options', Array)
#1 /var/www/yii1-dev/framework/zii/widgets/grid/CGridView.php(388): YiiBase::createComponent(Array, Object(CGridView))
#2 /var/www/yii1-dev/framework/zii/widgets/grid/CGridView.php(359): CGridView->initColumns()
#3 /var/www/yii1-dev/framework/web/CBaseController.php(147): CGridView->init()
#4 /var/www/yii1-dev/framework/web/CBaseController.php(181): CBaseController->createWidget('zii.widgets.gri...', Array)
#5 /var/www/yii1-dev/testdrive/protected/views/tes/index.php(8): CBaseController->widget('zii.widgets.gri...', Array)
#6 /var/www/yii1-dev/framework/web/CBaseController.php(126): require('/var/www/yii1-d...')
#7 /var/www/yii1-dev/framework/web/CBaseController.php(95): CBaseController->renderInternal('/var/www/yii1-d...', Array, true)
#8 /var/www/yii1-dev/framework/web/CController.php(872): CBaseController->renderFile('/var/www/yii1-d...', Array, true)
#9 /var/www/yii1-dev/framework/web/CController.php(785): CController->renderPartial('index', Array, true)
#10 /var/www/yii1-dev/testdrive/protected/controllers/TesController.php(47): CController->render('index', Array)
#11 /var/www/yii1-dev/framework/web/actions/CInlineAction.php(49): TesController->actionIndex()
#12 /var/www/yii1-dev/framework/web/CController.php(308): CInlineAction->runWithParams(Array)
#13 /var/www/yii1-dev/framework/web/CController.php(286): CController->runAction(Object(CInlineAction))
#14 /var/www/yii1-dev/framework/web/CController.php(265): CController->runActionWithFilters(Object(CInlineAction), Array)
#15 /var/www/yii1-dev/framework/web/CWebApplication.php(282): CController->run('')
#16 /var/www/yii1-dev/framework/web/CWebApplication.php(141): CWebApplication->runController('tes')
#17 /var/www/yii1-dev/framework/base/CApplication.php(185): CWebApplication->processRequest()
#18 /var/www/yii1-dev/testdrive/index.php(13): CApplication->run()
#19 {main}
REQUEST_URI=/yii1-dev/testdrive/index.php?r=tes
---
2017/10/09 12:33:22 [error] [exception.CHttpException.404] CHttpException: Unable to resolve the request "barang". in /var/www/yii1-dev/framework/web/CWebApplication.php:286
Stack trace:
#0 /var/www/yii1-dev/framework/web/CWebApplication.php(141): CWebApplication->runController('barang')
#1 /var/www/yii1-dev/framework/base/CApplication.php(185): CWebApplication->processRequest()
#2 /var/www/yii1-dev/testdrive/index.php(13): CApplication->run()
#3 {main}
REQUEST_URI=/yii1-dev/testdrive/index.php?r=barang
---
2017/10/09 12:33:39 [error] [exception.CHttpException.404] CHttpException: Unable to resolve the request "pegawai". in /var/www/yii1-dev/framework/web/CWebApplication.php:286
Stack trace:
#0 /var/www/yii1-dev/framework/web/CWebApplication.php(141): CWebApplication->runController('pegawai')
#1 /var/www/yii1-dev/framework/base/CApplication.php(185): CWebApplication->processRequest()
#2 /var/www/yii1-dev/testdrive/index.php(13): CApplication->run()
#3 {main}
REQUEST_URI=/yii1-dev/testdrive/index.php?r=pegawai
---
2017/10/09 12:59:13 [error] [php] Undefined index: kd_ (/var/www/yii1-dev/framework/base/CComponent.php(614) : eval()'d code:1)
Stack trace:
#0 /var/www/yii1-dev/framework/zii/widgets/grid/CButtonColumn.php(321): CButtonColumn->renderButton()
#1 /var/www/yii1-dev/framework/zii/widgets/grid/CGridColumn.php(231): CButtonColumn->getDataCellContent()
#2 /var/www/yii1-dev/framework/zii/widgets/grid/CGridColumn.php(154): CButtonColumn->renderDataCellContent()
#3 /var/www/yii1-dev/framework/zii/widgets/grid/CGridView.php(639): CButtonColumn->renderDataCell()
#4 /var/www/yii1-dev/framework/zii/widgets/grid/CGridView.php(623): CGridView->renderDataCell()
#5 /var/www/yii1-dev/framework/zii/widgets/grid/CGridView.php(579): CGridView->renderTableRow()
#6 /var/www/yii1-dev/framework/zii/widgets/grid/CGridView.php(489): CGridView->renderTableBody()
#7 /var/www/yii1-dev/framework/zii/widgets/CBaseListView.php(181): CGridView->renderItems()
#8 unknown(0): CGridView->renderSection()
#9 /var/www/yii1-dev/framework/zii/widgets/CBaseListView.php(164): preg_replace_callback()
#10 /var/www/yii1-dev/framework/zii/widgets/CBaseListView.php(149): CGridView->renderContent()
#11 /var/www/yii1-dev/framework/web/CBaseController.php(182): CGridView->run()
#12 /var/www/yii1-dev/testdrive/protected/views/tes/index.php(8): TesController->widget()
#13 /var/www/yii1-dev/framework/web/CBaseController.php(126): require()
#14 /var/www/yii1-dev/framework/web/CBaseController.php(95): TesController->renderInternal()
#15 /var/www/yii1-dev/framework/web/CController.php(872): TesController->renderFile()
#16 /var/www/yii1-dev/framework/web/CController.php(785): TesController->renderPartial()
#17 /var/www/yii1-dev/testdrive/protected/controllers/TesController.php(41): TesController->render()
#18 /var/www/yii1-dev/framework/web/actions/CInlineAction.php(49): TesController->actionIndex()
#19 /var/www/yii1-dev/framework/web/CController.php(308): CInlineAction->runWithParams()
#20 /var/www/yii1-dev/framework/web/CController.php(286): TesController->runAction()
#21 /var/www/yii1-dev/framework/web/CController.php(265): TesController->runActionWithFilters()
#22 /var/www/yii1-dev/framework/web/CWebApplication.php(282): TesController->run()
#23 /var/www/yii1-dev/framework/web/CWebApplication.php(141): CWebApplication->runController()
#24 /var/www/yii1-dev/framework/base/CApplication.php(185): CWebApplication->processRequest()
#25 /var/www/yii1-dev/testdrive/index.php(13): CWebApplication->run()
REQUEST_URI=/yii1-dev/testdrive/index.php?r=tes
in /var/www/yii1-dev/testdrive/protected/views/tes/index.php (8)
in /var/www/yii1-dev/testdrive/protected/controllers/TesController.php (41)
in /var/www/yii1-dev/testdrive/index.php (13)
2017/10/09 13:18:47 [error] [exception.CHttpException.404] CHttpException: The system is unable to find the requested action "delete". in /var/www/yii1-dev/framework/web/CController.php:486
Stack trace:
#0 /var/www/yii1-dev/framework/web/CController.php(270): CController->missingAction('delete')
#1 /var/www/yii1-dev/framework/web/CWebApplication.php(282): CController->run('delete')
#2 /var/www/yii1-dev/framework/web/CWebApplication.php(141): CWebApplication->runController('tes/delete')
#3 /var/www/yii1-dev/framework/base/CApplication.php(185): CWebApplication->processRequest()
#4 /var/www/yii1-dev/testdrive/index.php(13): CApplication->run()
#5 {main}
REQUEST_URI=/yii1-dev/testdrive/index.php?ajax=a-grid-id&id=3&r=tes%2Fdelete
HTTP_REFERER=http://localhost/yii1-dev/testdrive/index.php?r=tes
---
2017/10/09 13:18:53 [error] [exception.CHttpException.404] CHttpException: The system is unable to find the requested action "delete". in /var/www/yii1-dev/framework/web/CController.php:486
Stack trace:
#0 /var/www/yii1-dev/framework/web/CController.php(270): CController->missingAction('delete')
#1 /var/www/yii1-dev/framework/web/CWebApplication.php(282): CController->run('delete')
#2 /var/www/yii1-dev/framework/web/CWebApplication.php(141): CWebApplication->runController('tes/delete')
#3 /var/www/yii1-dev/framework/base/CApplication.php(185): CWebApplication->processRequest()
#4 /var/www/yii1-dev/testdrive/index.php(13): CApplication->run()
#5 {main}
REQUEST_URI=/yii1-dev/testdrive/index.php?ajax=a-grid-id&id=3&r=tes%2Fdelete
HTTP_REFERER=http://localhost/yii1-dev/testdrive/index.php?r=tes
---
2017/10/09 13:26:48 [error] [php] Trying to get property of non-object (/var/www/yii1-dev/framework/base/CComponent.php(614) : eval()'d code:1)
Stack trace:
#0 /var/www/yii1-dev/framework/zii/widgets/grid/CButtonColumn.php(321): CButtonColumn->renderButton()
#1 /var/www/yii1-dev/framework/zii/widgets/grid/CGridColumn.php(231): CButtonColumn->getDataCellContent()
#2 /var/www/yii1-dev/framework/zii/widgets/grid/CGridColumn.php(154): CButtonColumn->renderDataCellContent()
#3 /var/www/yii1-dev/framework/zii/widgets/grid/CGridView.php(639): CButtonColumn->renderDataCell()
#4 /var/www/yii1-dev/framework/zii/widgets/grid/CGridView.php(623): CGridView->renderDataCell()
#5 /var/www/yii1-dev/framework/zii/widgets/grid/CGridView.php(579): CGridView->renderTableRow()
#6 /var/www/yii1-dev/framework/zii/widgets/grid/CGridView.php(489): CGridView->renderTableBody()
#7 /var/www/yii1-dev/framework/zii/widgets/CBaseListView.php(181): CGridView->renderItems()
#8 unknown(0): CGridView->renderSection()
#9 /var/www/yii1-dev/framework/zii/widgets/CBaseListView.php(164): preg_replace_callback()
#10 /var/www/yii1-dev/framework/zii/widgets/CBaseListView.php(149): CGridView->renderContent()
#11 /var/www/yii1-dev/framework/web/CBaseController.php(182): CGridView->run()
#12 /var/www/yii1-dev/testdrive/protected/views/tes/index.php(8): TesController->widget()
#13 /var/www/yii1-dev/framework/web/CBaseController.php(126): require()
#14 /var/www/yii1-dev/framework/web/CBaseController.php(95): TesController->renderInternal()
#15 /var/www/yii1-dev/framework/web/CController.php(872): TesController->renderFile()
#16 /var/www/yii1-dev/framework/web/CController.php(785): TesController->renderPartial()
#17 /var/www/yii1-dev/testdrive/protected/controllers/TesController.php(41): TesController->render()
#18 /var/www/yii1-dev/framework/web/actions/CInlineAction.php(49): TesController->actionIndex()
#19 /var/www/yii1-dev/framework/web/CController.php(308): CInlineAction->runWithParams()
#20 /var/www/yii1-dev/framework/web/CController.php(286): TesController->runAction()
#21 /var/www/yii1-dev/framework/web/CController.php(265): TesController->runActionWithFilters()
#22 /var/www/yii1-dev/framework/web/CWebApplication.php(282): TesController->run()
#23 /var/www/yii1-dev/framework/web/CWebApplication.php(141): CWebApplication->runController()
#24 /var/www/yii1-dev/framework/base/CApplication.php(185): CWebApplication->processRequest()
#25 /var/www/yii1-dev/testdrive/index.php(13): CWebApplication->run()
REQUEST_URI=/yii1-dev/testdrive/index.php?r=tes
in /var/www/yii1-dev/testdrive/protected/views/tes/index.php (8)
in /var/www/yii1-dev/testdrive/protected/controllers/TesController.php (41)
in /var/www/yii1-dev/testdrive/index.php (13)
2017/10/09 13:30:01 [error] [php] Trying to get property of non-object (/var/www/yii1-dev/framework/base/CComponent.php(614) : eval()'d code:1)
Stack trace:
#0 /var/www/yii1-dev/framework/zii/widgets/grid/CButtonColumn.php(321): CButtonColumn->renderButton()
#1 /var/www/yii1-dev/framework/zii/widgets/grid/CGridColumn.php(231): CButtonColumn->getDataCellContent()
#2 /var/www/yii1-dev/framework/zii/widgets/grid/CGridColumn.php(154): CButtonColumn->renderDataCellContent()
#3 /var/www/yii1-dev/framework/zii/widgets/grid/CGridView.php(639): CButtonColumn->renderDataCell()
#4 /var/www/yii1-dev/framework/zii/widgets/grid/CGridView.php(623): CGridView->renderDataCell()
#5 /var/www/yii1-dev/framework/zii/widgets/grid/CGridView.php(579): CGridView->renderTableRow()
#6 /var/www/yii1-dev/framework/zii/widgets/grid/CGridView.php(489): CGridView->renderTableBody()
#7 /var/www/yii1-dev/framework/zii/widgets/CBaseListView.php(181): CGridView->renderItems()
#8 unknown(0): CGridView->renderSection()
#9 /var/www/yii1-dev/framework/zii/widgets/CBaseListView.php(164): preg_replace_callback()
#10 /var/www/yii1-dev/framework/zii/widgets/CBaseListView.php(149): CGridView->renderContent()
#11 /var/www/yii1-dev/framework/web/CBaseController.php(182): CGridView->run()
#12 /var/www/yii1-dev/testdrive/protected/views/tes/index.php(8): TesController->widget()
#13 /var/www/yii1-dev/framework/web/CBaseController.php(126): require()
#14 /var/www/yii1-dev/framework/web/CBaseController.php(95): TesController->renderInternal()
#15 /var/www/yii1-dev/framework/web/CController.php(872): TesController->renderFile()
#16 /var/www/yii1-dev/framework/web/CController.php(785): TesController->renderPartial()
#17 /var/www/yii1-dev/testdrive/protected/controllers/TesController.php(41): TesController->render()
#18 /var/www/yii1-dev/framework/web/actions/CInlineAction.php(49): TesController->actionIndex()
#19 /var/www/yii1-dev/framework/web/CController.php(308): CInlineAction->runWithParams()
#20 /var/www/yii1-dev/framework/web/CController.php(286): TesController->runAction()
#21 /var/www/yii1-dev/framework/web/CController.php(265): TesController->runActionWithFilters()
#22 /var/www/yii1-dev/framework/web/CWebApplication.php(282): TesController->run()
#23 /var/www/yii1-dev/framework/web/CWebApplication.php(141): CWebApplication->runController()
#24 /var/www/yii1-dev/framework/base/CApplication.php(185): CWebApplication->processRequest()
#25 /var/www/yii1-dev/testdrive/index.php(13): CWebApplication->run()
REQUEST_URI=/yii1-dev/testdrive/index.php?r=tes
in /var/www/yii1-dev/testdrive/protected/views/tes/index.php (8)
in /var/www/yii1-dev/testdrive/protected/controllers/TesController.php (41)
in /var/www/yii1-dev/testdrive/index.php (13)
2017/10/09 13:30:20 [error] [php] Trying to get property of non-object (/var/www/yii1-dev/framework/base/CComponent.php(614) : eval()'d code:1)
Stack trace:
#0 /var/www/yii1-dev/framework/zii/widgets/grid/CButtonColumn.php(321): CButtonColumn->renderButton()
#1 /var/www/yii1-dev/framework/zii/widgets/grid/CGridColumn.php(231): CButtonColumn->getDataCellContent()
#2 /var/www/yii1-dev/framework/zii/widgets/grid/CGridColumn.php(154): CButtonColumn->renderDataCellContent()
#3 /var/www/yii1-dev/framework/zii/widgets/grid/CGridView.php(639): CButtonColumn->renderDataCell()
#4 /var/www/yii1-dev/framework/zii/widgets/grid/CGridView.php(623): CGridView->renderDataCell()
#5 /var/www/yii1-dev/framework/zii/widgets/grid/CGridView.php(579): CGridView->renderTableRow()
#6 /var/www/yii1-dev/framework/zii/widgets/grid/CGridView.php(489): CGridView->renderTableBody()
#7 /var/www/yii1-dev/framework/zii/widgets/CBaseListView.php(181): CGridView->renderItems()
#8 unknown(0): CGridView->renderSection()
#9 /var/www/yii1-dev/framework/zii/widgets/CBaseListView.php(164): preg_replace_callback()
#10 /var/www/yii1-dev/framework/zii/widgets/CBaseListView.php(149): CGridView->renderContent()
#11 /var/www/yii1-dev/framework/web/CBaseController.php(182): CGridView->run()
#12 /var/www/yii1-dev/testdrive/protected/views/tes/index.php(8): TesController->widget()
#13 /var/www/yii1-dev/framework/web/CBaseController.php(126): require()
#14 /var/www/yii1-dev/framework/web/CBaseController.php(95): TesController->renderInternal()
#15 /var/www/yii1-dev/framework/web/CController.php(872): TesController->renderFile()
#16 /var/www/yii1-dev/framework/web/CController.php(785): TesController->renderPartial()
#17 /var/www/yii1-dev/testdrive/protected/controllers/TesController.php(41): TesController->render()
#18 /var/www/yii1-dev/framework/web/actions/CInlineAction.php(49): TesController->actionIndex()
#19 /var/www/yii1-dev/framework/web/CController.php(308): CInlineAction->runWithParams()
#20 /var/www/yii1-dev/framework/web/CController.php(286): TesController->runAction()
#21 /var/www/yii1-dev/framework/web/CController.php(265): TesController->runActionWithFilters()
#22 /var/www/yii1-dev/framework/web/CWebApplication.php(282): TesController->run()
#23 /var/www/yii1-dev/framework/web/CWebApplication.php(141): CWebApplication->runController()
#24 /var/www/yii1-dev/framework/base/CApplication.php(185): CWebApplication->processRequest()
#25 /var/www/yii1-dev/testdrive/index.php(13): CWebApplication->run()
REQUEST_URI=/yii1-dev/testdrive/index.php?r=tes
in /var/www/yii1-dev/testdrive/protected/views/tes/index.php (8)
in /var/www/yii1-dev/testdrive/protected/controllers/TesController.php (41)
in /var/www/yii1-dev/testdrive/index.php (13)
2017/10/09 13:33:11 [error] [php] Trying to get property of non-object (/var/www/yii1-dev/framework/base/CComponent.php(614) : eval()'d code:1)
Stack trace:
#0 /var/www/yii1-dev/framework/zii/widgets/grid/CButtonColumn.php(321): CButtonColumn->renderButton()
#1 /var/www/yii1-dev/framework/zii/widgets/grid/CGridColumn.php(231): CButtonColumn->getDataCellContent()
#2 /var/www/yii1-dev/framework/zii/widgets/grid/CGridColumn.php(154): CButtonColumn->renderDataCellContent()
#3 /var/www/yii1-dev/framework/zii/widgets/grid/CGridView.php(639): CButtonColumn->renderDataCell()
#4 /var/www/yii1-dev/framework/zii/widgets/grid/CGridView.php(623): CGridView->renderDataCell()
#5 /var/www/yii1-dev/framework/zii/widgets/grid/CGridView.php(579): CGridView->renderTableRow()
#6 /var/www/yii1-dev/framework/zii/widgets/grid/CGridView.php(489): CGridView->renderTableBody()
#7 /var/www/yii1-dev/framework/zii/widgets/CBaseListView.php(181): CGridView->renderItems()
#8 unknown(0): CGridView->renderSection()
#9 /var/www/yii1-dev/framework/zii/widgets/CBaseListView.php(164): preg_replace_callback()
#10 /var/www/yii1-dev/framework/zii/widgets/CBaseListView.php(149): CGridView->renderContent()
#11 /var/www/yii1-dev/framework/web/CBaseController.php(182): CGridView->run()
#12 /var/www/yii1-dev/testdrive/protected/views/tes/index.php(8): TesController->widget()
#13 /var/www/yii1-dev/framework/web/CBaseController.php(126): require()
#14 /var/www/yii1-dev/framework/web/CBaseController.php(95): TesController->renderInternal()
#15 /var/www/yii1-dev/framework/web/CController.php(872): TesController->renderFile()
#16 /var/www/yii1-dev/framework/web/CController.php(785): TesController->renderPartial()
#17 /var/www/yii1-dev/testdrive/protected/controllers/TesController.php(41): TesController->render()
#18 /var/www/yii1-dev/framework/web/actions/CInlineAction.php(49): TesController->actionIndex()
#19 /var/www/yii1-dev/framework/web/CController.php(308): CInlineAction->runWithParams()
#20 /var/www/yii1-dev/framework/web/CController.php(286): TesController->runAction()
#21 /var/www/yii1-dev/framework/web/CController.php(265): TesController->runActionWithFilters()
#22 /var/www/yii1-dev/framework/web/CWebApplication.php(282): TesController->run()
#23 /var/www/yii1-dev/framework/web/CWebApplication.php(141): CWebApplication->runController()
#24 /var/www/yii1-dev/framework/base/CApplication.php(185): CWebApplication->processRequest()
#25 /var/www/yii1-dev/testdrive/index.php(13): CWebApplication->run()
REQUEST_URI=/yii1-dev/testdrive/index.php?r=tes
in /var/www/yii1-dev/testdrive/protected/views/tes/index.php (8)
in /var/www/yii1-dev/testdrive/protected/controllers/TesController.php (41)
in /var/www/yii1-dev/testdrive/index.php (13)
2017/10/09 13:34:02 [error] [php] Trying to get property of non-object (/var/www/yii1-dev/framework/base/CComponent.php(614) : eval()'d code:1)
Stack trace:
#0 /var/www/yii1-dev/framework/zii/widgets/grid/CButtonColumn.php(321): CButtonColumn->renderButton()
#1 /var/www/yii1-dev/framework/zii/widgets/grid/CGridColumn.php(231): CButtonColumn->getDataCellContent()
#2 /var/www/yii1-dev/framework/zii/widgets/grid/CGridColumn.php(154): CButtonColumn->renderDataCellContent()
#3 /var/www/yii1-dev/framework/zii/widgets/grid/CGridView.php(639): CButtonColumn->renderDataCell()
#4 /var/www/yii1-dev/framework/zii/widgets/grid/CGridView.php(623): CGridView->renderDataCell()
#5 /var/www/yii1-dev/framework/zii/widgets/grid/CGridView.php(579): CGridView->renderTableRow()
#6 /var/www/yii1-dev/framework/zii/widgets/grid/CGridView.php(489): CGridView->renderTableBody()
#7 /var/www/yii1-dev/framework/zii/widgets/CBaseListView.php(181): CGridView->renderItems()
#8 unknown(0): CGridView->renderSection()
#9 /var/www/yii1-dev/framework/zii/widgets/CBaseListView.php(164): preg_replace_callback()
#10 /var/www/yii1-dev/framework/zii/widgets/CBaseListView.php(149): CGridView->renderContent()
#11 /var/www/yii1-dev/framework/web/CBaseController.php(182): CGridView->run()
#12 /var/www/yii1-dev/testdrive/protected/views/tes/index.php(8): TesController->widget()
#13 /var/www/yii1-dev/framework/web/CBaseController.php(126): require()
#14 /var/www/yii1-dev/framework/web/CBaseController.php(95): TesController->renderInternal()
#15 /var/www/yii1-dev/framework/web/CController.php(872): TesController->renderFile()
#16 /var/www/yii1-dev/framework/web/CController.php(785): TesController->renderPartial()
#17 /var/www/yii1-dev/testdrive/protected/controllers/TesController.php(41): TesController->render()
#18 /var/www/yii1-dev/framework/web/actions/CInlineAction.php(49): TesController->actionIndex()
#19 /var/www/yii1-dev/framework/web/CController.php(308): CInlineAction->runWithParams()
#20 /var/www/yii1-dev/framework/web/CController.php(286): TesController->runAction()
#21 /var/www/yii1-dev/framework/web/CController.php(265): TesController->runActionWithFilters()
#22 /var/www/yii1-dev/framework/web/CWebApplication.php(282): TesController->run()
#23 /var/www/yii1-dev/framework/web/CWebApplication.php(141): CWebApplication->runController()
#24 /var/www/yii1-dev/framework/base/CApplication.php(185): CWebApplication->processRequest()
#25 /var/www/yii1-dev/testdrive/index.php(13): CWebApplication->run()
REQUEST_URI=/yii1-dev/testdrive/index.php?r=tes
in /var/www/yii1-dev/testdrive/protected/views/tes/index.php (8)
in /var/www/yii1-dev/testdrive/protected/controllers/TesController.php (41)
in /var/www/yii1-dev/testdrive/index.php (13)
2017/10/09 13:34:16 [error] [php] Trying to get property of non-object (/var/www/yii1-dev/framework/base/CComponent.php(614) : eval()'d code:1)
Stack trace:
#0 /var/www/yii1-dev/framework/zii/widgets/grid/CButtonColumn.php(321): CButtonColumn->renderButton()
#1 /var/www/yii1-dev/framework/zii/widgets/grid/CGridColumn.php(231): CButtonColumn->getDataCellContent()
#2 /var/www/yii1-dev/framework/zii/widgets/grid/CGridColumn.php(154): CButtonColumn->renderDataCellContent()
#3 /var/www/yii1-dev/framework/zii/widgets/grid/CGridView.php(639): CButtonColumn->renderDataCell()
#4 /var/www/yii1-dev/framework/zii/widgets/grid/CGridView.php(623): CGridView->renderDataCell()
#5 /var/www/yii1-dev/framework/zii/widgets/grid/CGridView.php(579): CGridView->renderTableRow()
#6 /var/www/yii1-dev/framework/zii/widgets/grid/CGridView.php(489): CGridView->renderTableBody()
#7 /var/www/yii1-dev/framework/zii/widgets/CBaseListView.php(181): CGridView->renderItems()
#8 unknown(0): CGridView->renderSection()
#9 /var/www/yii1-dev/framework/zii/widgets/CBaseListView.php(164): preg_replace_callback()
#10 /var/www/yii1-dev/framework/zii/widgets/CBaseListView.php(149): CGridView->renderContent()
#11 /var/www/yii1-dev/framework/web/CBaseController.php(182): CGridView->run()
#12 /var/www/yii1-dev/testdrive/protected/views/tes/index.php(8): TesController->widget()
#13 /var/www/yii1-dev/framework/web/CBaseController.php(126): require()
#14 /var/www/yii1-dev/framework/web/CBaseController.php(95): TesController->renderInternal()
#15 /var/www/yii1-dev/framework/web/CController.php(872): TesController->renderFile()
#16 /var/www/yii1-dev/framework/web/CController.php(785): TesController->renderPartial()
#17 /var/www/yii1-dev/testdrive/protected/controllers/TesController.php(41): TesController->render()
#18 /var/www/yii1-dev/framework/web/actions/CInlineAction.php(49): TesController->actionIndex()
#19 /var/www/yii1-dev/framework/web/CController.php(308): CInlineAction->runWithParams()
#20 /var/www/yii1-dev/framework/web/CController.php(286): TesController->runAction()
#21 /var/www/yii1-dev/framework/web/CController.php(265): TesController->runActionWithFilters()
#22 /var/www/yii1-dev/framework/web/CWebApplication.php(282): TesController->run()
#23 /var/www/yii1-dev/framework/web/CWebApplication.php(141): CWebApplication->runController()
#24 /var/www/yii1-dev/framework/base/CApplication.php(185): CWebApplication->processRequest()
#25 /var/www/yii1-dev/testdrive/index.php(13): CWebApplication->run()
REQUEST_URI=/yii1-dev/testdrive/index.php?r=tes
in /var/www/yii1-dev/testdrive/protected/views/tes/index.php (8)
in /var/www/yii1-dev/testdrive/protected/controllers/TesController.php (41)
in /var/www/yii1-dev/testdrive/index.php (13)
2017/10/09 13:34:25 [error] [php] Trying to get property of non-object (/var/www/yii1-dev/framework/base/CComponent.php(614) : eval()'d code:1)
Stack trace:
#0 /var/www/yii1-dev/framework/zii/widgets/grid/CButtonColumn.php(321): CButtonColumn->renderButton()
#1 /var/www/yii1-dev/framework/zii/widgets/grid/CGridColumn.php(231): CButtonColumn->getDataCellContent()
#2 /var/www/yii1-dev/framework/zii/widgets/grid/CGridColumn.php(154): CButtonColumn->renderDataCellContent()
#3 /var/www/yii1-dev/framework/zii/widgets/grid/CGridView.php(639): CButtonColumn->renderDataCell()
#4 /var/www/yii1-dev/framework/zii/widgets/grid/CGridView.php(623): CGridView->renderDataCell()
#5 /var/www/yii1-dev/framework/zii/widgets/grid/CGridView.php(579): CGridView->renderTableRow()
#6 /var/www/yii1-dev/framework/zii/widgets/grid/CGridView.php(489): CGridView->renderTableBody()
#7 /var/www/yii1-dev/framework/zii/widgets/CBaseListView.php(181): CGridView->renderItems()
#8 unknown(0): CGridView->renderSection()
#9 /var/www/yii1-dev/framework/zii/widgets/CBaseListView.php(164): preg_replace_callback()
#10 /var/www/yii1-dev/framework/zii/widgets/CBaseListView.php(149): CGridView->renderContent()
#11 /var/www/yii1-dev/framework/web/CBaseController.php(182): CGridView->run()
#12 /var/www/yii1-dev/testdrive/protected/views/tes/index.php(8): TesController->widget()
#13 /var/www/yii1-dev/framework/web/CBaseController.php(126): require()
#14 /var/www/yii1-dev/framework/web/CBaseController.php(95): TesController->renderInternal()
#15 /var/www/yii1-dev/framework/web/CController.php(872): TesController->renderFile()
#16 /var/www/yii1-dev/framework/web/CController.php(785): TesController->renderPartial()
#17 /var/www/yii1-dev/testdrive/protected/controllers/TesController.php(41): TesController->render()
#18 /var/www/yii1-dev/framework/web/actions/CInlineAction.php(49): TesController->actionIndex()
#19 /var/www/yii1-dev/framework/web/CController.php(308): CInlineAction->runWithParams()
#20 /var/www/yii1-dev/framework/web/CController.php(286): TesController->runAction()
#21 /var/www/yii1-dev/framework/web/CController.php(265): TesController->runActionWithFilters()
#22 /var/www/yii1-dev/framework/web/CWebApplication.php(282): TesController->run()
#23 /var/www/yii1-dev/framework/web/CWebApplication.php(141): CWebApplication->runController()
#24 /var/www/yii1-dev/framework/base/CApplication.php(185): CWebApplication->processRequest()
#25 /var/www/yii1-dev/testdrive/index.php(13): CWebApplication->run()
REQUEST_URI=/yii1-dev/testdrive/index.php?r=tes
in /var/www/yii1-dev/testdrive/protected/views/tes/index.php (8)
in /var/www/yii1-dev/testdrive/protected/controllers/TesController.php (41)
in /var/www/yii1-dev/testdrive/index.php (13)
2017/10/09 13:35:22 [error] [php] Trying to get property of non-object (/var/www/yii1-dev/framework/base/CComponent.php(614) : eval()'d code:1)
Stack trace:
#0 /var/www/yii1-dev/framework/zii/widgets/grid/CButtonColumn.php(321): CButtonColumn->renderButton()
#1 /var/www/yii1-dev/framework/zii/widgets/grid/CGridColumn.php(231): CButtonColumn->getDataCellContent()
#2 /var/www/yii1-dev/framework/zii/widgets/grid/CGridColumn.php(154): CButtonColumn->renderDataCellContent()
#3 /var/www/yii1-dev/framework/zii/widgets/grid/CGridView.php(639): CButtonColumn->renderDataCell()
#4 /var/www/yii1-dev/framework/zii/widgets/grid/CGridView.php(623): CGridView->renderDataCell()
#5 /var/www/yii1-dev/framework/zii/widgets/grid/CGridView.php(579): CGridView->renderTableRow()
#6 /var/www/yii1-dev/framework/zii/widgets/grid/CGridView.php(489): CGridView->renderTableBody()
#7 /var/www/yii1-dev/framework/zii/widgets/CBaseListView.php(181): CGridView->renderItems()
#8 unknown(0): CGridView->renderSection()
#9 /var/www/yii1-dev/framework/zii/widgets/CBaseListView.php(164): preg_replace_callback()
#10 /var/www/yii1-dev/framework/zii/widgets/CBaseListView.php(149): CGridView->renderContent()
#11 /var/www/yii1-dev/framework/web/CBaseController.php(182): CGridView->run()
#12 /var/www/yii1-dev/testdrive/protected/views/tes/index.php(8): TesController->widget()
#13 /var/www/yii1-dev/framework/web/CBaseController.php(126): require()
#14 /var/www/yii1-dev/framework/web/CBaseController.php(95): TesController->renderInternal()
#15 /var/www/yii1-dev/framework/web/CController.php(872): TesController->renderFile()
#16 /var/www/yii1-dev/framework/web/CController.php(785): TesController->renderPartial()
#17 /var/www/yii1-dev/testdrive/protected/controllers/TesController.php(41): TesController->render()
#18 /var/www/yii1-dev/framework/web/actions/CInlineAction.php(49): TesController->actionIndex()
#19 /var/www/yii1-dev/framework/web/CController.php(308): CInlineAction->runWithParams()
#20 /var/www/yii1-dev/framework/web/CController.php(286): TesController->runAction()
#21 /var/www/yii1-dev/framework/web/CController.php(265): TesController->runActionWithFilters()
#22 /var/www/yii1-dev/framework/web/CWebApplication.php(282): TesController->run()
#23 /var/www/yii1-dev/framework/web/CWebApplication.php(141): CWebApplication->runController()
#24 /var/www/yii1-dev/framework/base/CApplication.php(185): CWebApplication->processRequest()
#25 /var/www/yii1-dev/testdrive/index.php(13): CWebApplication->run()
REQUEST_URI=/yii1-dev/testdrive/index.php?r=tes
in /var/www/yii1-dev/testdrive/protected/views/tes/index.php (8)
in /var/www/yii1-dev/testdrive/protected/controllers/TesController.php (41)
in /var/www/yii1-dev/testdrive/index.php (13)
2017/10/09 13:35:42 [error] [php] Trying to get property of non-object (/var/www/yii1-dev/framework/base/CComponent.php(614) : eval()'d code:1)
Stack trace:
#0 /var/www/yii1-dev/framework/zii/widgets/grid/CButtonColumn.php(321): CButtonColumn->renderButton()
#1 /var/www/yii1-dev/framework/zii/widgets/grid/CGridColumn.php(231): CButtonColumn->getDataCellContent()
#2 /var/www/yii1-dev/framework/zii/widgets/grid/CGridColumn.php(154): CButtonColumn->renderDataCellContent()
#3 /var/www/yii1-dev/framework/zii/widgets/grid/CGridView.php(639): CButtonColumn->renderDataCell()
#4 /var/www/yii1-dev/framework/zii/widgets/grid/CGridView.php(623): CGridView->renderDataCell()
#5 /var/www/yii1-dev/framework/zii/widgets/grid/CGridView.php(579): CGridView->renderTableRow()
#6 /var/www/yii1-dev/framework/zii/widgets/grid/CGridView.php(489): CGridView->renderTableBody()
#7 /var/www/yii1-dev/framework/zii/widgets/CBaseListView.php(181): CGridView->renderItems()
#8 unknown(0): CGridView->renderSection()
#9 /var/www/yii1-dev/framework/zii/widgets/CBaseListView.php(164): preg_replace_callback()
#10 /var/www/yii1-dev/framework/zii/widgets/CBaseListView.php(149): CGridView->renderContent()
#11 /var/www/yii1-dev/framework/web/CBaseController.php(182): CGridView->run()
#12 /var/www/yii1-dev/testdrive/protected/views/tes/index.php(8): TesController->widget()
#13 /var/www/yii1-dev/framework/web/CBaseController.php(126): require()
#14 /var/www/yii1-dev/framework/web/CBaseController.php(95): TesController->renderInternal()
#15 /var/www/yii1-dev/framework/web/CController.php(872): TesController->renderFile()
#16 /var/www/yii1-dev/framework/web/CController.php(785): TesController->renderPartial()
#17 /var/www/yii1-dev/testdrive/protected/controllers/TesController.php(41): TesController->render()
#18 /var/www/yii1-dev/framework/web/actions/CInlineAction.php(49): TesController->actionIndex()
#19 /var/www/yii1-dev/framework/web/CController.php(308): CInlineAction->runWithParams()
#20 /var/www/yii1-dev/framework/web/CController.php(286): TesController->runAction()
#21 /var/www/yii1-dev/framework/web/CController.php(265): TesController->runActionWithFilters()
#22 /var/www/yii1-dev/framework/web/CWebApplication.php(282): TesController->run()
#23 /var/www/yii1-dev/framework/web/CWebApplication.php(141): CWebApplication->runController()
#24 /var/www/yii1-dev/framework/base/CApplication.php(185): CWebApplication->processRequest()
#25 /var/www/yii1-dev/testdrive/index.php(13): CWebApplication->run()
REQUEST_URI=/yii1-dev/testdrive/index.php?r=tes
in /var/www/yii1-dev/testdrive/protected/views/tes/index.php (8)
in /var/www/yii1-dev/testdrive/protected/controllers/TesController.php (41)
in /var/www/yii1-dev/testdrive/index.php (13)
2017/10/09 13:35:43 [error] [php] Trying to get property of non-object (/var/www/yii1-dev/framework/base/CComponent.php(614) : eval()'d code:1)
Stack trace:
#0 /var/www/yii1-dev/framework/zii/widgets/grid/CButtonColumn.php(321): CButtonColumn->renderButton()
#1 /var/www/yii1-dev/framework/zii/widgets/grid/CGridColumn.php(231): CButtonColumn->getDataCellContent()
#2 /var/www/yii1-dev/framework/zii/widgets/grid/CGridColumn.php(154): CButtonColumn->renderDataCellContent()
#3 /var/www/yii1-dev/framework/zii/widgets/grid/CGridView.php(639): CButtonColumn->renderDataCell()
#4 /var/www/yii1-dev/framework/zii/widgets/grid/CGridView.php(623): CGridView->renderDataCell()
#5 /var/www/yii1-dev/framework/zii/widgets/grid/CGridView.php(579): CGridView->renderTableRow()
#6 /var/www/yii1-dev/framework/zii/widgets/grid/CGridView.php(489): CGridView->renderTableBody()
#7 /var/www/yii1-dev/framework/zii/widgets/CBaseListView.php(181): CGridView->renderItems()
#8 unknown(0): CGridView->renderSection()
#9 /var/www/yii1-dev/framework/zii/widgets/CBaseListView.php(164): preg_replace_callback()
#10 /var/www/yii1-dev/framework/zii/widgets/CBaseListView.php(149): CGridView->renderContent()
#11 /var/www/yii1-dev/framework/web/CBaseController.php(182): CGridView->run()
#12 /var/www/yii1-dev/testdrive/protected/views/tes/index.php(8): TesController->widget()
#13 /var/www/yii1-dev/framework/web/CBaseController.php(126): require()
#14 /var/www/yii1-dev/framework/web/CBaseController.php(95): TesController->renderInternal()
#15 /var/www/yii1-dev/framework/web/CController.php(872): TesController->renderFile()
#16 /var/www/yii1-dev/framework/web/CController.php(785): TesController->renderPartial()
#17 /var/www/yii1-dev/testdrive/protected/controllers/TesController.php(41): TesController->render()
#18 /var/www/yii1-dev/framework/web/actions/CInlineAction.php(49): TesController->actionIndex()
#19 /var/www/yii1-dev/framework/web/CController.php(308): CInlineAction->runWithParams()
#20 /var/www/yii1-dev/framework/web/CController.php(286): TesController->runAction()
#21 /var/www/yii1-dev/framework/web/CController.php(265): TesController->runActionWithFilters()
#22 /var/www/yii1-dev/framework/web/CWebApplication.php(282): TesController->run()
#23 /var/www/yii1-dev/framework/web/CWebApplication.php(141): CWebApplication->runController()
#24 /var/www/yii1-dev/framework/base/CApplication.php(185): CWebApplication->processRequest()
#25 /var/www/yii1-dev/testdrive/index.php(13): CWebApplication->run()
REQUEST_URI=/yii1-dev/testdrive/index.php?r=tes
in /var/www/yii1-dev/testdrive/protected/views/tes/index.php (8)
in /var/www/yii1-dev/testdrive/protected/controllers/TesController.php (41)
in /var/www/yii1-dev/testdrive/index.php (13)
2017/10/09 13:35:52 [error] [php] Trying to get property of non-object (/var/www/yii1-dev/framework/base/CComponent.php(614) : eval()'d code:1)
Stack trace:
#0 /var/www/yii1-dev/framework/zii/widgets/grid/CButtonColumn.php(321): CButtonColumn->renderButton()
#1 /var/www/yii1-dev/framework/zii/widgets/grid/CGridColumn.php(231): CButtonColumn->getDataCellContent()
#2 /var/www/yii1-dev/framework/zii/widgets/grid/CGridColumn.php(154): CButtonColumn->renderDataCellContent()
#3 /var/www/yii1-dev/framework/zii/widgets/grid/CGridView.php(639): CButtonColumn->renderDataCell()
#4 /var/www/yii1-dev/framework/zii/widgets/grid/CGridView.php(623): CGridView->renderDataCell()
#5 /var/www/yii1-dev/framework/zii/widgets/grid/CGridView.php(579): CGridView->renderTableRow()
#6 /var/www/yii1-dev/framework/zii/widgets/grid/CGridView.php(489): CGridView->renderTableBody()
#7 /var/www/yii1-dev/framework/zii/widgets/CBaseListView.php(181): CGridView->renderItems()
#8 unknown(0): CGridView->renderSection()
#9 /var/www/yii1-dev/framework/zii/widgets/CBaseListView.php(164): preg_replace_callback()
#10 /var/www/yii1-dev/framework/zii/widgets/CBaseListView.php(149): CGridView->renderContent()
#11 /var/www/yii1-dev/framework/web/CBaseController.php(182): CGridView->run()
#12 /var/www/yii1-dev/testdrive/protected/views/tes/index.php(8): TesController->widget()
#13 /var/www/yii1-dev/framework/web/CBaseController.php(126): require()
#14 /var/www/yii1-dev/framework/web/CBaseController.php(95): TesController->renderInternal()
#15 /var/www/yii1-dev/framework/web/CController.php(872): TesController->renderFile()
#16 /var/www/yii1-dev/framework/web/CController.php(785): TesController->renderPartial()
#17 /var/www/yii1-dev/testdrive/protected/controllers/TesController.php(41): TesController->render()
#18 /var/www/yii1-dev/framework/web/actions/CInlineAction.php(49): TesController->actionIndex()
#19 /var/www/yii1-dev/framework/web/CController.php(308): CInlineAction->runWithParams()
#20 /var/www/yii1-dev/framework/web/CController.php(286): TesController->runAction()
#21 /var/www/yii1-dev/framework/web/CController.php(265): TesController->runActionWithFilters()
#22 /var/www/yii1-dev/framework/web/CWebApplication.php(282): TesController->run()
#23 /var/www/yii1-dev/framework/web/CWebApplication.php(141): CWebApplication->runController()
#24 /var/www/yii1-dev/framework/base/CApplication.php(185): CWebApplication->processRequest()
#25 /var/www/yii1-dev/testdrive/index.php(13): CWebApplication->run()
REQUEST_URI=/yii1-dev/testdrive/index.php?r=tes
in /var/www/yii1-dev/testdrive/protected/views/tes/index.php (8)
in /var/www/yii1-dev/testdrive/protected/controllers/TesController.php (41)
in /var/www/yii1-dev/testdrive/index.php (13)
2017/10/09 13:35:54 [error] [php] Trying to get property of non-object (/var/www/yii1-dev/framework/base/CComponent.php(614) : eval()'d code:1)
Stack trace:
#0 /var/www/yii1-dev/framework/zii/widgets/grid/CButtonColumn.php(321): CButtonColumn->renderButton()
#1 /var/www/yii1-dev/framework/zii/widgets/grid/CGridColumn.php(231): CButtonColumn->getDataCellContent()
#2 /var/www/yii1-dev/framework/zii/widgets/grid/CGridColumn.php(154): CButtonColumn->renderDataCellContent()
#3 /var/www/yii1-dev/framework/zii/widgets/grid/CGridView.php(639): CButtonColumn->renderDataCell()
#4 /var/www/yii1-dev/framework/zii/widgets/grid/CGridView.php(623): CGridView->renderDataCell()
#5 /var/www/yii1-dev/framework/zii/widgets/grid/CGridView.php(579): CGridView->renderTableRow()
#6 /var/www/yii1-dev/framework/zii/widgets/grid/CGridView.php(489): CGridView->renderTableBody()
#7 /var/www/yii1-dev/framework/zii/widgets/CBaseListView.php(181): CGridView->renderItems()
#8 unknown(0): CGridView->renderSection()
#9 /var/www/yii1-dev/framework/zii/widgets/CBaseListView.php(164): preg_replace_callback()
#10 /var/www/yii1-dev/framework/zii/widgets/CBaseListView.php(149): CGridView->renderContent()
#11 /var/www/yii1-dev/framework/web/CBaseController.php(182): CGridView->run()
#12 /var/www/yii1-dev/testdrive/protected/views/tes/index.php(8): TesController->widget()
#13 /var/www/yii1-dev/framework/web/CBaseController.php(126): require()
#14 /var/www/yii1-dev/framework/web/CBaseController.php(95): TesController->renderInternal()
#15 /var/www/yii1-dev/framework/web/CController.php(872): TesController->renderFile()
#16 /var/www/yii1-dev/framework/web/CController.php(785): TesController->renderPartial()
#17 /var/www/yii1-dev/testdrive/protected/controllers/TesController.php(41): TesController->render()
#18 /var/www/yii1-dev/framework/web/actions/CInlineAction.php(49): TesController->actionIndex()
#19 /var/www/yii1-dev/framework/web/CController.php(308): CInlineAction->runWithParams()
#20 /var/www/yii1-dev/framework/web/CController.php(286): TesController->runAction()
#21 /var/www/yii1-dev/framework/web/CController.php(265): TesController->runActionWithFilters()
#22 /var/www/yii1-dev/framework/web/CWebApplication.php(282): TesController->run()
#23 /var/www/yii1-dev/framework/web/CWebApplication.php(141): CWebApplication->runController()
#24 /var/www/yii1-dev/framework/base/CApplication.php(185): CWebApplication->processRequest()
#25 /var/www/yii1-dev/testdrive/index.php(13): CWebApplication->run()
REQUEST_URI=/yii1-dev/testdrive/index.php?r=tes
in /var/www/yii1-dev/testdrive/protected/views/tes/index.php (8)
in /var/www/yii1-dev/testdrive/protected/controllers/TesController.php (41)
in /var/www/yii1-dev/testdrive/index.php (13)
2017/10/09 13:37:43 [error] [php] Trying to get property of non-object (/var/www/yii1-dev/framework/base/CComponent.php(614) : eval()'d code:1)
Stack trace:
#0 /var/www/yii1-dev/framework/zii/widgets/grid/CButtonColumn.php(321): CButtonColumn->renderButton()
#1 /var/www/yii1-dev/framework/zii/widgets/grid/CGridColumn.php(231): CButtonColumn->getDataCellContent()
#2 /var/www/yii1-dev/framework/zii/widgets/grid/CGridColumn.php(154): CButtonColumn->renderDataCellContent()
#3 /var/www/yii1-dev/framework/zii/widgets/grid/CGridView.php(639): CButtonColumn->renderDataCell()
#4 /var/www/yii1-dev/framework/zii/widgets/grid/CGridView.php(623): CGridView->renderDataCell()
#5 /var/www/yii1-dev/framework/zii/widgets/grid/CGridView.php(579): CGridView->renderTableRow()
#6 /var/www/yii1-dev/framework/zii/widgets/grid/CGridView.php(489): CGridView->renderTableBody()
#7 /var/www/yii1-dev/framework/zii/widgets/CBaseListView.php(181): CGridView->renderItems()
#8 unknown(0): CGridView->renderSection()
#9 /var/www/yii1-dev/framework/zii/widgets/CBaseListView.php(164): preg_replace_callback()
#10 /var/www/yii1-dev/framework/zii/widgets/CBaseListView.php(149): CGridView->renderContent()
#11 /var/www/yii1-dev/framework/web/CBaseController.php(182): CGridView->run()
#12 /var/www/yii1-dev/testdrive/protected/views/tes/index.php(8): TesController->widget()
#13 /var/www/yii1-dev/framework/web/CBaseController.php(126): require()
#14 /var/www/yii1-dev/framework/web/CBaseController.php(95): TesController->renderInternal()
#15 /var/www/yii1-dev/framework/web/CController.php(872): TesController->renderFile()
#16 /var/www/yii1-dev/framework/web/CController.php(785): TesController->renderPartial()
#17 /var/www/yii1-dev/testdrive/protected/controllers/TesController.php(41): TesController->render()
#18 /var/www/yii1-dev/framework/web/actions/CInlineAction.php(49): TesController->actionIndex()
#19 /var/www/yii1-dev/framework/web/CController.php(308): CInlineAction->runWithParams()
#20 /var/www/yii1-dev/framework/web/CController.php(286): TesController->runAction()
#21 /var/www/yii1-dev/framework/web/CController.php(265): TesController->runActionWithFilters()
#22 /var/www/yii1-dev/framework/web/CWebApplication.php(282): TesController->run()
#23 /var/www/yii1-dev/framework/web/CWebApplication.php(141): CWebApplication->runController()
#24 /var/www/yii1-dev/framework/base/CApplication.php(185): CWebApplication->processRequest()
#25 /var/www/yii1-dev/testdrive/index.php(13): CWebApplication->run()
REQUEST_URI=/yii1-dev/testdrive/index.php?r=tes
in /var/www/yii1-dev/testdrive/protected/views/tes/index.php (8)
in /var/www/yii1-dev/testdrive/protected/controllers/TesController.php (41)
in /var/www/yii1-dev/testdrive/index.php (13)
2017/10/09 13:42:31 [error] [php] Trying to get property of non-object (/var/www/yii1-dev/framework/base/CComponent.php(614) : eval()'d code:1)
Stack trace:
#0 /var/www/yii1-dev/framework/zii/widgets/grid/CButtonColumn.php(321): CButtonColumn->renderButton()
#1 /var/www/yii1-dev/framework/zii/widgets/grid/CGridColumn.php(231): CButtonColumn->getDataCellContent()
#2 /var/www/yii1-dev/framework/zii/widgets/grid/CGridColumn.php(154): CButtonColumn->renderDataCellContent()
#3 /var/www/yii1-dev/framework/zii/widgets/grid/CGridView.php(639): CButtonColumn->renderDataCell()
#4 /var/www/yii1-dev/framework/zii/widgets/grid/CGridView.php(623): CGridView->renderDataCell()
#5 /var/www/yii1-dev/framework/zii/widgets/grid/CGridView.php(579): CGridView->renderTableRow()
#6 /var/www/yii1-dev/framework/zii/widgets/grid/CGridView.php(489): CGridView->renderTableBody()
#7 /var/www/yii1-dev/framework/zii/widgets/CBaseListView.php(181): CGridView->renderItems()
#8 unknown(0): CGridView->renderSection()
#9 /var/www/yii1-dev/framework/zii/widgets/CBaseListView.php(164): preg_replace_callback()
#10 /var/www/yii1-dev/framework/zii/widgets/CBaseListView.php(149): CGridView->renderContent()
#11 /var/www/yii1-dev/framework/web/CBaseController.php(182): CGridView->run()
#12 /var/www/yii1-dev/testdrive/protected/views/tes/index.php(56): TesController->widget()
#13 /var/www/yii1-dev/framework/web/CBaseController.php(126): require()
#14 /var/www/yii1-dev/framework/web/CBaseController.php(95): TesController->renderInternal()
#15 /var/www/yii1-dev/framework/web/CController.php(872): TesController->renderFile()
#16 /var/www/yii1-dev/framework/web/CController.php(785): TesController->renderPartial()
#17 /var/www/yii1-dev/testdrive/protected/controllers/TesController.php(41): TesController->render()
#18 /var/www/yii1-dev/framework/web/actions/CInlineAction.php(49): TesController->actionIndex()
#19 /var/www/yii1-dev/framework/web/CController.php(308): CInlineAction->runWithParams()
#20 /var/www/yii1-dev/framework/web/CController.php(286): TesController->runAction()
#21 /var/www/yii1-dev/framework/web/CController.php(265): TesController->runActionWithFilters()
#22 /var/www/yii1-dev/framework/web/CWebApplication.php(282): TesController->run()
#23 /var/www/yii1-dev/framework/web/CWebApplication.php(141): CWebApplication->runController()
#24 /var/www/yii1-dev/framework/base/CApplication.php(185): CWebApplication->processRequest()
#25 /var/www/yii1-dev/testdrive/index.php(13): CWebApplication->run()
REQUEST_URI=/yii1-dev/testdrive/index.php?r=tes
in /var/www/yii1-dev/testdrive/protected/views/tes/index.php (56)
in /var/www/yii1-dev/testdrive/protected/controllers/TesController.php (41)
in /var/www/yii1-dev/testdrive/index.php (13)
2017/10/09 13:42:47 [error] [php] Trying to get property of non-object (/var/www/yii1-dev/framework/base/CComponent.php(614) : eval()'d code:1)
Stack trace:
#0 /var/www/yii1-dev/framework/zii/widgets/grid/CButtonColumn.php(321): CButtonColumn->renderButton()
#1 /var/www/yii1-dev/framework/zii/widgets/grid/CGridColumn.php(231): CButtonColumn->getDataCellContent()
#2 /var/www/yii1-dev/framework/zii/widgets/grid/CGridColumn.php(154): CButtonColumn->renderDataCellContent()
#3 /var/www/yii1-dev/framework/zii/widgets/grid/CGridView.php(639): CButtonColumn->renderDataCell()
#4 /var/www/yii1-dev/framework/zii/widgets/grid/CGridView.php(623): CGridView->renderDataCell()
#5 /var/www/yii1-dev/framework/zii/widgets/grid/CGridView.php(579): CGridView->renderTableRow()
#6 /var/www/yii1-dev/framework/zii/widgets/grid/CGridView.php(489): CGridView->renderTableBody()
#7 /var/www/yii1-dev/framework/zii/widgets/CBaseListView.php(181): CGridView->renderItems()
#8 unknown(0): CGridView->renderSection()
#9 /var/www/yii1-dev/framework/zii/widgets/CBaseListView.php(164): preg_replace_callback()
#10 /var/www/yii1-dev/framework/zii/widgets/CBaseListView.php(149): CGridView->renderContent()
#11 /var/www/yii1-dev/framework/web/CBaseController.php(182): CGridView->run()
#12 /var/www/yii1-dev/testdrive/protected/views/tes/index.php(55): TesController->widget()
#13 /var/www/yii1-dev/framework/web/CBaseController.php(126): require()
#14 /var/www/yii1-dev/framework/web/CBaseController.php(95): TesController->renderInternal()
#15 /var/www/yii1-dev/framework/web/CController.php(872): TesController->renderFile()
#16 /var/www/yii1-dev/framework/web/CController.php(785): TesController->renderPartial()
#17 /var/www/yii1-dev/testdrive/protected/controllers/TesController.php(41): TesController->render()
#18 /var/www/yii1-dev/framework/web/actions/CInlineAction.php(49): TesController->actionIndex()
#19 /var/www/yii1-dev/framework/web/CController.php(308): CInlineAction->runWithParams()
#20 /var/www/yii1-dev/framework/web/CController.php(286): TesController->runAction()
#21 /var/www/yii1-dev/framework/web/CController.php(265): TesController->runActionWithFilters()
#22 /var/www/yii1-dev/framework/web/CWebApplication.php(282): TesController->run()
#23 /var/www/yii1-dev/framework/web/CWebApplication.php(141): CWebApplication->runController()
#24 /var/www/yii1-dev/framework/base/CApplication.php(185): CWebApplication->processRequest()
#25 /var/www/yii1-dev/testdrive/index.php(13): CWebApplication->run()
REQUEST_URI=/yii1-dev/testdrive/index.php?r=tes
in /var/www/yii1-dev/testdrive/protected/views/tes/index.php (55)
in /var/www/yii1-dev/testdrive/protected/controllers/TesController.php (41)
in /var/www/yii1-dev/testdrive/index.php (13)
2017/10/09 13:43:06 [error] [exception.ParseError] ParseError: syntax error, unexpected ')' in /var/www/yii1-dev/testdrive/protected/views/tes/index.php:48
Stack trace:
#0 /var/www/yii1-dev/framework/web/CBaseController.php(95): CBaseController->renderInternal('/var/www/yii1-d...', Array, true)
#1 /var/www/yii1-dev/framework/web/CController.php(872): CBaseController->renderFile('/var/www/yii1-d...', Array, true)
#2 /var/www/yii1-dev/framework/web/CController.php(785): CController->renderPartial('index', Array, true)
#3 /var/www/yii1-dev/testdrive/protected/controllers/TesController.php(41): CController->render('index', Array)
#4 /var/www/yii1-dev/framework/web/actions/CInlineAction.php(49): TesController->actionIndex()
#5 /var/www/yii1-dev/framework/web/CController.php(308): CInlineAction->runWithParams(Array)
#6 /var/www/yii1-dev/framework/web/CController.php(286): CController->runAction(Object(CInlineAction))
#7 /var/www/yii1-dev/framework/web/CController.php(265): CController->runActionWithFilters(Object(CInlineAction), Array)
#8 /var/www/yii1-dev/framework/web/CWebApplication.php(282): CController->run('')
#9 /var/www/yii1-dev/framework/web/CWebApplication.php(141): CWebApplication->runController('tes')
#10 /var/www/yii1-dev/framework/base/CApplication.php(185): CWebApplication->processRequest()
#11 /var/www/yii1-dev/testdrive/index.php(13): CApplication->run()
#12 {main}
REQUEST_URI=/yii1-dev/testdrive/index.php?r=tes
---
2017/10/09 13:44:23 [error] [php] Trying to get property of non-object (/var/www/yii1-dev/framework/base/CComponent.php(614) : eval()'d code:1)
Stack trace:
#0 /var/www/yii1-dev/framework/zii/widgets/grid/CButtonColumn.php(321): CButtonColumn->renderButton()
#1 /var/www/yii1-dev/framework/zii/widgets/grid/CGridColumn.php(231): CButtonColumn->getDataCellContent()
#2 /var/www/yii1-dev/framework/zii/widgets/grid/CGridColumn.php(154): CButtonColumn->renderDataCellContent()
#3 /var/www/yii1-dev/framework/zii/widgets/grid/CGridView.php(639): CButtonColumn->renderDataCell()
#4 /var/www/yii1-dev/framework/zii/widgets/grid/CGridView.php(623): CGridView->renderDataCell()
#5 /var/www/yii1-dev/framework/zii/widgets/grid/CGridView.php(579): CGridView->renderTableRow()
#6 /var/www/yii1-dev/framework/zii/widgets/grid/CGridView.php(489): CGridView->renderTableBody()
#7 /var/www/yii1-dev/framework/zii/widgets/CBaseListView.php(181): CGridView->renderItems()
#8 unknown(0): CGridView->renderSection()
#9 /var/www/yii1-dev/framework/zii/widgets/CBaseListView.php(164): preg_replace_callback()
#10 /var/www/yii1-dev/framework/zii/widgets/CBaseListView.php(149): CGridView->renderContent()
#11 /var/www/yii1-dev/framework/web/CBaseController.php(182): CGridView->run()
#12 /var/www/yii1-dev/testdrive/protected/views/tes/index.php(8): TesController->widget()
#13 /var/www/yii1-dev/framework/web/CBaseController.php(126): require()
#14 /var/www/yii1-dev/framework/web/CBaseController.php(95): TesController->renderInternal()
#15 /var/www/yii1-dev/framework/web/CController.php(872): TesController->renderFile()
#16 /var/www/yii1-dev/framework/web/CController.php(785): TesController->renderPartial()
#17 /var/www/yii1-dev/testdrive/protected/controllers/TesController.php(41): TesController->render()
#18 /var/www/yii1-dev/framework/web/actions/CInlineAction.php(49): TesController->actionIndex()
#19 /var/www/yii1-dev/framework/web/CController.php(308): CInlineAction->runWithParams()
#20 /var/www/yii1-dev/framework/web/CController.php(286): TesController->runAction()
#21 /var/www/yii1-dev/framework/web/CController.php(265): TesController->runActionWithFilters()
#22 /var/www/yii1-dev/framework/web/CWebApplication.php(282): TesController->run()
#23 /var/www/yii1-dev/framework/web/CWebApplication.php(141): CWebApplication->runController()
#24 /var/www/yii1-dev/framework/base/CApplication.php(185): CWebApplication->processRequest()
#25 /var/www/yii1-dev/testdrive/index.php(13): CWebApplication->run()
REQUEST_URI=/yii1-dev/testdrive/index.php?r=tes
in /var/www/yii1-dev/testdrive/protected/views/tes/index.php (8)
in /var/www/yii1-dev/testdrive/protected/controllers/TesController.php (41)
in /var/www/yii1-dev/testdrive/index.php (13)
2017/10/09 13:51:26 [error] [php] Trying to get property of non-object (/var/www/yii1-dev/framework/base/CComponent.php(614) : eval()'d code:1)
Stack trace:
#0 /var/www/yii1-dev/framework/zii/widgets/grid/CButtonColumn.php(321): CButtonColumn->renderButton()
#1 /var/www/yii1-dev/framework/zii/widgets/grid/CGridColumn.php(231): CButtonColumn->getDataCellContent()
#2 /var/www/yii1-dev/framework/zii/widgets/grid/CGridColumn.php(154): CButtonColumn->renderDataCellContent()
#3 /var/www/yii1-dev/framework/zii/widgets/grid/CGridView.php(639): CButtonColumn->renderDataCell()
#4 /var/www/yii1-dev/framework/zii/widgets/grid/CGridView.php(623): CGridView->renderDataCell()
#5 /var/www/yii1-dev/framework/zii/widgets/grid/CGridView.php(579): CGridView->renderTableRow()
#6 /var/www/yii1-dev/framework/zii/widgets/grid/CGridView.php(489): CGridView->renderTableBody()
#7 /var/www/yii1-dev/framework/zii/widgets/CBaseListView.php(181): CGridView->renderItems()
#8 unknown(0): CGridView->renderSection()
#9 /var/www/yii1-dev/framework/zii/widgets/CBaseListView.php(164): preg_replace_callback()
#10 /var/www/yii1-dev/framework/zii/widgets/CBaseListView.php(149): CGridView->renderContent()
#11 /var/www/yii1-dev/framework/web/CBaseController.php(182): CGridView->run()
#12 /var/www/yii1-dev/testdrive/protected/views/tes/index.php(8): TesController->widget()
#13 /var/www/yii1-dev/framework/web/CBaseController.php(126): require()
#14 /var/www/yii1-dev/framework/web/CBaseController.php(95): TesController->renderInternal()
#15 /var/www/yii1-dev/framework/web/CController.php(872): TesController->renderFile()
#16 /var/www/yii1-dev/framework/web/CController.php(785): TesController->renderPartial()
#17 /var/www/yii1-dev/testdrive/protected/controllers/TesController.php(41): TesController->render()
#18 /var/www/yii1-dev/framework/web/actions/CInlineAction.php(49): TesController->actionIndex()
#19 /var/www/yii1-dev/framework/web/CController.php(308): CInlineAction->runWithParams()
#20 /var/www/yii1-dev/framework/web/CController.php(286): TesController->runAction()
#21 /var/www/yii1-dev/framework/web/CController.php(265): TesController->runActionWithFilters()
#22 /var/www/yii1-dev/framework/web/CWebApplication.php(282): TesController->run()
#23 /var/www/yii1-dev/framework/web/CWebApplication.php(141): CWebApplication->runController()
#24 /var/www/yii1-dev/framework/base/CApplication.php(185): CWebApplication->processRequest()
#25 /var/www/yii1-dev/testdrive/index.php(13): CWebApplication->run()
REQUEST_URI=/yii1-dev/testdrive/index.php?r=tes
in /var/www/yii1-dev/testdrive/protected/views/tes/index.php (8)
in /var/www/yii1-dev/testdrive/protected/controllers/TesController.php (41)
in /var/www/yii1-dev/testdrive/index.php (13)
2017/10/09 13:51:45 [error] [php] Trying to get property of non-object (/var/www/yii1-dev/framework/base/CComponent.php(614) : eval()'d code:1)
Stack trace:
#0 /var/www/yii1-dev/framework/zii/widgets/grid/CButtonColumn.php(321): CButtonColumn->renderButton()
#1 /var/www/yii1-dev/framework/zii/widgets/grid/CGridColumn.php(231): CButtonColumn->getDataCellContent()
#2 /var/www/yii1-dev/framework/zii/widgets/grid/CGridColumn.php(154): CButtonColumn->renderDataCellContent()
#3 /var/www/yii1-dev/framework/zii/widgets/grid/CGridView.php(639): CButtonColumn->renderDataCell()
#4 /var/www/yii1-dev/framework/zii/widgets/grid/CGridView.php(623): CGridView->renderDataCell()
#5 /var/www/yii1-dev/framework/zii/widgets/grid/CGridView.php(579): CGridView->renderTableRow()
#6 /var/www/yii1-dev/framework/zii/widgets/grid/CGridView.php(489): CGridView->renderTableBody()
#7 /var/www/yii1-dev/framework/zii/widgets/CBaseListView.php(181): CGridView->renderItems()
#8 unknown(0): CGridView->renderSection()
#9 /var/www/yii1-dev/framework/zii/widgets/CBaseListView.php(164): preg_replace_callback()
#10 /var/www/yii1-dev/framework/zii/widgets/CBaseListView.php(149): CGridView->renderContent()
#11 /var/www/yii1-dev/framework/web/CBaseController.php(182): CGridView->run()
#12 /var/www/yii1-dev/testdrive/protected/views/tes/index.php(8): TesController->widget()
#13 /var/www/yii1-dev/framework/web/CBaseController.php(126): require()
#14 /var/www/yii1-dev/framework/web/CBaseController.php(95): TesController->renderInternal()
#15 /var/www/yii1-dev/framework/web/CController.php(872): TesController->renderFile()
#16 /var/www/yii1-dev/framework/web/CController.php(785): TesController->renderPartial()
#17 /var/www/yii1-dev/testdrive/protected/controllers/TesController.php(41): TesController->render()
#18 /var/www/yii1-dev/framework/web/actions/CInlineAction.php(49): TesController->actionIndex()
#19 /var/www/yii1-dev/framework/web/CController.php(308): CInlineAction->runWithParams()
#20 /var/www/yii1-dev/framework/web/CController.php(286): TesController->runAction()
#21 /var/www/yii1-dev/framework/web/CController.php(265): TesController->runActionWithFilters()
#22 /var/www/yii1-dev/framework/web/CWebApplication.php(282): TesController->run()
#23 /var/www/yii1-dev/framework/web/CWebApplication.php(141): CWebApplication->runController()
#24 /var/www/yii1-dev/framework/base/CApplication.php(185): CWebApplication->processRequest()
#25 /var/www/yii1-dev/testdrive/index.php(13): CWebApplication->run()
REQUEST_URI=/yii1-dev/testdrive/index.php?r=tes
in /var/www/yii1-dev/testdrive/protected/views/tes/index.php (8)
in /var/www/yii1-dev/testdrive/protected/controllers/TesController.php (41)
in /var/www/yii1-dev/testdrive/index.php (13)
2017/10/09 13:51:48 [error] [php] Trying to get property of non-object (/var/www/yii1-dev/framework/base/CComponent.php(614) : eval()'d code:1)
Stack trace:
#0 /var/www/yii1-dev/framework/zii/widgets/grid/CButtonColumn.php(321): CButtonColumn->renderButton()
#1 /var/www/yii1-dev/framework/zii/widgets/grid/CGridColumn.php(231): CButtonColumn->getDataCellContent()
#2 /var/www/yii1-dev/framework/zii/widgets/grid/CGridColumn.php(154): CButtonColumn->renderDataCellContent()
#3 /var/www/yii1-dev/framework/zii/widgets/grid/CGridView.php(639): CButtonColumn->renderDataCell()
#4 /var/www/yii1-dev/framework/zii/widgets/grid/CGridView.php(623): CGridView->renderDataCell()
#5 /var/www/yii1-dev/framework/zii/widgets/grid/CGridView.php(579): CGridView->renderTableRow()
#6 /var/www/yii1-dev/framework/zii/widgets/grid/CGridView.php(489): CGridView->renderTableBody()
#7 /var/www/yii1-dev/framework/zii/widgets/CBaseListView.php(181): CGridView->renderItems()
#8 unknown(0): CGridView->renderSection()
#9 /var/www/yii1-dev/framework/zii/widgets/CBaseListView.php(164): preg_replace_callback()
#10 /var/www/yii1-dev/framework/zii/widgets/CBaseListView.php(149): CGridView->renderContent()
#11 /var/www/yii1-dev/framework/web/CBaseController.php(182): CGridView->run()
#12 /var/www/yii1-dev/testdrive/protected/views/tes/index.php(8): TesController->widget()
#13 /var/www/yii1-dev/framework/web/CBaseController.php(126): require()
#14 /var/www/yii1-dev/framework/web/CBaseController.php(95): TesController->renderInternal()
#15 /var/www/yii1-dev/framework/web/CController.php(872): TesController->renderFile()
#16 /var/www/yii1-dev/framework/web/CController.php(785): TesController->renderPartial()
#17 /var/www/yii1-dev/testdrive/protected/controllers/TesController.php(41): TesController->render()
#18 /var/www/yii1-dev/framework/web/actions/CInlineAction.php(49): TesController->actionIndex()
#19 /var/www/yii1-dev/framework/web/CController.php(308): CInlineAction->runWithParams()
#20 /var/www/yii1-dev/framework/web/CController.php(286): TesController->runAction()
#21 /var/www/yii1-dev/framework/web/CController.php(265): TesController->runActionWithFilters()
#22 /var/www/yii1-dev/framework/web/CWebApplication.php(282): TesController->run()
#23 /var/www/yii1-dev/framework/web/CWebApplication.php(141): CWebApplication->runController()
#24 /var/www/yii1-dev/framework/base/CApplication.php(185): CWebApplication->processRequest()
#25 /var/www/yii1-dev/testdrive/index.php(13): CWebApplication->run()
REQUEST_URI=/yii1-dev/testdrive/index.php?r=tes
in /var/www/yii1-dev/testdrive/protected/views/tes/index.php (8)
in /var/www/yii1-dev/testdrive/protected/controllers/TesController.php (41)
in /var/www/yii1-dev/testdrive/index.php (13)
2017/10/09 13:56:27 [error] [php] Trying to get property of non-object (/var/www/yii1-dev/framework/base/CComponent.php(614) : eval()'d code:1)
Stack trace:
#0 /var/www/yii1-dev/framework/zii/widgets/grid/CButtonColumn.php(321): CButtonColumn->renderButton()
#1 /var/www/yii1-dev/framework/zii/widgets/grid/CGridColumn.php(231): CButtonColumn->getDataCellContent()
#2 /var/www/yii1-dev/framework/zii/widgets/grid/CGridColumn.php(154): CButtonColumn->renderDataCellContent()
#3 /var/www/yii1-dev/framework/zii/widgets/grid/CGridView.php(639): CButtonColumn->renderDataCell()
#4 /var/www/yii1-dev/framework/zii/widgets/grid/CGridView.php(623): CGridView->renderDataCell()
#5 /var/www/yii1-dev/framework/zii/widgets/grid/CGridView.php(579): CGridView->renderTableRow()
#6 /var/www/yii1-dev/framework/zii/widgets/grid/CGridView.php(489): CGridView->renderTableBody()
#7 /var/www/yii1-dev/framework/zii/widgets/CBaseListView.php(181): CGridView->renderItems()
#8 unknown(0): CGridView->renderSection()
#9 /var/www/yii1-dev/framework/zii/widgets/CBaseListView.php(164): preg_replace_callback()
#10 /var/www/yii1-dev/framework/zii/widgets/CBaseListView.php(149): CGridView->renderContent()
#11 /var/www/yii1-dev/framework/web/CBaseController.php(182): CGridView->run()
#12 /var/www/yii1-dev/testdrive/protected/views/tes/index.php(8): TesController->widget()
#13 /var/www/yii1-dev/framework/web/CBaseController.php(126): require()
#14 /var/www/yii1-dev/framework/web/CBaseController.php(95): TesController->renderInternal()
#15 /var/www/yii1-dev/framework/web/CController.php(872): TesController->renderFile()
#16 /var/www/yii1-dev/framework/web/CController.php(785): TesController->renderPartial()
#17 /var/www/yii1-dev/testdrive/protected/controllers/TesController.php(41): TesController->render()
#18 /var/www/yii1-dev/framework/web/actions/CInlineAction.php(49): TesController->actionIndex()
#19 /var/www/yii1-dev/framework/web/CController.php(308): CInlineAction->runWithParams()
#20 /var/www/yii1-dev/framework/web/CController.php(286): TesController->runAction()
#21 /var/www/yii1-dev/framework/web/CController.php(265): TesController->runActionWithFilters()
#22 /var/www/yii1-dev/framework/web/CWebApplication.php(282): TesController->run()
#23 /var/www/yii1-dev/framework/web/CWebApplication.php(141): CWebApplication->runController()
#24 /var/www/yii1-dev/framework/base/CApplication.php(185): CWebApplication->processRequest()
#25 /var/www/yii1-dev/testdrive/index.php(13): CWebApplication->run()
REQUEST_URI=/yii1-dev/testdrive/index.php?r=tes
in /var/www/yii1-dev/testdrive/protected/views/tes/index.php (8)
in /var/www/yii1-dev/testdrive/protected/controllers/TesController.php (41)
in /var/www/yii1-dev/testdrive/index.php (13)
2017/10/09 14:08:27 [error] [php] Trying to get property of non-object (/var/www/yii1-dev/framework/base/CComponent.php(614) : eval()'d code:1)
Stack trace:
#0 /var/www/yii1-dev/framework/zii/widgets/grid/CButtonColumn.php(321): CButtonColumn->renderButton()
#1 /var/www/yii1-dev/framework/zii/widgets/grid/CGridColumn.php(231): CButtonColumn->getDataCellContent()
#2 /var/www/yii1-dev/framework/zii/widgets/grid/CGridColumn.php(154): CButtonColumn->renderDataCellContent()
#3 /var/www/yii1-dev/framework/zii/widgets/grid/CGridView.php(639): CButtonColumn->renderDataCell()
#4 /var/www/yii1-dev/framework/zii/widgets/grid/CGridView.php(623): CGridView->renderDataCell()
#5 /var/www/yii1-dev/framework/zii/widgets/grid/CGridView.php(579): CGridView->renderTableRow()
#6 /var/www/yii1-dev/framework/zii/widgets/grid/CGridView.php(489): CGridView->renderTableBody()
#7 /var/www/yii1-dev/framework/zii/widgets/CBaseListView.php(181): CGridView->renderItems()
#8 unknown(0): CGridView->renderSection()
#9 /var/www/yii1-dev/framework/zii/widgets/CBaseListView.php(164): preg_replace_callback()
#10 /var/www/yii1-dev/framework/zii/widgets/CBaseListView.php(149): CGridView->renderContent()
#11 /var/www/yii1-dev/framework/web/CBaseController.php(182): CGridView->run()
#12 /var/www/yii1-dev/testdrive/protected/views/tes/index.php(8): TesController->widget()
#13 /var/www/yii1-dev/framework/web/CBaseController.php(126): require()
#14 /var/www/yii1-dev/framework/web/CBaseController.php(95): TesController->renderInternal()
#15 /var/www/yii1-dev/framework/web/CController.php(872): TesController->renderFile()
#16 /var/www/yii1-dev/framework/web/CController.php(785): TesController->renderPartial()
#17 /var/www/yii1-dev/testdrive/protected/controllers/TesController.php(41): TesController->render()
#18 /var/www/yii1-dev/framework/web/actions/CInlineAction.php(49): TesController->actionIndex()
#19 /var/www/yii1-dev/framework/web/CController.php(308): CInlineAction->runWithParams()
#20 /var/www/yii1-dev/framework/web/CController.php(286): TesController->runAction()
#21 /var/www/yii1-dev/framework/web/CController.php(265): TesController->runActionWithFilters()
#22 /var/www/yii1-dev/framework/web/CWebApplication.php(282): TesController->run()
#23 /var/www/yii1-dev/framework/web/CWebApplication.php(141): CWebApplication->runController()
#24 /var/www/yii1-dev/framework/base/CApplication.php(185): CWebApplication->processRequest()
#25 /var/www/yii1-dev/testdrive/index.php(13): CWebApplication->run()
REQUEST_URI=/yii1-dev/testdrive/index.php?r=tes
in /var/www/yii1-dev/testdrive/protected/views/tes/index.php (8)
in /var/www/yii1-dev/testdrive/protected/controllers/TesController.php (41)
in /var/www/yii1-dev/testdrive/index.php (13)
2017/10/09 14:10:33 [error] [php] Trying to get property of non-object (/var/www/yii1-dev/framework/base/CComponent.php(614) : eval()'d code:1)
Stack trace:
#0 /var/www/yii1-dev/framework/zii/widgets/grid/CButtonColumn.php(321): CButtonColumn->renderButton()
#1 /var/www/yii1-dev/framework/zii/widgets/grid/CGridColumn.php(231): CButtonColumn->getDataCellContent()
#2 /var/www/yii1-dev/framework/zii/widgets/grid/CGridColumn.php(154): CButtonColumn->renderDataCellContent()
#3 /var/www/yii1-dev/framework/zii/widgets/grid/CGridView.php(639): CButtonColumn->renderDataCell()
#4 /var/www/yii1-dev/framework/zii/widgets/grid/CGridView.php(623): CGridView->renderDataCell()
#5 /var/www/yii1-dev/framework/zii/widgets/grid/CGridView.php(579): CGridView->renderTableRow()
#6 /var/www/yii1-dev/framework/zii/widgets/grid/CGridView.php(489): CGridView->renderTableBody()
#7 /var/www/yii1-dev/framework/zii/widgets/CBaseListView.php(181): CGridView->renderItems()
#8 unknown(0): CGridView->renderSection()
#9 /var/www/yii1-dev/framework/zii/widgets/CBaseListView.php(164): preg_replace_callback()
#10 /var/www/yii1-dev/framework/zii/widgets/CBaseListView.php(149): CGridView->renderContent()
#11 /var/www/yii1-dev/framework/web/CBaseController.php(182): CGridView->run()
#12 /var/www/yii1-dev/testdrive/protected/views/tes/index.php(8): TesController->widget()
#13 /var/www/yii1-dev/framework/web/CBaseController.php(126): require()
#14 /var/www/yii1-dev/framework/web/CBaseController.php(95): TesController->renderInternal()
#15 /var/www/yii1-dev/framework/web/CController.php(872): TesController->renderFile()
#16 /var/www/yii1-dev/framework/web/CController.php(785): TesController->renderPartial()
#17 /var/www/yii1-dev/testdrive/protected/controllers/TesController.php(41): TesController->render()
#18 /var/www/yii1-dev/framework/web/actions/CInlineAction.php(49): TesController->actionIndex()
#19 /var/www/yii1-dev/framework/web/CController.php(308): CInlineAction->runWithParams()
#20 /var/www/yii1-dev/framework/web/CController.php(286): TesController->runAction()
#21 /var/www/yii1-dev/framework/web/CController.php(265): TesController->runActionWithFilters()
#22 /var/www/yii1-dev/framework/web/CWebApplication.php(282): TesController->run()
#23 /var/www/yii1-dev/framework/web/CWebApplication.php(141): CWebApplication->runController()
#24 /var/www/yii1-dev/framework/base/CApplication.php(185): CWebApplication->processRequest()
#25 /var/www/yii1-dev/testdrive/index.php(13): CWebApplication->run()
REQUEST_URI=/yii1-dev/testdrive/index.php?r=tes
in /var/www/yii1-dev/testdrive/protected/views/tes/index.php (8)
in /var/www/yii1-dev/testdrive/protected/controllers/TesController.php (41)
in /var/www/yii1-dev/testdrive/index.php (13)
2017/10/09 14:11:42 [error] [php] Trying to get property of non-object (/var/www/yii1-dev/framework/base/CComponent.php(614) : eval()'d code:1)
Stack trace:
#0 /var/www/yii1-dev/framework/zii/widgets/grid/CButtonColumn.php(321): CButtonColumn->renderButton()
#1 /var/www/yii1-dev/framework/zii/widgets/grid/CGridColumn.php(231): CButtonColumn->getDataCellContent()
#2 /var/www/yii1-dev/framework/zii/widgets/grid/CGridColumn.php(154): CButtonColumn->renderDataCellContent()
#3 /var/www/yii1-dev/framework/zii/widgets/grid/CGridView.php(639): CButtonColumn->renderDataCell()
#4 /var/www/yii1-dev/framework/zii/widgets/grid/CGridView.php(623): CGridView->renderDataCell()
#5 /var/www/yii1-dev/framework/zii/widgets/grid/CGridView.php(579): CGridView->renderTableRow()
#6 /var/www/yii1-dev/framework/zii/widgets/grid/CGridView.php(489): CGridView->renderTableBody()
#7 /var/www/yii1-dev/framework/zii/widgets/CBaseListView.php(181): CGridView->renderItems()
#8 unknown(0): CGridView->renderSection()
#9 /var/www/yii1-dev/framework/zii/widgets/CBaseListView.php(164): preg_replace_callback()
#10 /var/www/yii1-dev/framework/zii/widgets/CBaseListView.php(149): CGridView->renderContent()
#11 /var/www/yii1-dev/framework/web/CBaseController.php(182): CGridView->run()
#12 /var/www/yii1-dev/testdrive/protected/views/tes/index.php(8): TesController->widget()
#13 /var/www/yii1-dev/framework/web/CBaseController.php(126): require()
#14 /var/www/yii1-dev/framework/web/CBaseController.php(95): TesController->renderInternal()
#15 /var/www/yii1-dev/framework/web/CController.php(872): TesController->renderFile()
#16 /var/www/yii1-dev/framework/web/CController.php(785): TesController->renderPartial()
#17 /var/www/yii1-dev/testdrive/protected/controllers/TesController.php(41): TesController->render()
#18 /var/www/yii1-dev/framework/web/actions/CInlineAction.php(49): TesController->actionIndex()
#19 /var/www/yii1-dev/framework/web/CController.php(308): CInlineAction->runWithParams()
#20 /var/www/yii1-dev/framework/web/CController.php(286): TesController->runAction()
#21 /var/www/yii1-dev/framework/web/CController.php(265): TesController->runActionWithFilters()
#22 /var/www/yii1-dev/framework/web/CWebApplication.php(282): TesController->run()
#23 /var/www/yii1-dev/framework/web/CWebApplication.php(141): CWebApplication->runController()
#24 /var/www/yii1-dev/framework/base/CApplication.php(185): CWebApplication->processRequest()
#25 /var/www/yii1-dev/testdrive/index.php(13): CWebApplication->run()
REQUEST_URI=/yii1-dev/testdrive/index.php?r=tes
in /var/www/yii1-dev/testdrive/protected/views/tes/index.php (8)
in /var/www/yii1-dev/testdrive/protected/controllers/TesController.php (41)
in /var/www/yii1-dev/testdrive/index.php (13)
2017/10/09 14:12:15 [error] [php] Trying to get property of non-object (/var/www/yii1-dev/framework/base/CComponent.php(614) : eval()'d code:1)
Stack trace:
#0 /var/www/yii1-dev/framework/zii/widgets/grid/CButtonColumn.php(321): CButtonColumn->renderButton()
#1 /var/www/yii1-dev/framework/zii/widgets/grid/CGridColumn.php(231): CButtonColumn->getDataCellContent()
#2 /var/www/yii1-dev/framework/zii/widgets/grid/CGridColumn.php(154): CButtonColumn->renderDataCellContent()
#3 /var/www/yii1-dev/framework/zii/widgets/grid/CGridView.php(639): CButtonColumn->renderDataCell()
#4 /var/www/yii1-dev/framework/zii/widgets/grid/CGridView.php(623): CGridView->renderDataCell()
#5 /var/www/yii1-dev/framework/zii/widgets/grid/CGridView.php(579): CGridView->renderTableRow()
#6 /var/www/yii1-dev/framework/zii/widgets/grid/CGridView.php(489): CGridView->renderTableBody()
#7 /var/www/yii1-dev/framework/zii/widgets/CBaseListView.php(181): CGridView->renderItems()
#8 unknown(0): CGridView->renderSection()
#9 /var/www/yii1-dev/framework/zii/widgets/CBaseListView.php(164): preg_replace_callback()
#10 /var/www/yii1-dev/framework/zii/widgets/CBaseListView.php(149): CGridView->renderContent()
#11 /var/www/yii1-dev/framework/web/CBaseController.php(182): CGridView->run()
#12 /var/www/yii1-dev/testdrive/protected/views/tes/index.php(8): TesController->widget()
#13 /var/www/yii1-dev/framework/web/CBaseController.php(126): require()
#14 /var/www/yii1-dev/framework/web/CBaseController.php(95): TesController->renderInternal()
#15 /var/www/yii1-dev/framework/web/CController.php(872): TesController->renderFile()
#16 /var/www/yii1-dev/framework/web/CController.php(785): TesController->renderPartial()
#17 /var/www/yii1-dev/testdrive/protected/controllers/TesController.php(41): TesController->render()
#18 /var/www/yii1-dev/framework/web/actions/CInlineAction.php(49): TesController->actionIndex()
#19 /var/www/yii1-dev/framework/web/CController.php(308): CInlineAction->runWithParams()
#20 /var/www/yii1-dev/framework/web/CController.php(286): TesController->runAction()
#21 /var/www/yii1-dev/framework/web/CController.php(265): TesController->runActionWithFilters()
#22 /var/www/yii1-dev/framework/web/CWebApplication.php(282): TesController->run()
#23 /var/www/yii1-dev/framework/web/CWebApplication.php(141): CWebApplication->runController()
#24 /var/www/yii1-dev/framework/base/CApplication.php(185): CWebApplication->processRequest()
#25 /var/www/yii1-dev/testdrive/index.php(13): CWebApplication->run()
REQUEST_URI=/yii1-dev/testdrive/index.php?r=tes
in /var/www/yii1-dev/testdrive/protected/views/tes/index.php (8)
in /var/www/yii1-dev/testdrive/protected/controllers/TesController.php (41)
in /var/www/yii1-dev/testdrive/index.php (13)
2017/10/09 14:13:00 [error] [php] Trying to get property of non-object (/var/www/yii1-dev/framework/base/CComponent.php(614) : eval()'d code:1)
Stack trace:
#0 /var/www/yii1-dev/framework/zii/widgets/grid/CButtonColumn.php(321): CButtonColumn->renderButton()
#1 /var/www/yii1-dev/framework/zii/widgets/grid/CGridColumn.php(231): CButtonColumn->getDataCellContent()
#2 /var/www/yii1-dev/framework/zii/widgets/grid/CGridColumn.php(154): CButtonColumn->renderDataCellContent()
#3 /var/www/yii1-dev/framework/zii/widgets/grid/CGridView.php(639): CButtonColumn->renderDataCell()
#4 /var/www/yii1-dev/framework/zii/widgets/grid/CGridView.php(623): CGridView->renderDataCell()
#5 /var/www/yii1-dev/framework/zii/widgets/grid/CGridView.php(579): CGridView->renderTableRow()
#6 /var/www/yii1-dev/framework/zii/widgets/grid/CGridView.php(489): CGridView->renderTableBody()
#7 /var/www/yii1-dev/framework/zii/widgets/CBaseListView.php(181): CGridView->renderItems()
#8 unknown(0): CGridView->renderSection()
#9 /var/www/yii1-dev/framework/zii/widgets/CBaseListView.php(164): preg_replace_callback()
#10 /var/www/yii1-dev/framework/zii/widgets/CBaseListView.php(149): CGridView->renderContent()
#11 /var/www/yii1-dev/framework/web/CBaseController.php(182): CGridView->run()
#12 /var/www/yii1-dev/testdrive/protected/views/tes/index.php(8): TesController->widget()
#13 /var/www/yii1-dev/framework/web/CBaseController.php(126): require()
#14 /var/www/yii1-dev/framework/web/CBaseController.php(95): TesController->renderInternal()
#15 /var/www/yii1-dev/framework/web/CController.php(872): TesController->renderFile()
#16 /var/www/yii1-dev/framework/web/CController.php(785): TesController->renderPartial()
#17 /var/www/yii1-dev/testdrive/protected/controllers/TesController.php(41): TesController->render()
#18 /var/www/yii1-dev/framework/web/actions/CInlineAction.php(49): TesController->actionIndex()
#19 /var/www/yii1-dev/framework/web/CController.php(308): CInlineAction->runWithParams()
#20 /var/www/yii1-dev/framework/web/CController.php(286): TesController->runAction()
#21 /var/www/yii1-dev/framework/web/CController.php(265): TesController->runActionWithFilters()
#22 /var/www/yii1-dev/framework/web/CWebApplication.php(282): TesController->run()
#23 /var/www/yii1-dev/framework/web/CWebApplication.php(141): CWebApplication->runController()
#24 /var/www/yii1-dev/framework/base/CApplication.php(185): CWebApplication->processRequest()
#25 /var/www/yii1-dev/testdrive/index.php(13): CWebApplication->run()
REQUEST_URI=/yii1-dev/testdrive/index.php?r=tes
in /var/www/yii1-dev/testdrive/protected/views/tes/index.php (8)
in /var/www/yii1-dev/testdrive/protected/controllers/TesController.php (41)
in /var/www/yii1-dev/testdrive/index.php (13)
2017/10/09 14:15:27 [error] [php] Trying to get property of non-object (/var/www/yii1-dev/framework/base/CComponent.php(614) : eval()'d code:1)
Stack trace:
#0 /var/www/yii1-dev/framework/zii/widgets/grid/CButtonColumn.php(321): CButtonColumn->renderButton()
#1 /var/www/yii1-dev/framework/zii/widgets/grid/CGridColumn.php(231): CButtonColumn->getDataCellContent()
#2 /var/www/yii1-dev/framework/zii/widgets/grid/CGridColumn.php(154): CButtonColumn->renderDataCellContent()
#3 /var/www/yii1-dev/framework/zii/widgets/grid/CGridView.php(639): CButtonColumn->renderDataCell()
#4 /var/www/yii1-dev/framework/zii/widgets/grid/CGridView.php(623): CGridView->renderDataCell()
#5 /var/www/yii1-dev/framework/zii/widgets/grid/CGridView.php(579): CGridView->renderTableRow()
#6 /var/www/yii1-dev/framework/zii/widgets/grid/CGridView.php(489): CGridView->renderTableBody()
#7 /var/www/yii1-dev/framework/zii/widgets/CBaseListView.php(181): CGridView->renderItems()
#8 unknown(0): CGridView->renderSection()
#9 /var/www/yii1-dev/framework/zii/widgets/CBaseListView.php(164): preg_replace_callback()
#10 /var/www/yii1-dev/framework/zii/widgets/CBaseListView.php(149): CGridView->renderContent()
#11 /var/www/yii1-dev/framework/web/CBaseController.php(182): CGridView->run()
#12 /var/www/yii1-dev/testdrive/protected/views/tes/index.php(8): TesController->widget()
#13 /var/www/yii1-dev/framework/web/CBaseController.php(126): require()
#14 /var/www/yii1-dev/framework/web/CBaseController.php(95): TesController->renderInternal()
#15 /var/www/yii1-dev/framework/web/CController.php(872): TesController->renderFile()
#16 /var/www/yii1-dev/framework/web/CController.php(785): TesController->renderPartial()
#17 /var/www/yii1-dev/testdrive/protected/controllers/TesController.php(41): TesController->render()
#18 /var/www/yii1-dev/framework/web/actions/CInlineAction.php(49): TesController->actionIndex()
#19 /var/www/yii1-dev/framework/web/CController.php(308): CInlineAction->runWithParams()
#20 /var/www/yii1-dev/framework/web/CController.php(286): TesController->runAction()
#21 /var/www/yii1-dev/framework/web/CController.php(265): TesController->runActionWithFilters()
#22 /var/www/yii1-dev/framework/web/CWebApplication.php(282): TesController->run()
#23 /var/www/yii1-dev/framework/web/CWebApplication.php(141): CWebApplication->runController()
#24 /var/www/yii1-dev/framework/base/CApplication.php(185): CWebApplication->processRequest()
#25 /var/www/yii1-dev/testdrive/index.php(13): CWebApplication->run()
REQUEST_URI=/yii1-dev/testdrive/index.php?r=tes
in /var/www/yii1-dev/testdrive/protected/views/tes/index.php (8)
in /var/www/yii1-dev/testdrive/protected/controllers/TesController.php (41)
in /var/www/yii1-dev/testdrive/index.php (13)
2017/10/09 14:19:48 [error] [exception.CHttpException.404] CHttpException: The system is unable to find the requested action "delete". in /var/www/yii1-dev/framework/web/CController.php:486
Stack trace:
#0 /var/www/yii1-dev/framework/web/CController.php(270): CController->missingAction('delete')
#1 /var/www/yii1-dev/framework/web/CWebApplication.php(282): CController->run('delete')
#2 /var/www/yii1-dev/framework/web/CWebApplication.php(141): CWebApplication->runController('tes/delete')
#3 /var/www/yii1-dev/framework/base/CApplication.php(185): CWebApplication->processRequest()
#4 /var/www/yii1-dev/testdrive/index.php(13): CApplication->run()
#5 {main}
REQUEST_URI=/yii1-dev/testdrive/index.php?ajax=a-grid-id&id=3&r=tes%2Fdelete
HTTP_REFERER=http://localhost/yii1-dev/testdrive/index.php?r=tes
---
2017/10/09 14:22:45 [error] [exception.CHttpException.404] CHttpException: The system is unable to find the requested action "delete". in /var/www/yii1-dev/framework/web/CController.php:486
Stack trace:
#0 /var/www/yii1-dev/framework/web/CController.php(270): CController->missingAction('delete')
#1 /var/www/yii1-dev/framework/web/CWebApplication.php(282): CController->run('delete')
#2 /var/www/yii1-dev/framework/web/CWebApplication.php(141): CWebApplication->runController('tes/delete')
#3 /var/www/yii1-dev/framework/base/CApplication.php(185): CWebApplication->processRequest()
#4 /var/www/yii1-dev/testdrive/index.php(13): CApplication->run()
#5 {main}
REQUEST_URI=/yii1-dev/testdrive/index.php?ajax=a-grid-id&id=3&r=tes%2Fdelete
HTTP_REFERER=http://localhost/yii1-dev/testdrive/index.php?r=tes
---
2017/10/09 14:22:50 [error] [exception.CHttpException.404] CHttpException: The system is unable to find the requested action "delete". in /var/www/yii1-dev/framework/web/CController.php:486
Stack trace:
#0 /var/www/yii1-dev/framework/web/CController.php(270): CController->missingAction('delete')
#1 /var/www/yii1-dev/framework/web/CWebApplication.php(282): CController->run('delete')
#2 /var/www/yii1-dev/framework/web/CWebApplication.php(141): CWebApplication->runController('tes/delete')
#3 /var/www/yii1-dev/framework/base/CApplication.php(185): CWebApplication->processRequest()
#4 /var/www/yii1-dev/testdrive/index.php(13): CApplication->run()
#5 {main}
REQUEST_URI=/yii1-dev/testdrive/index.php?ajax=a-grid-id&id=3&r=tes%2Fdelete
---
2017/10/09 14:27:16 [error] [exception.CException] CException: TesController and its behaviors do not have a method or closure named "loadModel". in /var/www/yii1-dev/framework/base/CComponent.php:266
Stack trace:
#0 /var/www/yii1-dev/testdrive/protected/controllers/TesController.php(96): CComponent->__call('loadModel', Array)
#1 [internal function]: TesController->actionDelete('5')
#2 /var/www/yii1-dev/framework/web/actions/CAction.php(109): ReflectionMethod->invokeArgs(Object(TesController), Array)
#3 /var/www/yii1-dev/framework/web/actions/CInlineAction.php(47): CAction->runWithParamsInternal(Object(TesController), Object(ReflectionMethod), Array)
#4 /var/www/yii1-dev/framework/web/CController.php(308): CInlineAction->runWithParams(Array)
#5 /var/www/yii1-dev/framework/web/filters/CFilterChain.php(134): CController->runAction(Object(CInlineAction))
#6 /var/www/yii1-dev/framework/web/CController.php(1119): CFilterChain->run()
#7 /var/www/yii1-dev/framework/web/filters/CInlineFilter.php(58): CController->filterPostOnly(Object(CFilterChain))
#8 /var/www/yii1-dev/framework/web/filters/CFilterChain.php(131): CInlineFilter->filter(Object(CFilterChain))
#9 /var/www/yii1-dev/framework/web/filters/CFilter.php(40): CFilterChain->run()
#10 /var/www/yii1-dev/framework/web/CController.php(1148): CFilter->filter(Object(CFilterChain))
#11 /var/www/yii1-dev/framework/web/filters/CInlineFilter.php(58): CController->filterAccessControl(Object(CFilterChain))
#12 /var/www/yii1-dev/framework/web/filters/CFilterChain.php(131): CInlineFilter->filter(Object(CFilterChain))
#13 /var/www/yii1-dev/framework/web/CController.php(291): CFilterChain->run()
#14 /var/www/yii1-dev/framework/web/CController.php(265): CController->runActionWithFilters(Object(CInlineAction), Array)
#15 /var/www/yii1-dev/framework/web/CWebApplication.php(282): CController->run('delete')
#16 /var/www/yii1-dev/framework/web/CWebApplication.php(141): CWebApplication->runController('tes/delete')
#17 /var/www/yii1-dev/framework/base/CApplication.php(185): CWebApplication->processRequest()
#18 /var/www/yii1-dev/testdrive/index.php(13): CApplication->run()
#19 {main}
REQUEST_URI=/yii1-dev/testdrive/index.php?ajax=a-grid-id&id=5&r=tes%2Fdelete
HTTP_REFERER=http://localhost/yii1-dev/testdrive/index.php?r=tes
---
2017/10/09 14:31:43 [error] [php] Undefined variable: command (/var/www/yii1-dev/testdrive/protected/controllers/TesController.php:97)
Stack trace:
#0 /var/www/yii1-dev/framework/web/actions/CInlineAction.php(47): CInlineAction->runWithParamsInternal()
#1 /var/www/yii1-dev/framework/web/CController.php(308): CInlineAction->runWithParams()
#2 /var/www/yii1-dev/framework/web/filters/CFilterChain.php(134): TesController->runAction()
#3 /var/www/yii1-dev/framework/web/CController.php(1119): CFilterChain->run()
#4 /var/www/yii1-dev/framework/web/filters/CInlineFilter.php(58): TesController->filterPostOnly()
#5 /var/www/yii1-dev/framework/web/filters/CFilterChain.php(131): CInlineFilter->filter()
#6 /var/www/yii1-dev/framework/web/filters/CFilter.php(40): CFilterChain->run()
#7 /var/www/yii1-dev/framework/web/CController.php(1148): CAccessControlFilter->filter()
#8 /var/www/yii1-dev/framework/web/filters/CInlineFilter.php(58): TesController->filterAccessControl()
#9 /var/www/yii1-dev/framework/web/filters/CFilterChain.php(131): CInlineFilter->filter()
#10 /var/www/yii1-dev/framework/web/CController.php(291): CFilterChain->run()
#11 /var/www/yii1-dev/framework/web/CController.php(265): TesController->runActionWithFilters()
#12 /var/www/yii1-dev/framework/web/CWebApplication.php(282): TesController->run()
#13 /var/www/yii1-dev/framework/web/CWebApplication.php(141): CWebApplication->runController()
#14 /var/www/yii1-dev/framework/base/CApplication.php(185): CWebApplication->processRequest()
#15 /var/www/yii1-dev/testdrive/index.php(13): CWebApplication->run()
REQUEST_URI=/yii1-dev/testdrive/index.php?ajax=a-grid-id&id=3&r=tes%2Fdelete
in /var/www/yii1-dev/testdrive/protected/controllers/TesController.php (97)
in /var/www/yii1-dev/testdrive/index.php (13)
2017/10/09 14:35:50 [error] [exception.CException] CException: TesController and its behaviors do not have a method or closure named "loadModel". in /var/www/yii1-dev/framework/base/CComponent.php:266
Stack trace:
#0 /var/www/yii1-dev/testdrive/protected/controllers/TesController.php(96): CComponent->__call('loadModel', Array)
#1 [internal function]: TesController->actionDelete('3')
#2 /var/www/yii1-dev/framework/web/actions/CAction.php(109): ReflectionMethod->invokeArgs(Object(TesController), Array)
#3 /var/www/yii1-dev/framework/web/actions/CInlineAction.php(47): CAction->runWithParamsInternal(Object(TesController), Object(ReflectionMethod), Array)
#4 /var/www/yii1-dev/framework/web/CController.php(308): CInlineAction->runWithParams(Array)
#5 /var/www/yii1-dev/framework/web/filters/CFilterChain.php(134): CController->runAction(Object(CInlineAction))
#6 /var/www/yii1-dev/framework/web/CController.php(1119): CFilterChain->run()
#7 /var/www/yii1-dev/framework/web/filters/CInlineFilter.php(58): CController->filterPostOnly(Object(CFilterChain))
#8 /var/www/yii1-dev/framework/web/filters/CFilterChain.php(131): CInlineFilter->filter(Object(CFilterChain))
#9 /var/www/yii1-dev/framework/web/filters/CFilter.php(40): CFilterChain->run()
#10 /var/www/yii1-dev/framework/web/CController.php(1148): CFilter->filter(Object(CFilterChain))
#11 /var/www/yii1-dev/framework/web/filters/CInlineFilter.php(58): CController->filterAccessControl(Object(CFilterChain))
#12 /var/www/yii1-dev/framework/web/filters/CFilterChain.php(131): CInlineFilter->filter(Object(CFilterChain))
#13 /var/www/yii1-dev/framework/web/CController.php(291): CFilterChain->run()
#14 /var/www/yii1-dev/framework/web/CController.php(265): CController->runActionWithFilters(Object(CInlineAction), Array)
#15 /var/www/yii1-dev/framework/web/CWebApplication.php(282): CController->run('delete')
#16 /var/www/yii1-dev/framework/web/CWebApplication.php(141): CWebApplication->runController('tes/delete')
#17 /var/www/yii1-dev/framework/base/CApplication.php(185): CWebApplication->processRequest()
#18 /var/www/yii1-dev/testdrive/index.php(13): CApplication->run()
#19 {main}
REQUEST_URI=/yii1-dev/testdrive/index.php?ajax=a-grid-id&id=3&r=tes%2Fdelete
HTTP_REFERER=http://localhost/yii1-dev/testdrive/index.php?r=tes
---
2017/10/09 14:43:06 [error] [exception.CHttpException.404] CHttpException: Unable to resolve the request "pase". in /var/www/yii1-dev/framework/web/CWebApplication.php:286
Stack trace:
#0 /var/www/yii1-dev/framework/web/CWebApplication.php(141): CWebApplication->runController('pase')
#1 /var/www/yii1-dev/framework/base/CApplication.php(185): CWebApplication->processRequest()
#2 /var/www/yii1-dev/testdrive/index.php(13): CApplication->run()
#3 {main}
REQUEST_URI=/yii1-dev/testdrive/index.php?r=pase
---
2017/10/09 14:55:26 [error] [exception.CHttpException.404] CHttpException: The system is unable to find the requested action "action". in /var/www/yii1-dev/framework/web/CController.php:486
Stack trace:
#0 /var/www/yii1-dev/framework/web/CController.php(270): CController->missingAction('action')
#1 /var/www/yii1-dev/framework/web/CWebApplication.php(282): CController->run('action')
#2 /var/www/yii1-dev/framework/web/CWebApplication.php(141): CWebApplication->runController('tes/action')
#3 /var/www/yii1-dev/framework/base/CApplication.php(185): CWebApplication->processRequest()
#4 /var/www/yii1-dev/testdrive/index.php(13): CApplication->run()
#5 {main}
REQUEST_URI=/yii1-dev/testdrive/index.php?r=tes/action
---
2017/10/09 14:57:26 [error] [exception.CHttpException.404] CHttpException: The system is unable to find the requested action "actionDelete". in /var/www/yii1-dev/framework/web/CController.php:486
Stack trace:
#0 /var/www/yii1-dev/framework/web/CController.php(270): CController->missingAction('actionDelete')
#1 /var/www/yii1-dev/framework/web/CWebApplication.php(282): CController->run('actionDelete')
#2 /var/www/yii1-dev/framework/web/CWebApplication.php(141): CWebApplication->runController('tes/actionDelet...')
#3 /var/www/yii1-dev/framework/base/CApplication.php(185): CWebApplication->processRequest()
#4 /var/www/yii1-dev/testdrive/index.php(13): CApplication->run()
#5 {main}
REQUEST_URI=/yii1-dev/testdrive/index.php?r=tes/actionDelete
---
2017/10/09 15:00:58 [error] [exception.CHttpException.404] CHttpException: Unable to resolve the request "tes\index". in /var/www/yii1-dev/framework/web/CWebApplication.php:286
Stack trace:
#0 /var/www/yii1-dev/framework/web/CWebApplication.php(141): CWebApplication->runController('tes\\index')
#1 /var/www/yii1-dev/framework/base/CApplication.php(185): CWebApplication->processRequest()
#2 /var/www/yii1-dev/testdrive/index.php(13): CApplication->run()
#3 {main}
REQUEST_URI=/yii1-dev/testdrive/index.php?r=tes\index
---
2017/10/09 15:03:08 [error] [exception.CHttpException.404] CHttpException: The system is unable to find the requested action "tesname". in /var/www/yii1-dev/framework/web/CController.php:486
Stack trace:
#0 /var/www/yii1-dev/framework/web/CController.php(270): CController->missingAction('tesname')
#1 /var/www/yii1-dev/framework/web/CWebApplication.php(282): CController->run('tesname')
#2 /var/www/yii1-dev/framework/web/CWebApplication.php(141): CWebApplication->runController('tes/tesname')
#3 /var/www/yii1-dev/framework/base/CApplication.php(185): CWebApplication->processRequest()
#4 /var/www/yii1-dev/testdrive/index.php(13): CApplication->run()
#5 {main}
REQUEST_URI=/yii1-dev/testdrive/index.php?r=tes/tesname
---
2017/10/09 15:03:55 [error] [exception.CHttpException.404] CHttpException: The system is unable to find the requested action "tes". in /var/www/yii1-dev/framework/web/CController.php:486
Stack trace:
#0 /var/www/yii1-dev/framework/web/CController.php(270): CController->missingAction('tes')
#1 /var/www/yii1-dev/framework/web/CWebApplication.php(282): CController->run('tes')
#2 /var/www/yii1-dev/framework/web/CWebApplication.php(141): CWebApplication->runController('tes/tes')
#3 /var/www/yii1-dev/framework/base/CApplication.php(185): CWebApplication->processRequest()
#4 /var/www/yii1-dev/testdrive/index.php(13): CApplication->run()
#5 {main}
REQUEST_URI=/yii1-dev/testdrive/index.php?r=tes/tes
---
2017/10/09 15:07:14 [error] [exception.CException] CException: TesController and its behaviors do not have a method or closure named "loadModel". in /var/www/yii1-dev/framework/base/CComponent.php:266
Stack trace:
#0 /var/www/yii1-dev/testdrive/protected/controllers/TesController.php(101): CComponent->__call('loadModel', Array)
#1 [internal function]: TesController->actionDelete('5')
#2 /var/www/yii1-dev/framework/web/actions/CAction.php(109): ReflectionMethod->invokeArgs(Object(TesController), Array)
#3 /var/www/yii1-dev/framework/web/actions/CInlineAction.php(47): CAction->runWithParamsInternal(Object(TesController), Object(ReflectionMethod), Array)
#4 /var/www/yii1-dev/framework/web/CController.php(308): CInlineAction->runWithParams(Array)
#5 /var/www/yii1-dev/framework/web/CController.php(286): CController->runAction(Object(CInlineAction))
#6 /var/www/yii1-dev/framework/web/CController.php(265): CController->runActionWithFilters(Object(CInlineAction), Array)
#7 /var/www/yii1-dev/framework/web/CWebApplication.php(282): CController->run('delete')
#8 /var/www/yii1-dev/framework/web/CWebApplication.php(141): CWebApplication->runController('tes/delete')
#9 /var/www/yii1-dev/framework/base/CApplication.php(185): CWebApplication->processRequest()
#10 /var/www/yii1-dev/testdrive/index.php(13): CApplication->run()
#11 {main}
REQUEST_URI=/yii1-dev/testdrive/index.php?ajax=a-grid-id&id=5&r=tes%2Fdelete
HTTP_REFERER=http://localhost/yii1-dev/testdrive/index.php?r=tes
---
2017/10/09 15:07:22 [error] [exception.CHttpException.404] CHttpException: Unable to resolve the request "tes\index". in /var/www/yii1-dev/framework/web/CWebApplication.php:286
Stack trace:
#0 /var/www/yii1-dev/framework/web/CWebApplication.php(141): CWebApplication->runController('tes\\index')
#1 /var/www/yii1-dev/framework/base/CApplication.php(185): CWebApplication->processRequest()
#2 /var/www/yii1-dev/testdrive/index.php(13): CApplication->run()
#3 {main}
REQUEST_URI=/yii1-dev/testdrive/index.php?r=tes\index
---
2017/10/09 15:07:37 [error] [exception.CHttpException.404] CHttpException: Unable to resolve the request "tes\index". in /var/www/yii1-dev/framework/web/CWebApplication.php:286
Stack trace:
#0 /var/www/yii1-dev/framework/web/CWebApplication.php(141): CWebApplication->runController('tes\\index')
#1 /var/www/yii1-dev/framework/base/CApplication.php(185): CWebApplication->processRequest()
#2 /var/www/yii1-dev/testdrive/index.php(13): CApplication->run()
#3 {main}
REQUEST_URI=/yii1-dev/testdrive/index.php?r=tes\index
---
2017/10/09 15:09:15 [error] [exception.CException] CException: TesController and its behaviors do not have a method or closure named "loadModel". in /var/www/yii1-dev/framework/base/CComponent.php:266
Stack trace:
#0 /var/www/yii1-dev/testdrive/protected/controllers/TesController.php(101): CComponent->__call('loadModel', Array)
#1 [internal function]: TesController->actionDelete('5')
#2 /var/www/yii1-dev/framework/web/actions/CAction.php(109): ReflectionMethod->invokeArgs(Object(TesController), Array)
#3 /var/www/yii1-dev/framework/web/actions/CInlineAction.php(47): CAction->runWithParamsInternal(Object(TesController), Object(ReflectionMethod), Array)
#4 /var/www/yii1-dev/framework/web/CController.php(308): CInlineAction->runWithParams(Array)
#5 /var/www/yii1-dev/framework/web/CController.php(286): CController->runAction(Object(CInlineAction))
#6 /var/www/yii1-dev/framework/web/CController.php(265): CController->runActionWithFilters(Object(CInlineAction), Array)
#7 /var/www/yii1-dev/framework/web/CWebApplication.php(282): CController->run('delete')
#8 /var/www/yii1-dev/framework/web/CWebApplication.php(141): CWebApplication->runController('tes/delete')
#9 /var/www/yii1-dev/framework/base/CApplication.php(185): CWebApplication->processRequest()
#10 /var/www/yii1-dev/testdrive/index.php(13): CApplication->run()
#11 {main}
REQUEST_URI=/yii1-dev/testdrive/index.php?ajax=a-grid-id&id=5&r=tes%2Fdelete
HTTP_REFERER=http://localhost/yii1-dev/testdrive/index.php?r=tes
---
2017/10/09 15:20:22 [error] [exception.CHttpException.404] CHttpException: Unable to resolve the request "users/email". in /var/www/yii1-dev/framework/web/CWebApplication.php:286
Stack trace:
#0 /var/www/yii1-dev/framework/web/CWebApplication.php(141): CWebApplication->runController('users/email')
#1 /var/www/yii1-dev/framework/base/CApplication.php(185): CWebApplication->processRequest()
#2 /var/www/yii1-dev/testdrive/index.php(13): CApplication->run()
#3 {main}
REQUEST_URI=/yii1-dev/testdrive/index.php?r=users/email&id=1
HTTP_REFERER=http://localhost/yii1-dev/testdrive/index.php?r=tes
---
2017/10/09 15:25:56 [error] [exception.CHttpException.404] CHttpException: The system is unable to find the requested action "tampil". in /var/www/yii1-dev/framework/web/CController.php:486
Stack trace:
#0 /var/www/yii1-dev/framework/web/CController.php(270): CController->missingAction('tampil')
#1 /var/www/yii1-dev/framework/web/CWebApplication.php(282): CController->run('tampil')
#2 /var/www/yii1-dev/framework/web/CWebApplication.php(141): CWebApplication->runController('tes/tampil')
#3 /var/www/yii1-dev/framework/base/CApplication.php(185): CWebApplication->processRequest()
#4 /var/www/yii1-dev/testdrive/index.php(13): CApplication->run()
#5 {main}
REQUEST_URI=/yii1-dev/testdrive/index.php?r=tes/tampil&id=1
HTTP_REFERER=http://localhost/yii1-dev/testdrive/index.php?r=tes
---
2017/10/09 15:26:17 [error] [exception.CHttpException.404] CHttpException: The system is unable to find the requested action "tampil". in /var/www/yii1-dev/framework/web/CController.php:486
Stack trace:
#0 /var/www/yii1-dev/framework/web/CController.php(270): CController->missingAction('tampil')
#1 /var/www/yii1-dev/framework/web/CWebApplication.php(282): CController->run('tampil')
#2 /var/www/yii1-dev/framework/web/CWebApplication.php(141): CWebApplication->runController('tes/tampil')
#3 /var/www/yii1-dev/framework/base/CApplication.php(185): CWebApplication->processRequest()
#4 /var/www/yii1-dev/testdrive/index.php(13): CApplication->run()
#5 {main}
REQUEST_URI=/yii1-dev/testdrive/index.php?r=tes/tampil&id=1
HTTP_REFERER=http://localhost/yii1-dev/testdrive/index.php?r=tes
---
2017/10/09 15:28:55 [error] [exception.ParseError] ParseError: syntax error, unexpected ''imageUrl'' (T_CONSTANT_ENCAPSED_STRING), expecting ')' in /var/www/yii1-dev/testdrive/protected/views/tes/index.php:43
Stack trace:
#0 /var/www/yii1-dev/framework/web/CBaseController.php(95): CBaseController->renderInternal('/var/www/yii1-d...', Array, true)
#1 /var/www/yii1-dev/framework/web/CController.php(872): CBaseController->renderFile('/var/www/yii1-d...', Array, true)
#2 /var/www/yii1-dev/framework/web/CController.php(785): CController->renderPartial('index', Array, true)
#3 /var/www/yii1-dev/testdrive/protected/controllers/TesController.php(41): CController->render('index', Array)
#4 /var/www/yii1-dev/framework/web/actions/CInlineAction.php(49): TesController->actionIndex()
#5 /var/www/yii1-dev/framework/web/CController.php(308): CInlineAction->runWithParams(Array)
#6 /var/www/yii1-dev/framework/web/CController.php(286): CController->runAction(Object(CInlineAction))
#7 /var/www/yii1-dev/framework/web/CController.php(265): CController->runActionWithFilters(Object(CInlineAction), Array)
#8 /var/www/yii1-dev/framework/web/CWebApplication.php(282): CController->run('')
#9 /var/www/yii1-dev/framework/web/CWebApplication.php(141): CWebApplication->runController('tes')
#10 /var/www/yii1-dev/framework/base/CApplication.php(185): CWebApplication->processRequest()
#11 /var/www/yii1-dev/testdrive/index.php(13): CApplication->run()
#12 {main}
REQUEST_URI=/yii1-dev/testdrive/index.php?r=tes
---
2017/10/09 16:11:28 [error] [exception.ParseError] ParseError: syntax error, unexpected ';', expecting ',' or ')' in /var/www/yii1-dev/testdrive/protected/views/tes/index.php:48
Stack trace:
#0 /var/www/yii1-dev/framework/web/CBaseController.php(95): CBaseController->renderInternal('/var/www/yii1-d...', Array, true)
#1 /var/www/yii1-dev/framework/web/CController.php(872): CBaseController->renderFile('/var/www/yii1-d...', Array, true)
#2 /var/www/yii1-dev/framework/web/CController.php(785): CController->renderPartial('index', Array, true)
#3 /var/www/yii1-dev/testdrive/protected/controllers/TesController.php(41): CController->render('index', Array)
#4 /var/www/yii1-dev/framework/web/actions/CInlineAction.php(49): TesController->actionIndex()
#5 /var/www/yii1-dev/framework/web/CController.php(308): CInlineAction->runWithParams(Array)
#6 /var/www/yii1-dev/framework/web/CController.php(286): CController->runAction(Object(CInlineAction))
#7 /var/www/yii1-dev/framework/web/CController.php(265): CController->runActionWithFilters(Object(CInlineAction), Array)
#8 /var/www/yii1-dev/framework/web/CWebApplication.php(282): CController->run('')
#9 /var/www/yii1-dev/framework/web/CWebApplication.php(141): CWebApplication->runController('tes')
#10 /var/www/yii1-dev/framework/base/CApplication.php(185): CWebApplication->processRequest()
#11 /var/www/yii1-dev/testdrive/index.php(13): CApplication->run()
#12 {main}
REQUEST_URI=/yii1-dev/testdrive/index.php?r=tes
---
2017/10/09 16:13:53 [error] [exception.ParseError] ParseError: syntax error, unexpected ';', expecting ',' or ')' in /var/www/yii1-dev/testdrive/protected/views/tes/index.php:51
Stack trace:
#0 /var/www/yii1-dev/framework/web/CBaseController.php(95): CBaseController->renderInternal('/var/www/yii1-d...', Array, true)
#1 /var/www/yii1-dev/framework/web/CController.php(872): CBaseController->renderFile('/var/www/yii1-d...', Array, true)
#2 /var/www/yii1-dev/framework/web/CController.php(785): CController->renderPartial('index', Array, true)
#3 /var/www/yii1-dev/testdrive/protected/controllers/TesController.php(41): CController->render('index', Array)
#4 /var/www/yii1-dev/framework/web/actions/CInlineAction.php(49): TesController->actionIndex()
#5 /var/www/yii1-dev/framework/web/CController.php(308): CInlineAction->runWithParams(Array)
#6 /var/www/yii1-dev/framework/web/CController.php(286): CController->runAction(Object(CInlineAction))
#7 /var/www/yii1-dev/framework/web/CController.php(265): CController->runActionWithFilters(Object(CInlineAction), Array)
#8 /var/www/yii1-dev/framework/web/CWebApplication.php(282): CController->run('')
#9 /var/www/yii1-dev/framework/web/CWebApplication.php(141): CWebApplication->runController('tes')
#10 /var/www/yii1-dev/framework/base/CApplication.php(185): CWebApplication->processRequest()
#11 /var/www/yii1-dev/testdrive/index.php(13): CApplication->run()
#12 {main}
REQUEST_URI=/yii1-dev/testdrive/index.php?r=tes
---
2017/10/09 16:15:12 [error] [php] Trying to get property of non-object (/var/www/yii1-dev/framework/base/CComponent.php(614) : eval()'d code:1)
Stack trace:
#0 /var/www/yii1-dev/framework/zii/widgets/grid/CButtonColumn.php(321): CButtonColumn->renderButton()
#1 /var/www/yii1-dev/framework/zii/widgets/grid/CGridColumn.php(231): CButtonColumn->getDataCellContent()
#2 /var/www/yii1-dev/framework/zii/widgets/grid/CGridColumn.php(154): CButtonColumn->renderDataCellContent()
#3 /var/www/yii1-dev/framework/zii/widgets/grid/CGridView.php(639): CButtonColumn->renderDataCell()
#4 /var/www/yii1-dev/framework/zii/widgets/grid/CGridView.php(623): CGridView->renderDataCell()
#5 /var/www/yii1-dev/framework/zii/widgets/grid/CGridView.php(579): CGridView->renderTableRow()
#6 /var/www/yii1-dev/framework/zii/widgets/grid/CGridView.php(489): CGridView->renderTableBody()
#7 /var/www/yii1-dev/framework/zii/widgets/CBaseListView.php(181): CGridView->renderItems()
#8 unknown(0): CGridView->renderSection()
#9 /var/www/yii1-dev/framework/zii/widgets/CBaseListView.php(164): preg_replace_callback()
#10 /var/www/yii1-dev/framework/zii/widgets/CBaseListView.php(149): CGridView->renderContent()
#11 /var/www/yii1-dev/framework/web/CBaseController.php(182): CGridView->run()
#12 /var/www/yii1-dev/testdrive/protected/views/tes/index.php(43): TesController->widget()
#13 /var/www/yii1-dev/framework/web/CBaseController.php(126): require()
#14 /var/www/yii1-dev/framework/web/CBaseController.php(95): TesController->renderInternal()
#15 /var/www/yii1-dev/framework/web/CController.php(872): TesController->renderFile()
#16 /var/www/yii1-dev/framework/web/CController.php(785): TesController->renderPartial()
#17 /var/www/yii1-dev/testdrive/protected/controllers/TesController.php(41): TesController->render()
#18 /var/www/yii1-dev/framework/web/actions/CInlineAction.php(49): TesController->actionIndex()
#19 /var/www/yii1-dev/framework/web/CController.php(308): CInlineAction->runWithParams()
#20 /var/www/yii1-dev/framework/web/CController.php(286): TesController->runAction()
#21 /var/www/yii1-dev/framework/web/CController.php(265): TesController->runActionWithFilters()
#22 /var/www/yii1-dev/framework/web/CWebApplication.php(282): TesController->run()
#23 /var/www/yii1-dev/framework/web/CWebApplication.php(141): CWebApplication->runController()
#24 /var/www/yii1-dev/framework/base/CApplication.php(185): CWebApplication->processRequest()
#25 /var/www/yii1-dev/testdrive/index.php(13): CWebApplication->run()
REQUEST_URI=/yii1-dev/testdrive/index.php?r=tes
in /var/www/yii1-dev/testdrive/protected/views/tes/index.php (43)
in /var/www/yii1-dev/testdrive/protected/controllers/TesController.php (41)
in /var/www/yii1-dev/testdrive/index.php (13)
2017/10/09 16:18:58 [error] [exception.ParseError] ParseError: syntax error, unexpected ';', expecting ',' or ')' in /var/www/yii1-dev/testdrive/protected/views/tes/index.php:48
Stack trace:
#0 /var/www/yii1-dev/framework/web/CBaseController.php(95): CBaseController->renderInternal('/var/www/yii1-d...', Array, true)
#1 /var/www/yii1-dev/framework/web/CController.php(872): CBaseController->renderFile('/var/www/yii1-d...', Array, true)
#2 /var/www/yii1-dev/framework/web/CController.php(785): CController->renderPartial('index', Array, true)
#3 /var/www/yii1-dev/testdrive/protected/controllers/TesController.php(41): CController->render('index', Array)
#4 /var/www/yii1-dev/framework/web/actions/CInlineAction.php(49): TesController->actionIndex()
#5 /var/www/yii1-dev/framework/web/CController.php(308): CInlineAction->runWithParams(Array)
#6 /var/www/yii1-dev/framework/web/CController.php(286): CController->runAction(Object(CInlineAction))
#7 /var/www/yii1-dev/framework/web/CController.php(265): CController->runActionWithFilters(Object(CInlineAction), Array)
#8 /var/www/yii1-dev/framework/web/CWebApplication.php(282): CController->run('')
#9 /var/www/yii1-dev/framework/web/CWebApplication.php(141): CWebApplication->runController('tes')
#10 /var/www/yii1-dev/framework/base/CApplication.php(185): CWebApplication->processRequest()
#11 /var/www/yii1-dev/testdrive/index.php(13): CApplication->run()
#12 {main}
REQUEST_URI=/yii1-dev/testdrive/index.php?r=tes
---
2017/10/09 17:43:16 [error] [exception.CHttpException.404] CHttpException: The system is unable to find the requested action "cupdate". in /var/www/yii1-dev/framework/web/CController.php:486
Stack trace:
#0 /var/www/yii1-dev/framework/web/CController.php(270): CController->missingAction('cupdate')
#1 /var/www/yii1-dev/framework/web/CWebApplication.php(282): CController->run('cupdate')
#2 /var/www/yii1-dev/framework/web/CWebApplication.php(141): CWebApplication->runController('tes/cupdate')
#3 /var/www/yii1-dev/framework/base/CApplication.php(185): CWebApplication->processRequest()
#4 /var/www/yii1-dev/testdrive/index.php(13): CApplication->run()
#5 {main}
REQUEST_URI=/yii1-dev/testdrive/index.php?r=tes/cupdate&id=1
HTTP_REFERER=http://localhost/yii1-dev/testdrive/index.php?r=tes
---
2017/10/09 17:44:08 [error] [exception.CHttpException.404] CHttpException: The system is unable to find the requested action "cupdate". in /var/www/yii1-dev/framework/web/CController.php:486
Stack trace:
#0 /var/www/yii1-dev/framework/web/CController.php(270): CController->missingAction('cupdate')
#1 /var/www/yii1-dev/framework/web/CWebApplication.php(282): CController->run('cupdate')
#2 /var/www/yii1-dev/framework/web/CWebApplication.php(141): CWebApplication->runController('tes/cupdate')
#3 /var/www/yii1-dev/framework/base/CApplication.php(185): CWebApplication->processRequest()
#4 /var/www/yii1-dev/testdrive/index.php(13): CApplication->run()
#5 {main}
REQUEST_URI=/yii1-dev/testdrive/index.php?r=tes/cupdate&id=1
HTTP_REFERER=http://localhost/yii1-dev/testdrive/index.php?r=tes
---
2017/10/09 17:44:44 [error] [exception.CHttpException.404] CHttpException: The system is unable to find the requested action "cupdate". in /var/www/yii1-dev/framework/web/CController.php:486
Stack trace:
#0 /var/www/yii1-dev/framework/web/CController.php(270): CController->missingAction('cupdate')
#1 /var/www/yii1-dev/framework/web/CWebApplication.php(282): CController->run('cupdate')
#2 /var/www/yii1-dev/framework/web/CWebApplication.php(141): CWebApplication->runController('tes/cupdate')
#3 /var/www/yii1-dev/framework/base/CApplication.php(185): CWebApplication->processRequest()
#4 /var/www/yii1-dev/testdrive/index.php(13): CApplication->run()
#5 {main}
REQUEST_URI=/yii1-dev/testdrive/index.php?r=tes/cupdate&id=1
HTTP_REFERER=http://localhost/yii1-dev/testdrive/index.php?r=tes
---
